2024-07-18 12:54:07.796 [info] Log level: Info
2024-07-18 12:54:07.796 [info] Validating found git in: "git"
2024-07-18 12:54:07.796 [info] Using git "2.34.1" from "git"
2024-07-18 12:54:07.796 [info] > git rev-parse --show-toplevel [138ms]
2024-07-18 12:54:07.796 [info] > git rev-parse --show-toplevel [26ms]
2024-07-18 12:54:07.820 [info] > git rev-parse --git-dir --git-common-dir [28ms]
2024-07-18 12:54:07.928 [info] Open repository: /home/ian5999/jantjesburger/JB
2024-07-18 12:54:08.039 [info] > git config --get commit.template [50ms]
2024-07-18 12:54:08.230 [info] > git for-each-ref --format=%(refname)%00%(upstream:short)%00%(objectname)%00%(upstream:track)%00%(upstream:remotename)%00%(upstream:remoteref) refs/heads/main refs/remotes/main [153ms]
2024-07-18 12:54:08.335 [warning] ENOENT: no such file or directory, open '/home/ian5999/jantjesburger/JB/.git/refs/remotes/origin/main'
2024-07-18 12:54:08.590 [info] > git rev-parse refs/remotes/origin/main [256ms]
2024-07-18 12:54:08.719 [info] > git status -z -uall [102ms]
2024-07-18 12:54:08.720 [info] > git check-ignore -v -z --stdin [68ms]
2024-07-18 12:54:08.730 [info] > git show --textconv :tailwind.config.js [48ms]
2024-07-18 12:54:08.797 [info] > git ls-files --stage -- /home/ian5999/jantjesburger/JB/tailwind.config.js [80ms]
2024-07-18 12:54:08.839 [info] > git config --get commit.template [48ms]
2024-07-18 12:54:08.858 [info] > git cat-file -s e5b64f308c4ea9eb7826f0d34441b90cb58e6c5b [39ms]
2024-07-18 12:54:08.943 [info] > git for-each-ref --format=%(refname)%00%(upstream:short)%00%(objectname)%00%(upstream:track)%00%(upstream:remotename)%00%(upstream:remoteref) refs/heads/main refs/remotes/main [22ms]
2024-07-18 12:54:08.980 [warning] ENOENT: no such file or directory, open '/home/ian5999/jantjesburger/JB/.git/refs/remotes/origin/main'
2024-07-18 12:54:08.986 [info] > git rev-parse refs/remotes/origin/main [6ms]
2024-07-18 12:54:09.329 [info] > git status -z -uall [299ms]
2024-07-18 12:54:09.395 [info] > git ls-files --stage -- /home/ian5999/jantjesburger/JB/tailwind.config.js [6ms]
2024-07-18 12:54:09.488 [info] > git cat-file -s e5b64f308c4ea9eb7826f0d34441b90cb58e6c5b [64ms]
2024-07-18 12:54:09.551 [info] > git show --textconv :tailwind.config.js [28ms]
2024-07-18 12:54:09.704 [info] > git fetch [1779ms]
2024-07-18 12:54:09.704 [info] Missing or invalid credentials.
Skip silent fetch commands
Missing or invalid credentials.
Skip silent fetch commands
remote: Repository not found.
fatal: Authentication failed for 'https://github.com/jsaropy/JB.git/'
2024-07-18 12:54:09.763 [info] > git config --get commit.template [37ms]
2024-07-18 12:54:09.800 [info] > git for-each-ref --format=%(refname)%00%(upstream:short)%00%(objectname)%00%(upstream:track)%00%(upstream:remotename)%00%(upstream:remoteref) refs/heads/main refs/remotes/main [17ms]
2024-07-18 12:54:09.818 [warning] ENOENT: no such file or directory, open '/home/ian5999/jantjesburger/JB/.git/refs/remotes/origin/main'
2024-07-18 12:54:09.825 [info] > git rev-parse refs/remotes/origin/main [8ms]
2024-07-18 12:54:09.862 [info] > git status -z -uall [18ms]
