2024-01-31 16:49:55.534 [info] Log level: Info
2024-01-31 16:49:55.534 [info] Validating found git in: "git"
2024-01-31 16:49:55.534 [info] Using git "2.34.1" from "git"
2024-01-31 16:49:55.534 [info] > git rev-parse --show-toplevel [26ms]
2024-01-31 16:49:55.534 [info] > git rev-parse --git-dir --git-common-dir [8ms]
2024-01-31 16:49:55.534 [info] Open repository: /home/ian5999/Meetingroom
2024-01-31 16:49:55.534 [info] > git rev-parse --show-toplevel [4ms]
2024-01-31 16:49:55.534 [info] > git config --get commit.template [24ms]
2024-01-31 16:49:55.565 [info] > git rev-parse --show-toplevel [12ms]
2024-01-31 16:49:55.569 [info] > git for-each-ref --format=%(refname)%00%(upstream:short)%00%(objectname)%00%(upstream:track)%00%(upstream:remotename)%00%(upstream:remoteref) refs/heads/top refs/remotes/top [7ms]
2024-01-31 16:49:55.684 [info] > git status -z -uall [100ms]
2024-01-31 16:49:55.709 [info] > git config --get commit.template [3ms]
2024-01-31 16:49:55.716 [info] > git for-each-ref --format=%(refname)%00%(upstream:short)%00%(objectname)%00%(upstream:track)%00%(upstream:remotename)%00%(upstream:remoteref) refs/heads/top refs/remotes/top [0ms]
2024-01-31 16:49:55.729 [info] > git status -z -uall [6ms]
2024-01-31 16:49:57.843 [info] > git check-ignore -v -z --stdin [837ms]
2024-01-31 16:49:57.850 [info] > git fetch [2394ms]
2024-01-31 16:49:58.163 [info] > git show --textconv :tailwind.config.js [285ms]
2024-01-31 16:49:58.164 [info] > git config --get commit.template [170ms]
2024-01-31 16:49:58.164 [info] > git ls-files --stage -- /home/ian5999/Meetingroom/tailwind.config.js [272ms]
2024-01-31 16:49:58.269 [info] > git cat-file -s a9fd7b89abd0765029fa6778921a6a4e50b9e3ef [77ms]
2024-01-31 16:49:58.269 [info] > git log --format=%H%n%aN%n%aE%n%at%n%ct%n%P%n%D%n%B -z -n120 -- /home/ian5999/Meetingroom/tailwind.config.js [143ms]
2024-01-31 16:49:58.498 [info] > git log --format=%H%n%aN%n%aE%n%at%n%ct%n%P%n%D%n%B -z -n120 -- /home/ian5999/Meetingroom/src/facebook.png [387ms]
2024-01-31 16:49:58.525 [info] > git for-each-ref --format=%(refname)%00%(upstream:short)%00%(objectname)%00%(upstream:track)%00%(upstream:remotename)%00%(upstream:remoteref) refs/heads/top refs/remotes/top [3ms]
2024-01-31 16:49:58.576 [info] > git status -z -uall [31ms]
2024-01-31 16:49:58.824 [info] > git ls-files --stage -- /home/ian5999/Meetingroom/tailwind.config.js [7ms]
2024-01-31 16:49:58.844 [info] > git cat-file -s a9fd7b89abd0765029fa6778921a6a4e50b9e3ef [4ms]
2024-01-31 16:49:58.882 [info] > git show --textconv :tailwind.config.js [4ms]
2024-01-31 16:49:59.116 [info] > git rev-list --count 8ee015df2534a5f34446a422442546e80b18e7e1.. -- /home/ian5999/Meetingroom/tailwind.config.js [10ms]
2024-01-31 16:49:59.130 [info] > git log --format=%H%n%aN%n%aE%n%at%n%ct%n%P%n%D%n%B -z -n3 -- /home/ian5999/Meetingroom/tailwind.config.js [3ms]
2024-01-31 16:50:15.157 [info] > git show --textconv :src/home.html [25ms]
2024-01-31 16:50:15.158 [info] > git ls-files --stage -- /home/ian5999/Meetingroom/src/home.html [6ms]
2024-01-31 16:50:15.195 [info] > git cat-file -s 8fb66049af6bf8ae567ec96248c194f603962ea2 [4ms]
2024-01-31 16:50:49.028 [info] > git config --get commit.template [2ms]
2024-01-31 16:50:49.038 [info] > git for-each-ref --format=%(refname)%00%(upstream:short)%00%(objectname)%00%(upstream:track)%00%(upstream:remotename)%00%(upstream:remoteref) refs/heads/top refs/remotes/top [2ms]
2024-01-31 16:50:49.061 [info] > git status -z -uall [16ms]
2024-01-31 16:50:49.129 [info] > git ls-files --stage -- /home/ian5999/Meetingroom/src/home.html [2ms]
2024-01-31 16:50:49.139 [info] > git cat-file -s 8fb66049af6bf8ae567ec96248c194f603962ea2 [2ms]
2024-01-31 16:50:49.159 [info] > git show --textconv :src/home.html [2ms]
2024-01-31 16:50:50.465 [info] > git ls-files --stage -- /home/ian5999/Meetingroom/src/home.html [2ms]
2024-01-31 16:50:50.471 [info] > git cat-file -s 8fb66049af6bf8ae567ec96248c194f603962ea2 [1ms]
2024-01-31 16:50:50.484 [info] > git show --textconv :src/home.html [1ms]
2024-01-31 16:50:54.089 [info] > git config --get commit.template [3ms]
2024-01-31 16:50:54.101 [info] > git for-each-ref --format=%(refname)%00%(upstream:short)%00%(objectname)%00%(upstream:track)%00%(upstream:remotename)%00%(upstream:remoteref) refs/heads/top refs/remotes/top [2ms]
2024-01-31 16:50:54.135 [info] > git status -z -uall [17ms]
2024-01-31 16:52:48.951 [info] > git config --get commit.template [1ms]
2024-01-31 16:52:48.968 [info] > git for-each-ref --format=%(refname)%00%(upstream:short)%00%(objectname)%00%(upstream:track)%00%(upstream:remotename)%00%(upstream:remoteref) refs/heads/top refs/remotes/top [3ms]
2024-01-31 16:52:49.033 [info] > git status -z -uall [43ms]
2024-01-31 16:52:49.062 [info] > git ls-files --stage -- /home/ian5999/Meetingroom/src/home.html [2ms]
2024-01-31 16:52:49.071 [info] > git cat-file -s 8fb66049af6bf8ae567ec96248c194f603962ea2 [2ms]
2024-01-31 16:52:49.088 [info] > git show --textconv :src/home.html [4ms]
2024-01-31 16:52:50.523 [info] > git ls-files --stage -- /home/ian5999/Meetingroom/src/home.html [2ms]
2024-01-31 16:52:50.532 [info] > git cat-file -s 8fb66049af6bf8ae567ec96248c194f603962ea2 [2ms]
2024-01-31 16:52:50.546 [info] > git show --textconv :src/home.html [3ms]
2024-01-31 16:52:54.046 [info] > git config --get commit.template [1ms]
2024-01-31 16:52:54.052 [info] > git for-each-ref --format=%(refname)%00%(upstream:short)%00%(objectname)%00%(upstream:track)%00%(upstream:remotename)%00%(upstream:remoteref) refs/heads/top refs/remotes/top [0ms]
2024-01-31 16:52:54.073 [info] > git status -z -uall [7ms]
2024-01-31 16:52:59.800 [info] > git ls-files --stage -- /home/ian5999/Meetingroom/src/home.html [2ms]
2024-01-31 16:52:59.808 [info] > git cat-file -s 8fb66049af6bf8ae567ec96248c194f603962ea2 [2ms]
2024-01-31 16:52:59.836 [info] > git show --textconv :src/home.html [2ms]
2024-01-31 16:53:00.259 [info] > git fetch [1664ms]
2024-01-31 16:53:00.269 [info] > git config --get commit.template [1ms]
2024-01-31 16:53:00.276 [info] > git for-each-ref --format=%(refname)%00%(upstream:short)%00%(objectname)%00%(upstream:track)%00%(upstream:remotename)%00%(upstream:remoteref) refs/heads/top refs/remotes/top [1ms]
2024-01-31 16:53:00.308 [info] > git status -z -uall [7ms]
2024-01-31 16:53:01.327 [info] > git ls-files --stage -- /home/ian5999/Meetingroom/src/home.html [1ms]
2024-01-31 16:53:01.335 [info] > git cat-file -s 8fb66049af6bf8ae567ec96248c194f603962ea2 [1ms]
2024-01-31 16:53:01.351 [info] > git show --textconv :src/home.html [3ms]
2024-01-31 16:53:43.197 [info] > git config --get commit.template [2ms]
2024-01-31 16:53:43.205 [info] > git for-each-ref --format=%(refname)%00%(upstream:short)%00%(objectname)%00%(upstream:track)%00%(upstream:remotename)%00%(upstream:remoteref) refs/heads/top refs/remotes/top [1ms]
2024-01-31 16:53:43.223 [info] > git status -z -uall [7ms]
2024-01-31 16:53:43.302 [info] > git ls-files --stage -- /home/ian5999/Meetingroom/src/home.html [4ms]
2024-01-31 16:53:43.308 [info] > git cat-file -s 8fb66049af6bf8ae567ec96248c194f603962ea2 [1ms]
2024-01-31 16:53:43.328 [info] > git show --textconv :src/home.html [1ms]
2024-01-31 16:53:48.156 [info] > git push -u origin top [1398ms]
2024-01-31 16:53:48.156 [info] To github.com:jsaropy/Meetingroom.git
 ! [rejected]        top -> top (non-fast-forward)
error: failed to push some refs to 'github.com:jsaropy/Meetingroom.git'
hint: Updates were rejected because the tip of your current branch is behind
hint: its remote counterpart. Integrate the remote changes (e.g.
hint: 'git pull ...') before pushing again.
hint: See the 'Note about fast-forwards' in 'git push --help' for details.
2024-01-31 16:53:48.184 [info] > git config --get commit.template [4ms]
2024-01-31 16:53:48.193 [info] > git for-each-ref --format=%(refname)%00%(upstream:short)%00%(objectname)%00%(upstream:track)%00%(upstream:remotename)%00%(upstream:remoteref) refs/heads/top refs/remotes/top [1ms]
2024-01-31 16:53:48.219 [info] > git status -z -uall [20ms]
2024-01-31 16:53:58.399 [info] > git config --get commit.template [1ms]
2024-01-31 16:53:58.408 [info] > git for-each-ref --format=%(refname)%00%(upstream:short)%00%(objectname)%00%(upstream:track)%00%(upstream:remotename)%00%(upstream:remoteref) refs/heads/top refs/remotes/top [1ms]
2024-01-31 16:53:58.421 [info] > git status -z -uall [6ms]
2024-01-31 16:53:58.500 [info] > git ls-files --stage -- /home/ian5999/Meetingroom/src/home.html [1ms]
2024-01-31 16:53:58.508 [info] > git cat-file -s 8fb66049af6bf8ae567ec96248c194f603962ea2 [1ms]
2024-01-31 16:53:58.522 [info] > git show --textconv :src/home.html [2ms]
2024-01-31 16:53:59.935 [info] > git ls-files --stage -- /home/ian5999/Meetingroom/src/home.html [2ms]
2024-01-31 16:53:59.943 [info] > git cat-file -s 8fb66049af6bf8ae567ec96248c194f603962ea2 [2ms]
2024-01-31 16:53:59.955 [info] > git show --textconv :src/home.html [1ms]
2024-01-31 16:54:03.442 [info] > git config --get commit.template [8ms]
2024-01-31 16:54:03.443 [info] > git for-each-ref --format=%(refname)%00%(upstream:short)%00%(objectname)%00%(upstream:track)%00%(upstream:remotename)%00%(upstream:remoteref) refs/heads/top refs/remotes/top [2ms]
2024-01-31 16:54:03.457 [info] > git status -z -uall [7ms]
2024-01-31 16:54:27.081 [info] > git config --get commit.template [1ms]
2024-01-31 16:54:27.096 [info] > git for-each-ref --format=%(refname)%00%(upstream:short)%00%(objectname)%00%(upstream:track)%00%(upstream:remotename)%00%(upstream:remoteref) refs/heads/top refs/remotes/top [8ms]
2024-01-31 16:54:27.113 [info] > git status -z -uall [8ms]
2024-01-31 16:54:27.189 [info] > git ls-files --stage -- /home/ian5999/Meetingroom/src/home.html [2ms]
2024-01-31 16:54:27.199 [info] > git cat-file -s 8fb66049af6bf8ae567ec96248c194f603962ea2 [2ms]
2024-01-31 16:54:27.216 [info] > git show --textconv :src/home.html [2ms]
2024-01-31 16:54:35.015 [info] > git config --get commit.template [1ms]
2024-01-31 16:54:35.024 [info] > git for-each-ref --format=%(refname)%00%(upstream:short)%00%(objectname)%00%(upstream:track)%00%(upstream:remotename)%00%(upstream:remoteref) refs/heads/top refs/remotes/top [2ms]
2024-01-31 16:54:35.042 [info] > git status -z -uall [7ms]
2024-01-31 16:54:35.120 [info] > git ls-files --stage -- /home/ian5999/Meetingroom/src/home.html [3ms]
2024-01-31 16:54:35.141 [info] > git cat-file -s 8fb66049af6bf8ae567ec96248c194f603962ea2 [1ms]
2024-01-31 16:54:35.172 [info] > git show --textconv :src/home.html [2ms]
2024-01-31 16:54:36.780 [info] > git check-ignore -v -z --stdin [2ms]
2024-01-31 16:54:36.905 [info] > git ls-files --stage -- /home/ian5999/Meetingroom/src/home.html [1ms]
2024-01-31 16:54:36.914 [info] > git cat-file -s 569e9b855eb8a52a36e687ad559b8edc4da4d18e [2ms]
2024-01-31 16:54:36.931 [info] > git show --textconv :src/home.html [3ms]
2024-01-31 16:54:40.059 [info] > git for-each-ref --format=%(refname)%00%(upstream:short)%00%(objectname)%00%(upstream:track)%00%(upstream:remotename)%00%(upstream:remoteref) refs/heads/top refs/remotes/top [1ms]
2024-01-31 16:54:40.076 [info] > git status -z -uall [9ms]
2024-01-31 16:56:43.585 [info] > git ls-files --stage -- /home/ian5999/Meetingroom/src/home.html [1ms]
2024-01-31 16:56:43.595 [info] > git cat-file -s 569e9b855eb8a52a36e687ad559b8edc4da4d18e [1ms]
2024-01-31 16:56:43.627 [info] > git show --textconv :src/home.html [2ms]
2024-01-31 16:56:43.791 [info] > git fetch [1505ms]
2024-01-31 16:56:43.804 [info] > git for-each-ref --format=%(refname)%00%(upstream:short)%00%(objectname)%00%(upstream:track)%00%(upstream:remotename)%00%(upstream:remoteref) refs/heads/top refs/remotes/top [2ms]
2024-01-31 16:56:43.826 [info] > git status -z -uall [10ms]
2024-01-31 16:56:44.890 [info] > git ls-files --stage -- /home/ian5999/Meetingroom/src/home.html [2ms]
2024-01-31 16:56:44.898 [info] > git cat-file -s 569e9b855eb8a52a36e687ad559b8edc4da4d18e [2ms]
2024-01-31 16:56:44.917 [info] > git show --textconv :src/home.html [2ms]
2024-01-31 16:56:48.499 [info] > git for-each-ref --format=%(refname)%00%(upstream:short)%00%(objectname)%00%(upstream:track)%00%(upstream:remotename)%00%(upstream:remoteref) refs/heads/top refs/remotes/top [2ms]
2024-01-31 16:56:48.524 [info] > git status -z -uall [12ms]
2024-01-31 16:57:05.143 [info] > git for-each-ref --format=%(refname)%00%(upstream:short)%00%(objectname)%00%(upstream:track)%00%(upstream:remotename)%00%(upstream:remoteref) refs/heads/top refs/remotes/top [3ms]
2024-01-31 16:57:05.160 [info] > git status -z -uall [7ms]
2024-01-31 16:57:14.795 [info] > git for-each-ref --format=%(refname)%00%(upstream:short)%00%(objectname)%00%(upstream:track)%00%(upstream:remotename)%00%(upstream:remoteref) refs/heads/top refs/remotes/top [2ms]
2024-01-31 16:57:14.808 [info] > git status -z -uall [6ms]
2024-01-31 16:57:30.296 [info] > git for-each-ref --format=%(refname)%00%(upstream:short)%00%(objectname)%00%(upstream:track)%00%(upstream:remotename)%00%(upstream:remoteref) refs/heads/top refs/remotes/top [1ms]
2024-01-31 16:57:30.310 [info] > git status -z -uall [6ms]
2024-01-31 16:57:36.736 [info] > git for-each-ref --format=%(refname)%00%(upstream:short)%00%(objectname)%00%(upstream:track)%00%(upstream:remotename)%00%(upstream:remoteref) refs/heads/top refs/remotes/top [2ms]
2024-01-31 16:57:36.753 [info] > git status -z -uall [9ms]
2024-01-31 16:57:42.089 [info] > git for-each-ref --format=%(refname)%00%(upstream:short)%00%(objectname)%00%(upstream:track)%00%(upstream:remotename)%00%(upstream:remoteref) refs/heads/top refs/remotes/top [2ms]
2024-01-31 16:57:42.104 [info] > git status -z -uall [6ms]
2024-01-31 16:57:48.833 [info] > git for-each-ref --format=%(refname)%00%(upstream:short)%00%(objectname)%00%(upstream:track)%00%(upstream:remotename)%00%(upstream:remoteref) refs/heads/top refs/remotes/top [3ms]
2024-01-31 16:57:48.849 [info] > git status -z -uall [6ms]
2024-01-31 16:57:53.865 [info] > git for-each-ref --format=%(refname)%00%(upstream:short)%00%(objectname)%00%(upstream:track)%00%(upstream:remotename)%00%(upstream:remoteref) refs/heads/top refs/remotes/top [2ms]
2024-01-31 16:57:53.883 [info] > git status -z -uall [7ms]
2024-01-31 16:58:44.891 [info] > git for-each-ref --format=%(refname)%00%(upstream:short)%00%(objectname)%00%(upstream:track)%00%(upstream:remotename)%00%(upstream:remoteref) refs/heads/top refs/remotes/top [2ms]
2024-01-31 16:58:44.907 [info] > git status -z -uall [7ms]
2024-01-31 16:58:45.244 [info] > git show --textconv :home.css [7ms]
2024-01-31 16:58:45.245 [info] > git ls-files --stage -- /home/ian5999/Meetingroom/home.css [3ms]
2024-01-31 16:58:45.253 [info] > git cat-file -s 1469f47b88a4475e8e343bc6c5fa987f6d4fbc86 [2ms]
2024-01-31 16:59:45.038 [info] > git ls-files --stage -- /home/ian5999/Meetingroom/home.css [1ms]
2024-01-31 16:59:45.045 [info] > git cat-file -s 1469f47b88a4475e8e343bc6c5fa987f6d4fbc86 [0ms]
2024-01-31 16:59:45.063 [info] > git show --textconv :home.css [4ms]
2024-01-31 16:59:45.460 [info] > git fetch [1619ms]
2024-01-31 16:59:45.472 [info] > git for-each-ref --format=%(refname)%00%(upstream:short)%00%(objectname)%00%(upstream:track)%00%(upstream:remotename)%00%(upstream:remoteref) refs/heads/top refs/remotes/top [1ms]
2024-01-31 16:59:45.487 [info] > git status -z -uall [7ms]
2024-01-31 16:59:46.538 [info] > git ls-files --stage -- /home/ian5999/Meetingroom/home.css [2ms]
2024-01-31 16:59:46.546 [info] > git cat-file -s 1469f47b88a4475e8e343bc6c5fa987f6d4fbc86 [2ms]
2024-01-31 16:59:46.595 [info] > git show --textconv :home.css [2ms]
2024-01-31 16:59:50.800 [info] > git config --get commit.template [1ms]
2024-01-31 16:59:50.809 [info] > git for-each-ref --format=%(refname)%00%(upstream:short)%00%(objectname)%00%(upstream:track)%00%(upstream:remotename)%00%(upstream:remoteref) refs/heads/top refs/remotes/top [2ms]
2024-01-31 16:59:50.824 [info] > git status -z -uall [6ms]
2024-01-31 16:59:50.903 [info] > git ls-files --stage -- /home/ian5999/Meetingroom/home.css [1ms]
2024-01-31 16:59:50.910 [info] > git cat-file -s 1469f47b88a4475e8e343bc6c5fa987f6d4fbc86 [1ms]
2024-01-31 16:59:50.924 [info] > git show --textconv :home.css [1ms]
2024-01-31 17:00:05.576 [info] > git config --get commit.template [2ms]
2024-01-31 17:00:05.589 [info] > git for-each-ref --format=%(refname)%00%(upstream:short)%00%(objectname)%00%(upstream:track)%00%(upstream:remotename)%00%(upstream:remoteref) refs/heads/top refs/remotes/top [1ms]
2024-01-31 17:00:05.609 [info] > git status -z -uall [10ms]
2024-01-31 17:00:05.680 [info] > git ls-files --stage -- /home/ian5999/Meetingroom/home.css [1ms]
2024-01-31 17:00:05.690 [info] > git cat-file -s 1469f47b88a4475e8e343bc6c5fa987f6d4fbc86 [1ms]
2024-01-31 17:00:05.705 [info] > git show --textconv :home.css [2ms]
2024-01-31 17:02:55.789 [info] > git ls-files --stage -- /home/ian5999/Meetingroom/home.css [1ms]
2024-01-31 17:02:55.798 [info] > git cat-file -s 1469f47b88a4475e8e343bc6c5fa987f6d4fbc86 [1ms]
2024-01-31 17:02:55.823 [info] > git show --textconv :home.css [3ms]
2024-01-31 17:02:56.118 [info] > git fetch [1538ms]
2024-01-31 17:02:56.141 [info] > git config --get commit.template [11ms]
2024-01-31 17:02:56.142 [info] > git for-each-ref --format=%(refname)%00%(upstream:short)%00%(objectname)%00%(upstream:track)%00%(upstream:remotename)%00%(upstream:remoteref) refs/heads/top refs/remotes/top [2ms]
2024-01-31 17:02:56.165 [info] > git status -z -uall [15ms]
2024-01-31 17:02:57.191 [info] > git ls-files --stage -- /home/ian5999/Meetingroom/home.css [1ms]
2024-01-31 17:02:57.200 [info] > git cat-file -s 1469f47b88a4475e8e343bc6c5fa987f6d4fbc86 [2ms]
2024-01-31 17:02:57.213 [info] > git show --textconv :home.css [2ms]
2024-01-31 17:02:59.287 [info] > git show --textconv :src/home.html [11ms]
2024-01-31 17:02:59.288 [info] > git ls-files --stage -- /home/ian5999/Meetingroom/src/home.html [4ms]
2024-01-31 17:02:59.301 [info] > git cat-file -s 33aab3527ec41a22783f2ed398a9130f9419a3d3 [2ms]
2024-01-31 17:03:47.818 [info] > git config --get commit.template [9ms]
2024-01-31 17:03:47.818 [info] > git for-each-ref --format=%(refname)%00%(upstream:short)%00%(objectname)%00%(upstream:track)%00%(upstream:remotename)%00%(upstream:remoteref) refs/heads/top refs/remotes/top [2ms]
2024-01-31 17:03:47.835 [info] > git status -z -uall [9ms]
2024-01-31 17:04:04.238 [info] > git config --get commit.template [1ms]
2024-01-31 17:04:04.248 [info] > git for-each-ref --format=%(refname)%00%(upstream:short)%00%(objectname)%00%(upstream:track)%00%(upstream:remotename)%00%(upstream:remoteref) refs/heads/top refs/remotes/top [1ms]
2024-01-31 17:04:04.263 [info] > git status -z -uall [6ms]
2024-01-31 17:05:57.377 [info] > git ls-files --stage -- /home/ian5999/Meetingroom/src/home.html [1ms]
2024-01-31 17:05:57.385 [info] > git cat-file -s 33aab3527ec41a22783f2ed398a9130f9419a3d3 [1ms]
2024-01-31 17:05:57.400 [info] > git show --textconv :src/home.html [3ms]
2024-01-31 17:05:57.721 [info] > git fetch [1543ms]
2024-01-31 17:05:57.730 [info] > git config --get commit.template [1ms]
2024-01-31 17:05:57.738 [info] > git for-each-ref --format=%(refname)%00%(upstream:short)%00%(objectname)%00%(upstream:track)%00%(upstream:remotename)%00%(upstream:remoteref) refs/heads/top refs/remotes/top [1ms]
2024-01-31 17:05:57.753 [info] > git status -z -uall [6ms]
2024-01-31 17:05:58.802 [info] > git ls-files --stage -- /home/ian5999/Meetingroom/src/home.html [1ms]
2024-01-31 17:05:58.811 [info] > git cat-file -s 33aab3527ec41a22783f2ed398a9130f9419a3d3 [1ms]
2024-01-31 17:05:58.825 [info] > git show --textconv :src/home.html [2ms]
2024-01-31 17:06:09.135 [info] > git show --textconv :src/home.css [8ms]
2024-01-31 17:06:09.136 [info] > git ls-files --stage -- /home/ian5999/Meetingroom/src/home.css [2ms]
2024-01-31 17:06:09.144 [info] > git cat-file -s cb5ac2695c97228998475437a91fdfea55d503fd [1ms]
2024-01-31 17:06:19.084 [info] > git show --textconv :home.css [8ms]
2024-01-31 17:06:19.085 [info] > git ls-files --stage -- /home/ian5999/Meetingroom/home.css [1ms]
2024-01-31 17:06:19.094 [info] > git cat-file -s 1469f47b88a4475e8e343bc6c5fa987f6d4fbc86 [0ms]
2024-01-31 17:06:23.905 [info] > git show --textconv :src/home.css [12ms]
2024-01-31 17:06:23.908 [info] > git ls-files --stage -- /home/ian5999/Meetingroom/src/home.css [5ms]
2024-01-31 17:06:23.920 [info] > git cat-file -s cb5ac2695c97228998475437a91fdfea55d503fd [3ms]
2024-01-31 17:06:28.244 [info] > git show --textconv :src/home.html [7ms]
2024-01-31 17:06:28.245 [info] > git ls-files --stage -- /home/ian5999/Meetingroom/src/home.html [1ms]
2024-01-31 17:06:28.254 [info] > git cat-file -s 33aab3527ec41a22783f2ed398a9130f9419a3d3 [3ms]
2024-01-31 17:06:40.093 [info] > git show --textconv :src/home.js [19ms]
2024-01-31 17:06:40.094 [info] > git ls-files --stage -- /home/ian5999/Meetingroom/src/home.js [9ms]
2024-01-31 17:06:40.106 [info] > git cat-file -s fb2adba69317a457f0adb9c026ee3cd124896548 [3ms]
2024-01-31 17:06:43.896 [info] > git show --textconv :src/home.html [12ms]
2024-01-31 17:06:43.898 [info] > git ls-files --stage -- /home/ian5999/Meetingroom/src/home.html [4ms]
2024-01-31 17:06:43.908 [info] > git cat-file -s 33aab3527ec41a22783f2ed398a9130f9419a3d3 [1ms]
2024-01-31 17:06:53.810 [info] > git show --textconv :home.css [14ms]
2024-01-31 17:06:53.811 [info] > git ls-files --stage -- /home/ian5999/Meetingroom/home.css [4ms]
2024-01-31 17:06:53.822 [info] > git cat-file -s 1469f47b88a4475e8e343bc6c5fa987f6d4fbc86 [3ms]
2024-01-31 17:07:20.160 [info] > git show --textconv :src/home.html [14ms]
2024-01-31 17:07:20.161 [info] > git ls-files --stage -- /home/ian5999/Meetingroom/src/home.html [3ms]
2024-01-31 17:07:20.174 [info] > git cat-file -s 33aab3527ec41a22783f2ed398a9130f9419a3d3 [2ms]
2024-01-31 17:07:57.523 [info] > git show --textconv :src/home.js [15ms]
2024-01-31 17:07:57.523 [info] > git ls-files --stage -- /home/ian5999/Meetingroom/src/home.js [3ms]
2024-01-31 17:07:57.556 [info] > git cat-file -s fb2adba69317a457f0adb9c026ee3cd124896548 [3ms]
2024-01-31 17:08:02.987 [info] > git config --get commit.template [1ms]
2024-01-31 17:08:02.998 [info] > git for-each-ref --format=%(refname)%00%(upstream:short)%00%(objectname)%00%(upstream:track)%00%(upstream:remotename)%00%(upstream:remoteref) refs/heads/top refs/remotes/top [1ms]
2024-01-31 17:08:03.040 [info] > git status -z -uall [19ms]
2024-01-31 17:08:08.595 [info] > git show --textconv :src/home.html [16ms]
2024-01-31 17:08:08.597 [info] > git ls-files --stage -- /home/ian5999/Meetingroom/src/home.html [3ms]
2024-01-31 17:08:08.610 [info] > git cat-file -s 33aab3527ec41a22783f2ed398a9130f9419a3d3 [5ms]
2024-01-31 17:08:26.150 [info] > git config --get commit.template [1ms]
2024-01-31 17:08:26.165 [info] > git for-each-ref --format=%(refname)%00%(upstream:short)%00%(objectname)%00%(upstream:track)%00%(upstream:remotename)%00%(upstream:remoteref) refs/heads/top refs/remotes/top [1ms]
2024-01-31 17:08:26.190 [info] > git status -z -uall [9ms]
2024-01-31 17:08:31.207 [info] > git config --get commit.template [0ms]
2024-01-31 17:08:31.217 [info] > git for-each-ref --format=%(refname)%00%(upstream:short)%00%(objectname)%00%(upstream:track)%00%(upstream:remotename)%00%(upstream:remoteref) refs/heads/top refs/remotes/top [1ms]
2024-01-31 17:08:31.233 [info] > git status -z -uall [8ms]
2024-01-31 17:08:58.963 [info] > git ls-files --stage -- /home/ian5999/Meetingroom/src/home.html [2ms]
2024-01-31 17:08:58.972 [info] > git cat-file -s 33aab3527ec41a22783f2ed398a9130f9419a3d3 [1ms]
2024-01-31 17:08:58.989 [info] > git show --textconv :src/home.html [2ms]
2024-01-31 17:08:59.279 [info] > git fetch [1514ms]
2024-01-31 17:08:59.298 [info] > git config --get commit.template [10ms]
2024-01-31 17:08:59.298 [info] > git for-each-ref --format=%(refname)%00%(upstream:short)%00%(objectname)%00%(upstream:track)%00%(upstream:remotename)%00%(upstream:remoteref) refs/heads/top refs/remotes/top [2ms]
2024-01-31 17:08:59.316 [info] > git status -z -uall [8ms]
2024-01-31 17:09:00.362 [info] > git ls-files --stage -- /home/ian5999/Meetingroom/src/home.html [1ms]
2024-01-31 17:09:00.370 [info] > git cat-file -s 33aab3527ec41a22783f2ed398a9130f9419a3d3 [1ms]
2024-01-31 17:09:00.382 [info] > git show --textconv :src/home.html [1ms]
2024-01-31 17:09:50.520 [info] > git config --get commit.template [2ms]
2024-01-31 17:09:50.528 [info] > git for-each-ref --format=%(refname)%00%(upstream:short)%00%(objectname)%00%(upstream:track)%00%(upstream:remotename)%00%(upstream:remoteref) refs/heads/top refs/remotes/top [1ms]
2024-01-31 17:09:50.544 [info] > git status -z -uall [8ms]
2024-01-31 17:09:55.610 [info] > git show --textconv :home.css [8ms]
2024-01-31 17:09:55.611 [info] > git ls-files --stage -- /home/ian5999/Meetingroom/home.css [1ms]
2024-01-31 17:09:55.619 [info] > git cat-file -s 1469f47b88a4475e8e343bc6c5fa987f6d4fbc86 [1ms]
2024-01-31 17:10:03.766 [info] > git show --textconv :src/home.js [21ms]
2024-01-31 17:10:03.776 [info] > git ls-files --stage -- /home/ian5999/Meetingroom/src/home.js [15ms]
2024-01-31 17:10:03.789 [info] > git cat-file -s fb2adba69317a457f0adb9c026ee3cd124896548 [2ms]
2024-01-31 17:10:08.112 [info] > git show --textconv :src/home.html [11ms]
2024-01-31 17:10:08.114 [info] > git ls-files --stage -- /home/ian5999/Meetingroom/src/home.html [2ms]
2024-01-31 17:10:08.124 [info] > git cat-file -s 33aab3527ec41a22783f2ed398a9130f9419a3d3 [1ms]
2024-01-31 17:10:54.107 [info] > git show --textconv :output.css [8ms]
2024-01-31 17:10:54.108 [info] > git ls-files --stage -- /home/ian5999/Meetingroom/output.css [2ms]
2024-01-31 17:10:54.117 [info] > git cat-file -s 45da3657b2260354c15596216ed52bd44122dd36 [2ms]
2024-01-31 17:10:55.607 [info] > git show --textconv :src/home.html [14ms]
2024-01-31 17:10:55.612 [info] > git ls-files --stage -- /home/ian5999/Meetingroom/src/home.html [7ms]
2024-01-31 17:10:55.625 [info] > git cat-file -s 33aab3527ec41a22783f2ed398a9130f9419a3d3 [1ms]
2024-01-31 17:10:58.907 [info] > git show --textconv :src/home.html [12ms]
2024-01-31 17:10:58.909 [info] > git ls-files --stage -- /home/ian5999/Meetingroom/src/home.html [4ms]
2024-01-31 17:10:58.917 [info] > git cat-file -s 33aab3527ec41a22783f2ed398a9130f9419a3d3 [0ms]
2024-01-31 17:11:08.153 [info] > git show --textconv :src/home.css [9ms]
2024-01-31 17:11:08.155 [info] > git ls-files --stage -- /home/ian5999/Meetingroom/src/home.css [3ms]
2024-01-31 17:11:08.169 [info] > git cat-file -s cb5ac2695c97228998475437a91fdfea55d503fd [4ms]
2024-01-31 17:11:08.871 [info] > git show --textconv :output.css [7ms]
2024-01-31 17:11:08.873 [info] > git ls-files --stage -- /home/ian5999/Meetingroom/output.css [3ms]
2024-01-31 17:11:08.882 [info] > git cat-file -s 45da3657b2260354c15596216ed52bd44122dd36 [2ms]
2024-01-31 17:14:42.505 [info] > git ls-files --stage -- /home/ian5999/Meetingroom/output.css [1ms]
2024-01-31 17:14:42.515 [info] > git cat-file -s 45da3657b2260354c15596216ed52bd44122dd36 [1ms]
2024-01-31 17:14:42.529 [info] > git show --textconv :output.css [2ms]
2024-01-31 17:14:42.815 [info] > git fetch [1557ms]
2024-01-31 17:14:42.824 [info] > git config --get commit.template [1ms]
2024-01-31 17:14:42.833 [info] > git for-each-ref --format=%(refname)%00%(upstream:short)%00%(objectname)%00%(upstream:track)%00%(upstream:remotename)%00%(upstream:remoteref) refs/heads/top refs/remotes/top [1ms]
2024-01-31 17:14:42.878 [info] > git status -z -uall [37ms]
2024-01-31 17:14:43.838 [info] > git ls-files --stage -- /home/ian5999/Meetingroom/output.css [2ms]
2024-01-31 17:14:43.848 [info] > git cat-file -s 45da3657b2260354c15596216ed52bd44122dd36 [1ms]
2024-01-31 17:14:43.868 [info] > git show --textconv :output.css [3ms]
2024-01-31 17:15:47.028 [info] > git show --textconv :src/home.html [24ms]
2024-01-31 17:15:47.030 [info] > git ls-files --stage -- /home/ian5999/Meetingroom/src/home.html [7ms]
2024-01-31 17:15:47.043 [info] > git cat-file -s 33aab3527ec41a22783f2ed398a9130f9419a3d3 [2ms]
2024-01-31 17:15:56.924 [info] > git config --get commit.template [2ms]
2024-01-31 17:15:56.932 [info] > git for-each-ref --format=%(refname)%00%(upstream:short)%00%(objectname)%00%(upstream:track)%00%(upstream:remotename)%00%(upstream:remoteref) refs/heads/top refs/remotes/top [2ms]
2024-01-31 17:15:56.956 [info] > git status -z -uall [9ms]
2024-01-31 17:15:57.029 [info] > git ls-files --stage -- /home/ian5999/Meetingroom/src/home.html [1ms]
2024-01-31 17:15:57.037 [info] > git cat-file -s 1387a1416c78da9c4abb50415dd3bb2477e36d74 [1ms]
2024-01-31 17:15:57.052 [info] > git show --textconv :src/home.html [2ms]
2024-01-31 17:16:01.342 [info] > git ls-files --stage -- /home/ian5999/Meetingroom/src/home.html [1ms]
2024-01-31 17:16:01.350 [info] > git cat-file -s 1387a1416c78da9c4abb50415dd3bb2477e36d74 [0ms]
2024-01-31 17:16:01.365 [info] > git show --textconv :src/home.html [1ms]
2024-01-31 17:16:01.969 [info] > git config --get commit.template [1ms]
2024-01-31 17:16:01.981 [info] > git for-each-ref --format=%(refname)%00%(upstream:short)%00%(objectname)%00%(upstream:track)%00%(upstream:remotename)%00%(upstream:remoteref) refs/heads/top refs/remotes/top [5ms]
2024-01-31 17:16:02.006 [info] > git status -z -uall [6ms]
2024-01-31 17:16:07.291 [info] > git log --oneline --cherry top...top@{upstream} -- [5ms]
2024-01-31 17:16:08.593 [info] > git ls-files --stage -- /home/ian5999/Meetingroom/src/home.html [1ms]
2024-01-31 17:16:08.602 [info] > git cat-file -s 1387a1416c78da9c4abb50415dd3bb2477e36d74 [1ms]
2024-01-31 17:16:08.620 [info] > git show --textconv :src/home.html [2ms]
2024-01-31 17:16:09.006 [info] > git pull --tags origin top [1700ms]
2024-01-31 17:16:09.006 [info] From github.com:jsaropy/Meetingroom
 * branch            top        -> FETCH_HEAD
2024-01-31 17:16:10.067 [info] > git ls-files --stage -- /home/ian5999/Meetingroom/src/home.html [1ms]
2024-01-31 17:16:10.077 [info] > git cat-file -s 1387a1416c78da9c4abb50415dd3bb2477e36d74 [1ms]
2024-01-31 17:16:10.091 [info] > git show --textconv :src/home.html [2ms]
2024-01-31 17:16:10.778 [info] > git push origin top:top [1757ms]
2024-01-31 17:16:10.778 [info] To github.com:jsaropy/Meetingroom.git
   75615e8..73e188d  top -> top
2024-01-31 17:16:10.789 [info] > git config --get commit.template [1ms]
2024-01-31 17:16:10.799 [info] > git for-each-ref --format=%(refname)%00%(upstream:short)%00%(objectname)%00%(upstream:track)%00%(upstream:remotename)%00%(upstream:remoteref) refs/heads/top refs/remotes/top [2ms]
2024-01-31 17:16:10.813 [info] > git status -z -uall [6ms]
2024-01-31 17:16:11.981 [info] > git config --get commit.template [10ms]
2024-01-31 17:16:11.982 [info] > git for-each-ref --format=%(refname)%00%(upstream:short)%00%(objectname)%00%(upstream:track)%00%(upstream:remotename)%00%(upstream:remoteref) refs/heads/top refs/remotes/top [2ms]
2024-01-31 17:16:12.000 [info] > git status -z -uall [8ms]
2024-01-31 17:16:12.074 [info] > git ls-files --stage -- /home/ian5999/Meetingroom/src/home.html [1ms]
2024-01-31 17:16:12.093 [info] > git cat-file -s 1387a1416c78da9c4abb50415dd3bb2477e36d74 [1ms]
2024-01-31 17:16:12.113 [info] > git show --textconv :src/home.html [3ms]
