2024-01-31 19:12:17.217 [info] Log level: Info
2024-01-31 19:12:17.217 [info] Validating found git in: "git"
2024-01-31 19:12:17.217 [info] Using git "2.34.1" from "git"
2024-01-31 19:12:17.217 [info] > git rev-parse --show-toplevel [26ms]
2024-01-31 19:12:17.275 [info] > git rev-parse --git-dir --git-common-dir [60ms]
2024-01-31 19:12:17.323 [info] Open repository: /home/ian5999/Meetingroom
2024-01-31 19:12:17.411 [info] > git rev-parse --show-toplevel [25ms]
2024-01-31 19:12:17.412 [info] > git config --get commit.template [57ms]
2024-01-31 19:12:17.461 [info] > git rev-parse --show-toplevel [21ms]
2024-01-31 19:12:17.580 [info] > git rev-parse --show-toplevel [22ms]
2024-01-31 19:12:17.593 [info] > git for-each-ref --format=%(refname)%00%(upstream:short)%00%(objectname)%00%(upstream:track)%00%(upstream:remotename)%00%(upstream:remoteref) refs/heads/top refs/remotes/top [135ms]
2024-01-31 19:12:17.812 [info] > git status -z -uall [181ms]
2024-01-31 19:12:18.022 [info] > git show --textconv :src/home.html [122ms]
2024-01-31 19:12:18.023 [info] > git ls-files --stage -- /home/ian5999/Meetingroom/src/home.html [90ms]
2024-01-31 19:12:18.065 [info] > git config --get commit.template [210ms]
2024-01-31 19:12:18.066 [info] > git check-ignore -v -z --stdin [47ms]
2024-01-31 19:12:18.083 [info] > git cat-file -s 1387a1416c78da9c4abb50415dd3bb2477e36d74 [20ms]
2024-01-31 19:12:18.092 [info] > git for-each-ref --format=%(refname)%00%(upstream:short)%00%(objectname)%00%(upstream:track)%00%(upstream:remotename)%00%(upstream:remoteref) refs/heads/top refs/remotes/top [11ms]
2024-01-31 19:12:18.131 [info] > git status -z -uall [10ms]
2024-01-31 19:12:18.906 [info] > git ls-files --stage -- /home/ian5999/Meetingroom/src/home.html [14ms]
2024-01-31 19:12:18.931 [info] > git cat-file -s 1387a1416c78da9c4abb50415dd3bb2477e36d74 [3ms]
2024-01-31 19:12:18.980 [info] > git show --textconv :src/home.html [9ms]
2024-01-31 19:12:19.516 [info] > git fetch [2195ms]
2024-01-31 19:12:19.544 [info] > git config --get commit.template [11ms]
2024-01-31 19:12:19.545 [info] > git for-each-ref --format=%(refname)%00%(upstream:short)%00%(objectname)%00%(upstream:track)%00%(upstream:remotename)%00%(upstream:remoteref) refs/heads/top refs/remotes/top [2ms]
2024-01-31 19:12:19.578 [info] > git status -z -uall [21ms]
2024-01-31 19:12:20.583 [info] > git ls-files --stage -- /home/ian5999/Meetingroom/src/home.html [2ms]
2024-01-31 19:12:20.595 [info] > git cat-file -s 1387a1416c78da9c4abb50415dd3bb2477e36d74 [1ms]
2024-01-31 19:12:20.613 [info] > git show --textconv :src/home.html [2ms]
2024-01-31 19:15:20.794 [info] > git ls-files --stage -- /home/ian5999/Meetingroom/src/home.html [2ms]
2024-01-31 19:15:20.802 [info] > git cat-file -s 1387a1416c78da9c4abb50415dd3bb2477e36d74 [2ms]
2024-01-31 19:15:20.817 [info] > git show --textconv :src/home.html [2ms]
2024-01-31 19:15:21.033 [info] > git fetch [1439ms]
2024-01-31 19:15:21.044 [info] > git config --get commit.template [1ms]
2024-01-31 19:15:21.052 [info] > git for-each-ref --format=%(refname)%00%(upstream:short)%00%(objectname)%00%(upstream:track)%00%(upstream:remotename)%00%(upstream:remoteref) refs/heads/top refs/remotes/top [1ms]
2024-01-31 19:15:21.067 [info] > git status -z -uall [8ms]
2024-01-31 19:15:22.121 [info] > git ls-files --stage -- /home/ian5999/Meetingroom/src/home.html [0ms]
2024-01-31 19:15:22.130 [info] > git cat-file -s 1387a1416c78da9c4abb50415dd3bb2477e36d74 [1ms]
2024-01-31 19:15:22.152 [info] > git show --textconv :src/home.html [3ms]
2024-01-31 19:18:22.284 [info] > git ls-files --stage -- /home/ian5999/Meetingroom/src/home.html [1ms]
2024-01-31 19:18:22.292 [info] > git cat-file -s 1387a1416c78da9c4abb50415dd3bb2477e36d74 [1ms]
2024-01-31 19:18:22.305 [info] > git show --textconv :src/home.html [2ms]
2024-01-31 19:18:22.521 [info] > git fetch [1442ms]
2024-01-31 19:18:22.536 [info] > git config --get commit.template [8ms]
2024-01-31 19:18:22.537 [info] > git for-each-ref --format=%(refname)%00%(upstream:short)%00%(objectname)%00%(upstream:track)%00%(upstream:remotename)%00%(upstream:remoteref) refs/heads/top refs/remotes/top [2ms]
2024-01-31 19:18:22.552 [info] > git status -z -uall [8ms]
2024-01-31 19:18:23.604 [info] > git ls-files --stage -- /home/ian5999/Meetingroom/src/home.html [1ms]
2024-01-31 19:18:23.610 [info] > git cat-file -s 1387a1416c78da9c4abb50415dd3bb2477e36d74 [1ms]
2024-01-31 19:18:23.625 [info] > git show --textconv :src/home.html [2ms]
2024-01-31 19:21:23.763 [info] > git ls-files --stage -- /home/ian5999/Meetingroom/src/home.html [2ms]
2024-01-31 19:21:23.770 [info] > git cat-file -s 1387a1416c78da9c4abb50415dd3bb2477e36d74 [1ms]
2024-01-31 19:21:23.784 [info] > git show --textconv :src/home.html [2ms]
2024-01-31 19:21:23.978 [info] > git fetch [1415ms]
2024-01-31 19:21:23.987 [info] > git config --get commit.template [1ms]
2024-01-31 19:21:23.994 [info] > git for-each-ref --format=%(refname)%00%(upstream:short)%00%(objectname)%00%(upstream:track)%00%(upstream:remotename)%00%(upstream:remoteref) refs/heads/top refs/remotes/top [1ms]
2024-01-31 19:21:24.009 [info] > git status -z -uall [7ms]
2024-01-31 19:21:25.063 [info] > git ls-files --stage -- /home/ian5999/Meetingroom/src/home.html [2ms]
2024-01-31 19:21:25.070 [info] > git cat-file -s 1387a1416c78da9c4abb50415dd3bb2477e36d74 [0ms]
2024-01-31 19:21:25.081 [info] > git show --textconv :src/home.html [1ms]
2024-01-31 19:24:25.218 [info] > git ls-files --stage -- /home/ian5999/Meetingroom/src/home.html [1ms]
2024-01-31 19:24:25.225 [info] > git cat-file -s 1387a1416c78da9c4abb50415dd3bb2477e36d74 [1ms]
2024-01-31 19:24:25.239 [info] > git show --textconv :src/home.html [3ms]
2024-01-31 19:24:25.522 [info] > git fetch [1503ms]
2024-01-31 19:24:25.531 [info] > git config --get commit.template [1ms]
2024-01-31 19:24:25.537 [info] > git for-each-ref --format=%(refname)%00%(upstream:short)%00%(objectname)%00%(upstream:track)%00%(upstream:remotename)%00%(upstream:remoteref) refs/heads/top refs/remotes/top [1ms]
2024-01-31 19:24:25.553 [info] > git status -z -uall [7ms]
2024-01-31 19:24:26.593 [info] > git ls-files --stage -- /home/ian5999/Meetingroom/src/home.html [1ms]
2024-01-31 19:24:26.598 [info] > git cat-file -s 1387a1416c78da9c4abb50415dd3bb2477e36d74 [1ms]
2024-01-31 19:24:26.610 [info] > git show --textconv :src/home.html [1ms]
2024-01-31 19:27:26.764 [info] > git ls-files --stage -- /home/ian5999/Meetingroom/src/home.html [2ms]
2024-01-31 19:27:26.769 [info] > git cat-file -s 1387a1416c78da9c4abb50415dd3bb2477e36d74 [0ms]
2024-01-31 19:27:26.784 [info] > git show --textconv :src/home.html [4ms]
2024-01-31 19:27:26.928 [info] > git fetch [1365ms]
2024-01-31 19:27:26.946 [info] > git config --get commit.template [7ms]
2024-01-31 19:27:26.946 [info] > git for-each-ref --format=%(refname)%00%(upstream:short)%00%(objectname)%00%(upstream:track)%00%(upstream:remotename)%00%(upstream:remoteref) refs/heads/top refs/remotes/top [1ms]
2024-01-31 19:27:26.962 [info] > git status -z -uall [9ms]
2024-01-31 19:27:28.019 [info] > git ls-files --stage -- /home/ian5999/Meetingroom/src/home.html [1ms]
2024-01-31 19:27:28.024 [info] > git cat-file -s 1387a1416c78da9c4abb50415dd3bb2477e36d74 [1ms]
2024-01-31 19:27:28.039 [info] > git show --textconv :src/home.html [3ms]
2024-01-31 19:30:28.171 [info] > git ls-files --stage -- /home/ian5999/Meetingroom/src/home.html [2ms]
2024-01-31 19:30:28.177 [info] > git cat-file -s 1387a1416c78da9c4abb50415dd3bb2477e36d74 [1ms]
2024-01-31 19:30:28.192 [info] > git show --textconv :src/home.html [3ms]
2024-01-31 19:30:28.464 [info] > git fetch [1491ms]
2024-01-31 19:30:28.480 [info] > git config --get commit.template [7ms]
2024-01-31 19:30:28.481 [info] > git for-each-ref --format=%(refname)%00%(upstream:short)%00%(objectname)%00%(upstream:track)%00%(upstream:remotename)%00%(upstream:remoteref) refs/heads/top refs/remotes/top [3ms]
2024-01-31 19:30:28.497 [info] > git status -z -uall [8ms]
2024-01-31 19:30:29.543 [info] > git ls-files --stage -- /home/ian5999/Meetingroom/src/home.html [1ms]
2024-01-31 19:30:29.549 [info] > git cat-file -s 1387a1416c78da9c4abb50415dd3bb2477e36d74 [1ms]
2024-01-31 19:30:29.564 [info] > git show --textconv :src/home.html [2ms]
2024-01-31 19:33:29.709 [info] > git ls-files --stage -- /home/ian5999/Meetingroom/src/home.html [3ms]
2024-01-31 19:33:29.720 [info] > git cat-file -s 1387a1416c78da9c4abb50415dd3bb2477e36d74 [1ms]
2024-01-31 19:33:29.742 [info] > git show --textconv :src/home.html [3ms]
2024-01-31 19:33:29.873 [info] > git fetch [1366ms]
2024-01-31 19:33:29.881 [info] > git config --get commit.template [1ms]
2024-01-31 19:33:29.887 [info] > git for-each-ref --format=%(refname)%00%(upstream:short)%00%(objectname)%00%(upstream:track)%00%(upstream:remotename)%00%(upstream:remoteref) refs/heads/top refs/remotes/top [1ms]
2024-01-31 19:33:29.900 [info] > git status -z -uall [6ms]
2024-01-31 19:33:30.963 [info] > git ls-files --stage -- /home/ian5999/Meetingroom/src/home.html [2ms]
2024-01-31 19:33:30.972 [info] > git cat-file -s 1387a1416c78da9c4abb50415dd3bb2477e36d74 [1ms]
2024-01-31 19:33:30.991 [info] > git show --textconv :src/home.html [1ms]
2024-01-31 19:36:31.112 [info] > git ls-files --stage -- /home/ian5999/Meetingroom/src/home.html [2ms]
2024-01-31 19:36:31.119 [info] > git cat-file -s 1387a1416c78da9c4abb50415dd3bb2477e36d74 [1ms]
2024-01-31 19:36:31.137 [info] > git show --textconv :src/home.html [3ms]
2024-01-31 19:36:31.488 [info] > git fetch [1578ms]
2024-01-31 19:36:31.505 [info] > git config --get commit.template [9ms]
2024-01-31 19:36:31.506 [info] > git for-each-ref --format=%(refname)%00%(upstream:short)%00%(objectname)%00%(upstream:track)%00%(upstream:remotename)%00%(upstream:remoteref) refs/heads/top refs/remotes/top [1ms]
2024-01-31 19:36:31.523 [info] > git status -z -uall [9ms]
2024-01-31 19:36:32.578 [info] > git ls-files --stage -- /home/ian5999/Meetingroom/src/home.html [2ms]
2024-01-31 19:36:32.589 [info] > git cat-file -s 1387a1416c78da9c4abb50415dd3bb2477e36d74 [2ms]
2024-01-31 19:36:32.605 [info] > git show --textconv :src/home.html [3ms]
2024-01-31 19:39:32.745 [info] > git ls-files --stage -- /home/ian5999/Meetingroom/src/home.html [1ms]
2024-01-31 19:39:32.754 [info] > git cat-file -s 1387a1416c78da9c4abb50415dd3bb2477e36d74 [2ms]
2024-01-31 19:39:32.770 [info] > git show --textconv :src/home.html [5ms]
2024-01-31 19:39:33.011 [info] > git fetch [1472ms]
2024-01-31 19:39:33.022 [info] > git config --get commit.template [1ms]
2024-01-31 19:39:33.030 [info] > git for-each-ref --format=%(refname)%00%(upstream:short)%00%(objectname)%00%(upstream:track)%00%(upstream:remotename)%00%(upstream:remoteref) refs/heads/top refs/remotes/top [1ms]
2024-01-31 19:39:33.047 [info] > git status -z -uall [8ms]
2024-01-31 19:39:34.102 [info] > git ls-files --stage -- /home/ian5999/Meetingroom/src/home.html [2ms]
2024-01-31 19:39:34.109 [info] > git cat-file -s 1387a1416c78da9c4abb50415dd3bb2477e36d74 [1ms]
2024-01-31 19:39:34.124 [info] > git show --textconv :src/home.html [3ms]
2024-01-31 19:42:34.256 [info] > git ls-files --stage -- /home/ian5999/Meetingroom/src/home.html [1ms]
2024-01-31 19:42:34.263 [info] > git cat-file -s 1387a1416c78da9c4abb50415dd3bb2477e36d74 [1ms]
2024-01-31 19:42:34.277 [info] > git show --textconv :src/home.html [1ms]
2024-01-31 19:42:34.712 [info] > git fetch [1655ms]
2024-01-31 19:42:34.721 [info] > git config --get commit.template [1ms]
2024-01-31 19:42:34.727 [info] > git for-each-ref --format=%(refname)%00%(upstream:short)%00%(objectname)%00%(upstream:track)%00%(upstream:remotename)%00%(upstream:remoteref) refs/heads/top refs/remotes/top [1ms]
2024-01-31 19:42:34.743 [info] > git status -z -uall [7ms]
2024-01-31 19:42:35.796 [info] > git ls-files --stage -- /home/ian5999/Meetingroom/src/home.html [1ms]
2024-01-31 19:42:35.805 [info] > git cat-file -s 1387a1416c78da9c4abb50415dd3bb2477e36d74 [1ms]
2024-01-31 19:42:35.819 [info] > git show --textconv :src/home.html [2ms]
2024-01-31 19:45:35.961 [info] > git ls-files --stage -- /home/ian5999/Meetingroom/src/home.html [2ms]
2024-01-31 19:45:35.969 [info] > git cat-file -s 1387a1416c78da9c4abb50415dd3bb2477e36d74 [1ms]
2024-01-31 19:45:35.981 [info] > git show --textconv :src/home.html [1ms]
2024-01-31 19:45:36.389 [info] > git fetch [1635ms]
2024-01-31 19:45:36.406 [info] > git config --get commit.template [7ms]
2024-01-31 19:45:36.406 [info] > git for-each-ref --format=%(refname)%00%(upstream:short)%00%(objectname)%00%(upstream:track)%00%(upstream:remotename)%00%(upstream:remoteref) refs/heads/top refs/remotes/top [1ms]
2024-01-31 19:45:36.420 [info] > git status -z -uall [7ms]
2024-01-31 19:45:37.480 [info] > git ls-files --stage -- /home/ian5999/Meetingroom/src/home.html [2ms]
2024-01-31 19:45:37.486 [info] > git cat-file -s 1387a1416c78da9c4abb50415dd3bb2477e36d74 [1ms]
2024-01-31 19:45:37.499 [info] > git show --textconv :src/home.html [2ms]
2024-01-31 19:48:37.628 [info] > git ls-files --stage -- /home/ian5999/Meetingroom/src/home.html [2ms]
2024-01-31 19:48:37.635 [info] > git cat-file -s 1387a1416c78da9c4abb50415dd3bb2477e36d74 [1ms]
2024-01-31 19:48:37.648 [info] > git show --textconv :src/home.html [2ms]
2024-01-31 19:48:37.848 [info] > git fetch [1419ms]
2024-01-31 19:48:37.856 [info] > git config --get commit.template [1ms]
2024-01-31 19:48:37.863 [info] > git for-each-ref --format=%(refname)%00%(upstream:short)%00%(objectname)%00%(upstream:track)%00%(upstream:remotename)%00%(upstream:remoteref) refs/heads/top refs/remotes/top [1ms]
2024-01-31 19:48:37.877 [info] > git status -z -uall [6ms]
2024-01-31 19:48:38.939 [info] > git ls-files --stage -- /home/ian5999/Meetingroom/src/home.html [1ms]
2024-01-31 19:48:38.945 [info] > git cat-file -s 1387a1416c78da9c4abb50415dd3bb2477e36d74 [1ms]
2024-01-31 19:48:38.958 [info] > git show --textconv :src/home.html [1ms]
2024-01-31 19:51:39.496 [info] > git fetch [1603ms]
2024-01-31 19:51:39.521 [info] > git config --get commit.template [13ms]
2024-01-31 19:51:39.522 [info] > git for-each-ref --format=%(refname)%00%(upstream:short)%00%(objectname)%00%(upstream:track)%00%(upstream:remotename)%00%(upstream:remoteref) refs/heads/top refs/remotes/top [3ms]
2024-01-31 19:51:39.551 [info] > git status -z -uall [16ms]
2024-01-31 19:52:11.000 [info] > git config --get commit.template [9ms]
2024-01-31 19:52:11.001 [info] > git for-each-ref --format=%(refname)%00%(upstream:short)%00%(objectname)%00%(upstream:track)%00%(upstream:remotename)%00%(upstream:remoteref) refs/heads/top refs/remotes/top [2ms]
2024-01-31 19:52:11.023 [info] > git status -z -uall [12ms]
2024-01-31 19:53:09.964 [info] > git ls-files --stage -- /home/ian5999/Meetingroom/src/home.html [3ms]
2024-01-31 19:53:09.979 [info] > git cat-file -s 1387a1416c78da9c4abb50415dd3bb2477e36d74 [2ms]
2024-01-31 19:54:09.965 [info] > git show --textconv :src/home.html [6ms]
2024-01-31 19:54:41.131 [info] > git fetch [1565ms]
2024-01-31 19:54:41.193 [info] > git config --get commit.template [37ms]
2024-01-31 19:54:41.206 [info] > git for-each-ref --format=%(refname)%00%(upstream:short)%00%(objectname)%00%(upstream:track)%00%(upstream:remotename)%00%(upstream:remoteref) refs/heads/top refs/remotes/top [15ms]
2024-01-31 19:54:41.302 [info] > git status -z -uall [70ms]
2024-01-31 19:55:27.728 [info] > git config --get commit.template [343ms]
2024-01-31 19:55:27.759 [info] > git for-each-ref --format=%(refname)%00%(upstream:short)%00%(objectname)%00%(upstream:track)%00%(upstream:remotename)%00%(upstream:remoteref) refs/heads/top refs/remotes/top [214ms]
2024-01-31 19:55:28.427 [info] > git ls-files --stage -- /home/ian5999/Meetingroom/src/home.html [13ms]
2024-01-31 19:55:28.748 [info] > git status -z -uall [945ms]
2024-01-31 19:55:28.884 [info] > git cat-file -s 1387a1416c78da9c4abb50415dd3bb2477e36d74 [289ms]
2024-01-31 19:55:28.989 [info] > git show --textconv :src/home.html [31ms]
