2024-10-01 16:22:47.338 [info] [main] Log level: Info
2024-10-01 16:22:47.339 [info] [main] Validating found git in: "git"
2024-10-01 16:22:47.339 [info] [main] Using git "2.34.1" from "git"
2024-10-01 16:22:47.339 [info] [Model][doInitialScan] Initial repository scan started
2024-10-01 16:22:47.339 [info] > git rev-parse --show-toplevel [153ms]
2024-10-01 16:22:47.362 [info] > git rev-parse --show-toplevel [27ms]
2024-10-01 16:22:47.432 [info] > git rev-parse --git-dir --git-common-dir [56ms]
2024-10-01 16:22:47.509 [info] [Model][openRepository] Opened repository: /home/ian5999/jantjesburger/JB
2024-10-01 16:22:47.531 [info] [Model][doInitialScan] Initial repository scan completed - repositories (1), closed repositories (0), parent repositories (1), unsafe repositories (0)
2024-10-01 16:22:47.674 [info] > git config --get commit.template [72ms]
2024-10-01 16:22:47.725 [info] > git for-each-ref --format=%(refname)%00%(upstream:short)%00%(objectname)%00%(upstream:track)%00%(upstream:remotename)%00%(upstream:remoteref) refs/heads/main refs/remotes/main [15ms]
2024-10-01 16:22:47.741 [warning] [Git][revParse] Unable to read file: ENOENT: no such file or directory, open '/home/ian5999/jantjesburger/JB/.git/refs/remotes/origin/main'
2024-10-01 16:22:47.742 [info] > git rev-parse refs/remotes/origin/main [4ms]
2024-10-01 16:22:47.787 [info] > git status -z -uall [26ms]
2024-10-01 16:22:47.947 [info] > git for-each-ref --format=%(refname)%00%(upstream:short)%00%(objectname)%00%(upstream:track)%00%(upstream:remotename)%00%(upstream:remoteref) refs/heads/main refs/remotes/main [129ms]
2024-10-01 16:22:48.458 [info] > git config --get commit.template [518ms]
2024-10-01 16:22:48.573 [info] > git check-ignore -v -z --stdin [10ms]
2024-10-01 16:22:48.579 [info] > git config --local branch.main.vscode-merge-base [591ms]
2024-10-01 16:22:48.580 [warning] [Git][config] git config failed: Failed to execute git
2024-10-01 16:22:48.755 [info] > git for-each-ref --format=%(refname)%00%(upstream:short)%00%(objectname)%00%(upstream:track)%00%(upstream:remotename)%00%(upstream:remoteref) refs/heads/main refs/remotes/main [105ms]
2024-10-01 16:22:48.756 [info] > git reflog main --grep-reflog=branch: Created from *. [147ms]
2024-10-01 16:22:48.862 [warning] [Git][revParse] Unable to read file: ENOENT: no such file or directory, open '/home/ian5999/jantjesburger/JB/.git/refs/remotes/origin/main'
2024-10-01 16:22:48.870 [info] > git symbolic-ref --short refs/remotes/origin/HEAD [102ms]
2024-10-01 16:22:49.047 [info] > git for-each-ref --format=%(refname)%00%(upstream:short)%00%(objectname)%00%(upstream:track)%00%(upstream:remotename)%00%(upstream:remoteref) refs/heads/origin/main refs/remotes/origin/main [163ms]
2024-10-01 16:22:49.077 [info] > git rev-parse refs/remotes/origin/main [213ms]
2024-10-01 16:22:49.111 [info] > git status -z -uall [20ms]
2024-10-01 16:22:49.163 [info] > git config --local branch.main.vscode-merge-base origin/main [88ms]
2024-10-01 16:22:49.328 [info] > git for-each-ref --format=%(refname)%00%(upstream:short)%00%(objectname)%00%(upstream:track)%00%(upstream:remotename)%00%(upstream:remoteref) refs/heads/main refs/remotes/main [182ms]
2024-10-01 16:22:49.383 [info] > git config --local branch.main.vscode-merge-base [47ms]
2024-10-01 16:22:49.404 [info] > git for-each-ref --format=%(refname)%00%(upstream:short)%00%(objectname)%00%(upstream:track)%00%(upstream:remotename)%00%(upstream:remoteref) refs/heads/origin/main refs/remotes/origin/main [7ms]
2024-10-01 16:22:49.415 [info] > git config --get commit.template [46ms]
2024-10-01 16:22:49.462 [info] > git for-each-ref --format=%(refname)%00%(upstream:short)%00%(objectname)%00%(upstream:track)%00%(upstream:remotename)%00%(upstream:remoteref) refs/heads/main refs/remotes/main [35ms]
2024-10-01 16:22:49.463 [info] > git merge-base refs/heads/main refs/remotes/origin/main [49ms]
2024-10-01 16:22:49.704 [warning] [Git][revParse] Unable to read file: ENOENT: no such file or directory, open '/home/ian5999/jantjesburger/JB/.git/refs/remotes/origin/main'
2024-10-01 16:22:49.909 [info] > git rev-parse refs/remotes/origin/main [205ms]
2024-10-01 16:22:49.918 [info] > git rev-list --count --left-right refs/heads/main...refs/remotes/origin/main [437ms]
2024-10-01 16:22:49.962 [info] > git status -z -uall [44ms]
2024-10-01 16:22:50.053 [info] > git for-each-ref --format=%(refname)%00%(upstream:short)%00%(objectname)%00%(upstream:track)%00%(upstream:remotename)%00%(upstream:remoteref) refs/heads/main refs/remotes/main [64ms]
2024-10-01 16:22:50.068 [info] > git diff --name-status -z --diff-filter=ADMR d6d6df2f472ab0b41d214a0c6fb041950d37be99...refs/remotes/origin/main [133ms]
2024-10-01 16:22:50.083 [info] > git fetch [2575ms]
2024-10-01 16:22:50.083 [info] Missing or invalid credentials.
Skip silent fetch commands
Missing or invalid credentials.
Skip silent fetch commands
remote: Repository not found.
fatal: Authentication failed for 'https://github.com/jsaropy/JB.git/'
2024-10-01 16:22:50.128 [info] > git config --local branch.main.vscode-merge-base [60ms]
2024-10-01 16:22:50.162 [info] > git config --get commit.template [42ms]
2024-10-01 16:22:50.187 [info] > git for-each-ref --format=%(refname)%00%(upstream:short)%00%(objectname)%00%(upstream:track)%00%(upstream:remotename)%00%(upstream:remoteref) refs/heads/origin/main refs/remotes/origin/main [39ms]
2024-10-01 16:22:50.221 [info] > git for-each-ref --format=%(refname)%00%(upstream:short)%00%(objectname)%00%(upstream:track)%00%(upstream:remotename)%00%(upstream:remoteref) refs/heads/main refs/remotes/main [9ms]
2024-10-01 16:22:50.248 [warning] [Git][revParse] Unable to read file: ENOENT: no such file or directory, open '/home/ian5999/jantjesburger/JB/.git/refs/remotes/origin/main'
2024-10-01 16:22:50.263 [info] > git rev-parse refs/remotes/origin/main [14ms]
2024-10-01 16:22:50.299 [info] > git status -z -uall [9ms]
2024-10-01 16:22:50.400 [info] > git for-each-ref --format=%(refname)%00%(upstream:short)%00%(objectname)%00%(upstream:track)%00%(upstream:remotename)%00%(upstream:remoteref) refs/heads/main refs/remotes/main [64ms]
2024-10-01 16:22:50.528 [info] > git config --local branch.main.vscode-merge-base [100ms]
2024-10-01 16:22:50.635 [info] > git for-each-ref --format=%(refname)%00%(upstream:short)%00%(objectname)%00%(upstream:track)%00%(upstream:remotename)%00%(upstream:remoteref) refs/heads/origin/main refs/remotes/origin/main [79ms]
2024-10-01 16:23:10.846 [info] > git rev-parse --show-toplevel [3ms]
2024-10-01 16:23:10.853 [info] > git rev-parse --git-dir --git-common-dir [2ms]
2024-10-01 16:23:10.873 [info] [Model][openRepository] Opened repository: /home/ian5999
2024-10-01 16:23:10.883 [info] > git config --get commit.template [1ms]
2024-10-01 16:23:10.889 [info] [Git][getRemotes] No remotes found in the git config file
2024-10-01 16:23:10.897 [info] > git for-each-ref --format=%(refname)%00%(upstream:short)%00%(objectname)%00%(upstream:track)%00%(upstream:remotename)%00%(upstream:remoteref) refs/heads/master refs/remotes/master [9ms]
2024-10-01 16:23:10.897 [warning] [Git][getBranch] No such branch: master
2024-10-01 16:23:10.905 [info] > git fetch [33ms]
2024-10-01 16:23:10.923 [info] > git status -z -uall [21ms] (cancelled)
2024-10-01 16:23:10.925 [info] > git config --get commit.template [3ms]
2024-10-01 16:23:10.925 [info] > git config --get commit.template [7ms]
2024-10-01 16:23:10.930 [info] [Git][getRemotes] No remotes found in the git config file
2024-10-01 16:23:10.934 [info] [Git][getRemotes] No remotes found in the git config file
2024-10-01 16:23:10.935 [info] > git for-each-ref --format=%(refname)%00%(upstream:short)%00%(objectname)%00%(upstream:track)%00%(upstream:remotename)%00%(upstream:remoteref) refs/heads/master refs/remotes/master [1ms]
2024-10-01 16:23:10.935 [warning] [Git][getBranch] No such branch: master
2024-10-01 16:23:10.940 [info] > git for-each-ref --format=%(refname)%00%(upstream:short)%00%(objectname)%00%(upstream:track)%00%(upstream:remotename)%00%(upstream:remoteref) refs/heads/master refs/remotes/master [11ms]
2024-10-01 16:23:10.940 [warning] [Git][getBranch] No such branch: master
2024-10-01 16:23:11.402 [info] > git check-ignore -v -z --stdin [1ms]
2024-10-01 16:23:12.052 [info] > git status -z -uall [1112ms] (cancelled)
2024-10-01 16:23:12.053 [info] > git check-ignore -v -z --stdin [1ms]
2024-10-01 16:23:20.645 [info] > git for-each-ref --format=%(refname)%00%(upstream:short)%00%(objectname)%00%(upstream:track)%00%(upstream:remotename)%00%(upstream:remoteref) refs/heads/master refs/remotes/master [90ms]
2024-10-01 16:23:20.646 [warning] [Git][getBranch] No such branch: master
2024-10-01 16:23:22.893 [info] > git check-ignore -v -z --stdin [1ms]
2024-10-01 16:23:23.204 [info] [Git][getRemotes] No remotes found in the git config file
2024-10-01 16:23:23.205 [info] > git config --get commit.template [9ms]
2024-10-01 16:23:23.206 [info] > git for-each-ref --format=%(refname)%00%(upstream:short)%00%(objectname)%00%(upstream:track)%00%(upstream:remotename)%00%(upstream:remoteref) refs/heads/master refs/remotes/master [2ms]
2024-10-01 16:23:23.206 [warning] [Git][getBranch] No such branch: master
2024-10-01 16:23:23.246 [info] > git status -z -uall [35ms]
2024-10-01 16:23:23.287 [info] > git for-each-ref --format=%(refname)%00%(upstream:short)%00%(objectname)%00%(upstream:track)%00%(upstream:remotename)%00%(upstream:remoteref) refs/heads/master refs/remotes/master [31ms]
2024-10-01 16:23:23.287 [warning] [Git][getBranch] No such branch: master
2024-10-01 16:23:24.035 [info] > git check-ignore -v -z --stdin [4ms]
2024-10-01 16:23:28.611 [info] > git config --get commit.template [1ms]
2024-10-01 16:23:28.615 [info] [Git][getRemotes] No remotes found in the git config file
2024-10-01 16:23:28.616 [info] > git for-each-ref --format=%(refname)%00%(upstream:short)%00%(objectname)%00%(upstream:track)%00%(upstream:remotename)%00%(upstream:remoteref) refs/heads/master refs/remotes/master [1ms]
2024-10-01 16:23:28.617 [warning] [Git][getBranch] No such branch: master
2024-10-01 16:23:28.654 [info] > git status -z -uall [33ms]
2024-10-01 16:23:28.672 [info] > git for-each-ref --format=%(refname)%00%(upstream:short)%00%(objectname)%00%(upstream:track)%00%(upstream:remotename)%00%(upstream:remoteref) refs/heads/master refs/remotes/master [11ms]
2024-10-01 16:23:28.672 [warning] [Git][getBranch] No such branch: master
2024-10-01 16:23:33.685 [info] [Git][getRemotes] No remotes found in the git config file
2024-10-01 16:23:33.689 [info] > git config --get commit.template [5ms]
2024-10-01 16:23:33.690 [info] > git for-each-ref --format=%(refname)%00%(upstream:short)%00%(objectname)%00%(upstream:track)%00%(upstream:remotename)%00%(upstream:remoteref) refs/heads/master refs/remotes/master [2ms]
2024-10-01 16:23:33.690 [warning] [Git][getBranch] No such branch: master
2024-10-01 16:23:33.714 [info] > git status -z -uall [20ms]
2024-10-01 16:23:33.730 [info] > git for-each-ref --format=%(refname)%00%(upstream:short)%00%(objectname)%00%(upstream:track)%00%(upstream:remotename)%00%(upstream:remoteref) refs/heads/master refs/remotes/master [10ms]
2024-10-01 16:23:33.730 [warning] [Git][getBranch] No such branch: master
2024-10-01 16:23:38.738 [info] [Git][getRemotes] No remotes found in the git config file
2024-10-01 16:23:38.744 [info] > git config --get commit.template [6ms]
2024-10-01 16:23:38.744 [info] > git for-each-ref --format=%(refname)%00%(upstream:short)%00%(objectname)%00%(upstream:track)%00%(upstream:remotename)%00%(upstream:remoteref) refs/heads/master refs/remotes/master [1ms]
2024-10-01 16:23:38.744 [warning] [Git][getBranch] No such branch: master
2024-10-01 16:23:38.769 [info] > git status -z -uall [20ms]
2024-10-01 16:23:38.785 [info] > git for-each-ref --format=%(refname)%00%(upstream:short)%00%(objectname)%00%(upstream:track)%00%(upstream:remotename)%00%(upstream:remoteref) refs/heads/master refs/remotes/master [10ms]
2024-10-01 16:23:38.785 [warning] [Git][getBranch] No such branch: master
2024-10-01 16:23:43.796 [info] [Git][getRemotes] No remotes found in the git config file
2024-10-01 16:23:43.797 [info] > git config --get commit.template [7ms]
2024-10-01 16:23:43.797 [info] > git for-each-ref --format=%(refname)%00%(upstream:short)%00%(objectname)%00%(upstream:track)%00%(upstream:remotename)%00%(upstream:remoteref) refs/heads/master refs/remotes/master [1ms]
2024-10-01 16:23:43.797 [warning] [Git][getBranch] No such branch: master
2024-10-01 16:23:43.822 [info] > git status -z -uall [18ms]
2024-10-01 16:23:43.838 [info] > git for-each-ref --format=%(refname)%00%(upstream:short)%00%(objectname)%00%(upstream:track)%00%(upstream:remotename)%00%(upstream:remoteref) refs/heads/master refs/remotes/master [10ms]
2024-10-01 16:23:43.838 [warning] [Git][getBranch] No such branch: master
2024-10-01 16:23:48.848 [info] [Git][getRemotes] No remotes found in the git config file
2024-10-01 16:23:48.849 [info] > git config --get commit.template [6ms]
2024-10-01 16:23:48.850 [info] > git for-each-ref --format=%(refname)%00%(upstream:short)%00%(objectname)%00%(upstream:track)%00%(upstream:remotename)%00%(upstream:remoteref) refs/heads/master refs/remotes/master [2ms]
2024-10-01 16:23:48.850 [warning] [Git][getBranch] No such branch: master
2024-10-01 16:23:48.875 [info] > git status -z -uall [21ms]
2024-10-01 16:23:48.895 [info] > git for-each-ref --format=%(refname)%00%(upstream:short)%00%(objectname)%00%(upstream:track)%00%(upstream:remotename)%00%(upstream:remoteref) refs/heads/master refs/remotes/master [14ms]
2024-10-01 16:23:48.895 [warning] [Git][getBranch] No such branch: master
2024-10-01 16:23:53.899 [info] > git config --get commit.template [2ms]
2024-10-01 16:23:53.903 [info] [Git][getRemotes] No remotes found in the git config file
2024-10-01 16:23:53.904 [info] > git for-each-ref --format=%(refname)%00%(upstream:short)%00%(objectname)%00%(upstream:track)%00%(upstream:remotename)%00%(upstream:remoteref) refs/heads/master refs/remotes/master [1ms]
2024-10-01 16:23:53.904 [warning] [Git][getBranch] No such branch: master
2024-10-01 16:23:53.927 [info] > git status -z -uall [19ms]
2024-10-01 16:23:53.948 [info] > git for-each-ref --format=%(refname)%00%(upstream:short)%00%(objectname)%00%(upstream:track)%00%(upstream:remotename)%00%(upstream:remoteref) refs/heads/master refs/remotes/master [13ms]
2024-10-01 16:23:53.948 [warning] [Git][getBranch] No such branch: master
2024-10-01 16:23:59.625 [info] > git config --get commit.template [2ms]
2024-10-01 16:23:59.629 [info] [Git][getRemotes] No remotes found in the git config file
2024-10-01 16:23:59.630 [info] > git for-each-ref --format=%(refname)%00%(upstream:short)%00%(objectname)%00%(upstream:track)%00%(upstream:remotename)%00%(upstream:remoteref) refs/heads/master refs/remotes/master [1ms]
2024-10-01 16:23:59.630 [warning] [Git][getBranch] No such branch: master
2024-10-01 16:23:59.655 [info] > git status -z -uall [21ms]
2024-10-01 16:23:59.675 [info] > git for-each-ref --format=%(refname)%00%(upstream:short)%00%(objectname)%00%(upstream:track)%00%(upstream:remotename)%00%(upstream:remoteref) refs/heads/master refs/remotes/master [14ms]
2024-10-01 16:23:59.675 [warning] [Git][getBranch] No such branch: master
2024-10-01 16:24:04.686 [info] [Git][getRemotes] No remotes found in the git config file
2024-10-01 16:24:04.687 [info] > git config --get commit.template [6ms]
2024-10-01 16:24:04.687 [info] > git for-each-ref --format=%(refname)%00%(upstream:short)%00%(objectname)%00%(upstream:track)%00%(upstream:remotename)%00%(upstream:remoteref) refs/heads/master refs/remotes/master [1ms]
2024-10-01 16:24:04.687 [warning] [Git][getBranch] No such branch: master
2024-10-01 16:24:04.709 [info] > git status -z -uall [18ms]
2024-10-01 16:24:04.727 [info] > git for-each-ref --format=%(refname)%00%(upstream:short)%00%(objectname)%00%(upstream:track)%00%(upstream:remotename)%00%(upstream:remoteref) refs/heads/master refs/remotes/master [11ms]
2024-10-01 16:24:04.728 [warning] [Git][getBranch] No such branch: master
2024-10-01 16:24:09.733 [info] > git config --get commit.template [1ms]
2024-10-01 16:24:09.737 [info] [Git][getRemotes] No remotes found in the git config file
2024-10-01 16:24:09.738 [info] > git for-each-ref --format=%(refname)%00%(upstream:short)%00%(objectname)%00%(upstream:track)%00%(upstream:remotename)%00%(upstream:remoteref) refs/heads/master refs/remotes/master [1ms]
2024-10-01 16:24:09.738 [warning] [Git][getBranch] No such branch: master
2024-10-01 16:24:09.761 [info] > git status -z -uall [19ms]
2024-10-01 16:24:09.778 [info] > git for-each-ref --format=%(refname)%00%(upstream:short)%00%(objectname)%00%(upstream:track)%00%(upstream:remotename)%00%(upstream:remoteref) refs/heads/master refs/remotes/master [10ms]
2024-10-01 16:24:09.778 [warning] [Git][getBranch] No such branch: master
2024-10-01 16:24:14.784 [info] [Git][getRemotes] No remotes found in the git config file
2024-10-01 16:24:14.788 [info] > git config --get commit.template [4ms]
2024-10-01 16:24:14.789 [info] > git for-each-ref --format=%(refname)%00%(upstream:short)%00%(objectname)%00%(upstream:track)%00%(upstream:remotename)%00%(upstream:remoteref) refs/heads/master refs/remotes/master [1ms]
2024-10-01 16:24:14.789 [warning] [Git][getBranch] No such branch: master
2024-10-01 16:24:14.811 [info] > git status -z -uall [18ms]
2024-10-01 16:24:14.829 [info] > git for-each-ref --format=%(refname)%00%(upstream:short)%00%(objectname)%00%(upstream:track)%00%(upstream:remotename)%00%(upstream:remoteref) refs/heads/master refs/remotes/master [11ms]
2024-10-01 16:24:14.829 [warning] [Git][getBranch] No such branch: master
2024-10-01 16:24:19.836 [info] [Git][getRemotes] No remotes found in the git config file
2024-10-01 16:24:19.837 [info] > git config --get commit.template [2ms]
2024-10-01 16:24:19.844 [info] > git for-each-ref --format=%(refname)%00%(upstream:short)%00%(objectname)%00%(upstream:track)%00%(upstream:remotename)%00%(upstream:remoteref) refs/heads/master refs/remotes/master [2ms]
2024-10-01 16:24:19.844 [warning] [Git][getBranch] No such branch: master
2024-10-01 16:24:19.871 [info] > git status -z -uall [22ms]
2024-10-01 16:24:19.889 [info] > git for-each-ref --format=%(refname)%00%(upstream:short)%00%(objectname)%00%(upstream:track)%00%(upstream:remotename)%00%(upstream:remoteref) refs/heads/master refs/remotes/master [10ms]
2024-10-01 16:24:19.889 [warning] [Git][getBranch] No such branch: master
2024-10-01 16:24:24.900 [info] [Git][getRemotes] No remotes found in the git config file
2024-10-01 16:24:24.901 [info] > git config --get commit.template [6ms]
2024-10-01 16:24:24.901 [info] > git for-each-ref --format=%(refname)%00%(upstream:short)%00%(objectname)%00%(upstream:track)%00%(upstream:remotename)%00%(upstream:remoteref) refs/heads/master refs/remotes/master [1ms]
2024-10-01 16:24:24.902 [warning] [Git][getBranch] No such branch: master
2024-10-01 16:24:24.923 [info] > git status -z -uall [17ms]
2024-10-01 16:24:24.939 [info] > git for-each-ref --format=%(refname)%00%(upstream:short)%00%(objectname)%00%(upstream:track)%00%(upstream:remotename)%00%(upstream:remoteref) refs/heads/master refs/remotes/master [9ms]
2024-10-01 16:24:24.939 [warning] [Git][getBranch] No such branch: master
2024-10-01 16:24:29.946 [info] > git config --get commit.template [1ms]
2024-10-01 16:24:29.949 [info] [Git][getRemotes] No remotes found in the git config file
2024-10-01 16:24:29.950 [info] > git for-each-ref --format=%(refname)%00%(upstream:short)%00%(objectname)%00%(upstream:track)%00%(upstream:remotename)%00%(upstream:remoteref) refs/heads/master refs/remotes/master [1ms]
2024-10-01 16:24:29.950 [warning] [Git][getBranch] No such branch: master
2024-10-01 16:24:29.971 [info] > git status -z -uall [16ms]
2024-10-01 16:24:29.986 [info] > git for-each-ref --format=%(refname)%00%(upstream:short)%00%(objectname)%00%(upstream:track)%00%(upstream:remotename)%00%(upstream:remoteref) refs/heads/master refs/remotes/master [9ms]
2024-10-01 16:24:29.986 [warning] [Git][getBranch] No such branch: master
2024-10-01 16:24:34.996 [info] [Git][getRemotes] No remotes found in the git config file
2024-10-01 16:24:34.997 [info] > git config --get commit.template [5ms]
2024-10-01 16:24:34.997 [info] > git for-each-ref --format=%(refname)%00%(upstream:short)%00%(objectname)%00%(upstream:track)%00%(upstream:remotename)%00%(upstream:remoteref) refs/heads/master refs/remotes/master [1ms]
2024-10-01 16:24:34.997 [warning] [Git][getBranch] No such branch: master
2024-10-01 16:24:35.018 [info] > git status -z -uall [17ms]
2024-10-01 16:24:35.034 [info] > git for-each-ref --format=%(refname)%00%(upstream:short)%00%(objectname)%00%(upstream:track)%00%(upstream:remotename)%00%(upstream:remoteref) refs/heads/master refs/remotes/master [9ms]
2024-10-01 16:24:35.034 [warning] [Git][getBranch] No such branch: master
2024-10-01 16:24:40.040 [info] > git config --get commit.template [1ms]
2024-10-01 16:24:40.044 [info] [Git][getRemotes] No remotes found in the git config file
2024-10-01 16:24:40.045 [info] > git for-each-ref --format=%(refname)%00%(upstream:short)%00%(objectname)%00%(upstream:track)%00%(upstream:remotename)%00%(upstream:remoteref) refs/heads/master refs/remotes/master [1ms]
2024-10-01 16:24:40.045 [warning] [Git][getBranch] No such branch: master
2024-10-01 16:24:40.066 [info] > git status -z -uall [17ms]
2024-10-01 16:24:40.083 [info] > git for-each-ref --format=%(refname)%00%(upstream:short)%00%(objectname)%00%(upstream:track)%00%(upstream:remotename)%00%(upstream:remoteref) refs/heads/master refs/remotes/master [11ms]
2024-10-01 16:24:40.083 [warning] [Git][getBranch] No such branch: master
2024-10-01 16:24:45.094 [info] > git config --get commit.template [5ms]
2024-10-01 16:24:45.094 [info] [Git][getRemotes] No remotes found in the git config file
2024-10-01 16:24:45.095 [info] > git for-each-ref --format=%(refname)%00%(upstream:short)%00%(objectname)%00%(upstream:track)%00%(upstream:remotename)%00%(upstream:remoteref) refs/heads/master refs/remotes/master [2ms]
2024-10-01 16:24:45.095 [warning] [Git][getBranch] No such branch: master
2024-10-01 16:24:45.118 [info] > git status -z -uall [19ms]
2024-10-01 16:24:45.134 [info] > git for-each-ref --format=%(refname)%00%(upstream:short)%00%(objectname)%00%(upstream:track)%00%(upstream:remotename)%00%(upstream:remoteref) refs/heads/master refs/remotes/master [10ms]
2024-10-01 16:24:45.134 [warning] [Git][getBranch] No such branch: master
2024-10-01 16:24:51.655 [info] > git config --get commit.template [1ms]
2024-10-01 16:24:51.659 [info] [Git][getRemotes] No remotes found in the git config file
2024-10-01 16:24:51.660 [info] > git for-each-ref --format=%(refname)%00%(upstream:short)%00%(objectname)%00%(upstream:track)%00%(upstream:remotename)%00%(upstream:remoteref) refs/heads/master refs/remotes/master [1ms]
2024-10-01 16:24:51.660 [warning] [Git][getBranch] No such branch: master
2024-10-01 16:24:51.683 [info] > git status -z -uall [19ms]
2024-10-01 16:24:51.709 [info] > git for-each-ref --format=%(refname)%00%(upstream:short)%00%(objectname)%00%(upstream:track)%00%(upstream:remotename)%00%(upstream:remoteref) refs/heads/master refs/remotes/master [9ms]
2024-10-01 16:24:51.709 [warning] [Git][getBranch] No such branch: master
2024-10-01 16:24:56.715 [info] > git config --get commit.template [0ms]
2024-10-01 16:24:56.716 [info] [Git][getRemotes] No remotes found in the git config file
2024-10-01 16:24:56.721 [info] > git for-each-ref --format=%(refname)%00%(upstream:short)%00%(objectname)%00%(upstream:track)%00%(upstream:remotename)%00%(upstream:remoteref) refs/heads/master refs/remotes/master [1ms]
2024-10-01 16:24:56.721 [warning] [Git][getBranch] No such branch: master
2024-10-01 16:24:56.745 [info] > git status -z -uall [20ms]
2024-10-01 16:24:56.765 [info] > git for-each-ref --format=%(refname)%00%(upstream:short)%00%(objectname)%00%(upstream:track)%00%(upstream:remotename)%00%(upstream:remoteref) refs/heads/master refs/remotes/master [10ms]
2024-10-01 16:24:56.765 [warning] [Git][getBranch] No such branch: master
2024-10-01 16:25:01.774 [info] > git config --get commit.template [5ms]
2024-10-01 16:25:01.775 [info] [Git][getRemotes] No remotes found in the git config file
2024-10-01 16:25:01.775 [info] > git for-each-ref --format=%(refname)%00%(upstream:short)%00%(objectname)%00%(upstream:track)%00%(upstream:remotename)%00%(upstream:remoteref) refs/heads/master refs/remotes/master [1ms]
2024-10-01 16:25:01.775 [warning] [Git][getBranch] No such branch: master
2024-10-01 16:25:01.804 [info] > git status -z -uall [25ms]
2024-10-01 16:25:01.819 [info] > git for-each-ref --format=%(refname)%00%(upstream:short)%00%(objectname)%00%(upstream:track)%00%(upstream:remotename)%00%(upstream:remoteref) refs/heads/master refs/remotes/master [9ms]
2024-10-01 16:25:01.819 [warning] [Git][getBranch] No such branch: master
2024-10-01 16:25:52.944 [info] [Git][getRemotes] No remotes found in the git config file
2024-10-01 16:25:52.945 [info] > git config --get commit.template [6ms]
2024-10-01 16:25:52.946 [info] > git for-each-ref --format=%(refname)%00%(upstream:short)%00%(objectname)%00%(upstream:track)%00%(upstream:remotename)%00%(upstream:remoteref) refs/heads/master refs/remotes/master [2ms]
2024-10-01 16:25:52.946 [warning] [Git][getBranch] No such branch: master
2024-10-01 16:25:52.973 [info] > git status -z -uall [22ms]
2024-10-01 16:25:52.998 [info] > git for-each-ref --format=%(refname)%00%(upstream:short)%00%(objectname)%00%(upstream:track)%00%(upstream:remotename)%00%(upstream:remoteref) refs/heads/master refs/remotes/master [14ms]
2024-10-01 16:25:52.998 [warning] [Git][getBranch] No such branch: master
