0 verbose cli /home/ian5999/.nvm/versions/node/v21.6.0/bin/node /home/ian5999/.nvm/versions/node/v21.6.0/bin/npm
1 info using npm@10.2.4
2 info using node@v21.6.0
3 timing npm:load:whichnode Completed in 3ms
4 timing config:load:defaults Completed in 2ms
5 timing config:load:file:/home/ian5999/.nvm/versions/node/v21.6.0/lib/node_modules/npm/npmrc Completed in 1ms
6 timing config:load:builtin Completed in 1ms
7 timing config:load:cli Completed in 3ms
8 timing config:load:env Completed in 0ms
9 timing config:load:project Completed in 2ms
10 timing config:load:file:/home/ian5999/.npmrc Completed in 0ms
11 timing config:load:user Completed in 0ms
12 timing config:load:file:/home/ian5999/.nvm/versions/node/v21.6.0/etc/npmrc Completed in 0ms
13 timing config:load:global Completed in 1ms
14 timing config:load:setEnvs Completed in 1ms
15 timing config:load Completed in 11ms
16 timing npm:load:configload Completed in 11ms
17 timing config:load:flatten Completed in 3ms
18 timing npm:load:mkdirpcache Completed in 1ms
19 timing npm:load:mkdirplogs Completed in 0ms
20 verbose title npm install tailwindcss
21 verbose argv "install" "--save-dev" "tailwindcss"
22 timing npm:load:setTitle Completed in 1ms
23 timing npm:load:display Completed in 1ms
24 verbose logfile logs-max:10 dir:/home/ian5999/.npm/_logs/2024-01-18T12_48_23_632Z-
25 verbose logfile /home/ian5999/.npm/_logs/2024-01-18T12_48_23_632Z-debug-0.log
26 timing npm:load:logFile Completed in 11ms
27 timing npm:load:timers Completed in 0ms
28 timing npm:load:configScope Completed in 0ms
29 timing npm:load Completed in 57ms
30 timing config:load:flatten Completed in 1ms
31 timing arborist:ctor Completed in 1ms
32 silly logfile done cleaning log files
33 timing arborist:ctor Completed in 1ms
34 timing idealTree:init Completed in 20ms
35 timing idealTree:userRequests Completed in 3ms
36 silly idealTree buildDeps
37 silly fetch manifest tailwindcss@*
38 http fetch GET 200 https://registry.npmjs.org/tailwindcss 87ms (cache hit)
39 silly placeDep ROOT tailwindcss@3.4.1 OK for:  want: *
40 silly fetch manifest @alloc/quick-lru@^5.2.0
41 silly fetch manifest arg@^5.0.2
42 silly fetch manifest chokidar@^3.5.3
43 silly fetch manifest didyoumean@^1.2.2
44 silly fetch manifest dlv@^1.1.3
45 silly fetch manifest fast-glob@^3.3.0
46 silly fetch manifest glob-parent@^6.0.2
47 silly fetch manifest is-glob@^4.0.3
48 silly fetch manifest jiti@^1.19.1
49 silly fetch manifest lilconfig@^2.1.0
50 silly fetch manifest micromatch@^4.0.5
51 silly fetch manifest normalize-path@^3.0.0
52 silly fetch manifest object-hash@^3.0.0
53 silly fetch manifest picocolors@^1.0.0
54 silly fetch manifest postcss@^8.4.23
55 silly fetch manifest postcss-import@^15.1.0
56 silly fetch manifest postcss-js@^4.0.1
57 silly fetch manifest postcss-load-config@^4.0.1
58 silly fetch manifest postcss-nested@^6.0.1
59 silly fetch manifest postcss-selector-parser@^6.0.11
60 silly fetch manifest resolve@^1.22.2
61 silly fetch manifest sucrase@^3.32.0
62 http fetch GET 200 https://registry.npmjs.org/@alloc%2fquick-lru 121ms (cache hit)
63 http fetch GET 200 https://registry.npmjs.org/chokidar 122ms (cache hit)
64 http fetch GET 200 https://registry.npmjs.org/dlv 124ms (cache hit)
65 http fetch GET 200 https://registry.npmjs.org/didyoumean 126ms (cache hit)
66 http fetch GET 200 https://registry.npmjs.org/glob-parent 125ms (cache hit)
67 http fetch GET 200 https://registry.npmjs.org/jiti 124ms (cache hit)
68 http fetch GET 200 https://registry.npmjs.org/lilconfig 130ms (cache hit)
69 http fetch GET 200 https://registry.npmjs.org/fast-glob 136ms (cache hit)
70 http fetch GET 200 https://registry.npmjs.org/object-hash 136ms (cache hit)
71 http fetch GET 200 https://registry.npmjs.org/micromatch 138ms (cache hit)
72 http fetch GET 200 https://registry.npmjs.org/postcss-import 140ms (cache hit)
73 http fetch GET 200 https://registry.npmjs.org/postcss 144ms (cache hit)
74 http fetch GET 200 https://registry.npmjs.org/is-glob 156ms (cache hit)
75 http fetch GET 200 https://registry.npmjs.org/picocolors 154ms (cache hit)
76 http fetch GET 200 https://registry.npmjs.org/postcss-nested 154ms (cache hit)
77 http fetch GET 200 https://registry.npmjs.org/postcss-load-config 157ms (cache hit)
78 http fetch GET 200 https://registry.npmjs.org/postcss-js 160ms (cache hit)
79 http fetch GET 200 https://registry.npmjs.org/normalize-path 161ms (cache hit)
80 http fetch GET 200 https://registry.npmjs.org/resolve 160ms (cache hit)
81 http fetch GET 200 https://registry.npmjs.org/postcss-selector-parser 163ms (cache hit)
82 http fetch GET 200 https://registry.npmjs.org/arg 176ms (cache hit)
83 http fetch GET 200 https://registry.npmjs.org/sucrase 180ms (cache hit)
84 timing idealTree:#root Completed in 332ms
85 silly fetch manifest ts-node@>=9.0.0
86 http fetch GET 200 https://registry.npmjs.org/ts-node 8ms (cache hit)
87 silly fetch manifest @swc/core@>=1.2.50
88 http fetch GET 200 https://registry.npmjs.org/@swc%2fcore 22ms (cache hit)
89 silly fetch manifest @swc/helpers@^0.5.0
90 http fetch GET 200 https://registry.npmjs.org/@swc%2fhelpers 8ms (cache hit)
91 silly fetch manifest @swc/wasm@>=1.2.50
92 http fetch GET 200 https://registry.npmjs.org/@swc%2fwasm 12ms (cache hit)
93 silly fetch manifest @types/node@*
94 http fetch GET 200 https://registry.npmjs.org/@types%2fnode 19ms (cache hit)
95 silly fetch manifest typescript@>=2.7
96 http fetch GET 200 https://registry.npmjs.org/typescript 32ms (cache hit)
97 silly placeDep ROOT @alloc/quick-lru@5.2.0 OK for: tailwindcss@3.4.1 want: ^5.2.0
98 silly placeDep ROOT arg@5.0.2 OK for: tailwindcss@3.4.1 want: ^5.0.2
99 silly placeDep ROOT chokidar@3.5.3 OK for: tailwindcss@3.4.1 want: ^3.5.3
100 silly fetch manifest anymatch@~3.1.2
101 silly fetch manifest braces@~3.0.2
102 silly fetch manifest glob-parent@~5.1.2
103 silly fetch manifest is-binary-path@~2.1.0
104 silly fetch manifest is-glob@~4.0.1
105 silly fetch manifest normalize-path@~3.0.0
106 silly fetch manifest readdirp@~3.6.0
107 silly fetch manifest fsevents@~2.3.2
108 silly placeDep ROOT didyoumean@1.2.2 OK for: tailwindcss@3.4.1 want: ^1.2.2
109 silly placeDep ROOT dlv@1.1.3 OK for: tailwindcss@3.4.1 want: ^1.1.3
110 silly placeDep ROOT fast-glob@3.3.2 OK for: tailwindcss@3.4.1 want: ^3.3.0
111 silly fetch manifest @nodelib/fs.stat@^2.0.2
112 silly fetch manifest @nodelib/fs.walk@^1.2.3
113 silly fetch manifest glob-parent@^5.1.2
114 silly fetch manifest merge2@^1.3.0
115 silly fetch manifest micromatch@^4.0.4
116 silly placeDep ROOT glob-parent@6.0.2 OK for: tailwindcss@3.4.1 want: ^6.0.2
117 silly placeDep ROOT is-glob@4.0.3 OK for: tailwindcss@3.4.1 want: ^4.0.3
118 silly fetch manifest is-extglob@^2.1.1
119 silly placeDep ROOT jiti@1.21.0 OK for: tailwindcss@3.4.1 want: ^1.19.1
120 silly placeDep ROOT lilconfig@2.1.0 OK for: tailwindcss@3.4.1 want: ^2.1.0
121 silly placeDep ROOT micromatch@4.0.5 OK for: tailwindcss@3.4.1 want: ^4.0.5
122 silly fetch manifest braces@^3.0.2
123 silly fetch manifest picomatch@^2.3.1
124 silly placeDep ROOT normalize-path@3.0.0 OK for: tailwindcss@3.4.1 want: ^3.0.0
125 silly placeDep ROOT object-hash@3.0.0 OK for: tailwindcss@3.4.1 want: ^3.0.0
126 silly placeDep ROOT picocolors@1.0.0 OK for: tailwindcss@3.4.1 want: ^1.0.0
127 silly placeDep ROOT postcss@8.4.33 OK for: tailwindcss@3.4.1 want: ^8.4.23
128 silly fetch manifest nanoid@^3.3.7
129 silly fetch manifest source-map-js@^1.0.2
130 silly placeDep ROOT postcss-import@15.1.0 OK for: tailwindcss@3.4.1 want: ^15.1.0
131 silly fetch manifest postcss-value-parser@^4.0.0
132 silly fetch manifest read-cache@^1.0.0
133 silly fetch manifest resolve@^1.1.7
134 silly placeDep ROOT postcss-js@4.0.1 OK for: tailwindcss@3.4.1 want: ^4.0.1
135 silly fetch manifest camelcase-css@^2.0.1
136 silly placeDep ROOT postcss-load-config@4.0.2 OK for: tailwindcss@3.4.1 want: ^4.0.1
137 silly fetch manifest lilconfig@^3.0.0
138 silly fetch manifest yaml@^2.3.4
139 silly placeDep ROOT postcss-nested@6.0.1 OK for: tailwindcss@3.4.1 want: ^6.0.1
140 silly placeDep ROOT postcss-selector-parser@6.0.15 OK for: tailwindcss@3.4.1 want: ^6.0.11
141 silly fetch manifest cssesc@^3.0.0
142 silly fetch manifest util-deprecate@^1.0.2
143 silly placeDep ROOT resolve@1.22.8 OK for: tailwindcss@3.4.1 want: ^1.22.2
144 silly fetch manifest is-core-module@^2.13.0
145 silly fetch manifest path-parse@^1.0.7
146 silly fetch manifest supports-preserve-symlinks-flag@^1.0.0
147 silly placeDep ROOT sucrase@3.35.0 OK for: tailwindcss@3.4.1 want: ^3.32.0
148 silly fetch manifest @jridgewell/gen-mapping@^0.3.2
149 silly fetch manifest commander@^4.0.0
150 silly fetch manifest glob@^10.3.10
151 silly fetch manifest lines-and-columns@^1.1.6
152 silly fetch manifest mz@^2.7.0
153 silly fetch manifest pirates@^4.0.1
154 silly fetch manifest ts-interface-checker@^0.1.9
155 http fetch GET 200 https://registry.npmjs.org/anymatch 151ms (cache hit)
156 http fetch GET 200 https://registry.npmjs.org/merge2 135ms (cache hit)
157 http fetch GET 200 https://registry.npmjs.org/braces 154ms (cache hit)
158 http fetch GET 200 https://registry.npmjs.org/@nodelib%2ffs.walk 139ms (cache hit)
159 http fetch GET 200 https://registry.npmjs.org/readdirp 156ms (cache hit)
160 http fetch GET 200 https://registry.npmjs.org/nanoid 127ms (cache hit)
161 http fetch GET 200 https://registry.npmjs.org/braces 137ms (cache hit)
162 http fetch GET 200 https://registry.npmjs.org/is-extglob 141ms (cache hit)
163 http fetch GET 200 https://registry.npmjs.org/read-cache 128ms (cache hit)
164 http fetch GET 200 https://registry.npmjs.org/@nodelib%2ffs.stat 150ms (cache hit)
165 http fetch GET 200 https://registry.npmjs.org/picomatch 145ms (cache hit)
166 http fetch GET 200 https://registry.npmjs.org/is-binary-path 174ms (cache hit)
167 http fetch GET 200 https://registry.npmjs.org/yaml 132ms (cache hit)
168 http fetch GET 200 https://registry.npmjs.org/camelcase-css 141ms (cache hit)
169 http fetch GET 200 https://registry.npmjs.org/is-core-module 132ms (cache hit)
170 http fetch GET 200 https://registry.npmjs.org/source-map-js 153ms (cache hit)
171 http fetch GET 200 https://registry.npmjs.org/cssesc 140ms (cache hit)
172 http fetch GET 200 https://registry.npmjs.org/path-parse 138ms (cache hit)
173 http fetch GET 200 https://registry.npmjs.org/postcss-value-parser 155ms (cache hit)
174 http fetch GET 200 https://registry.npmjs.org/supports-preserve-symlinks-flag 142ms (cache hit)
175 http fetch GET 200 https://registry.npmjs.org/util-deprecate 145ms (cache hit)
176 http fetch GET 200 https://registry.npmjs.org/@jridgewell%2fgen-mapping 142ms (cache hit)
177 http fetch GET 200 https://registry.npmjs.org/glob 143ms (cache hit)
178 http fetch GET 200 https://registry.npmjs.org/lines-and-columns 147ms (cache hit)
179 http fetch GET 200 https://registry.npmjs.org/commander 154ms (cache hit)
180 http fetch GET 200 https://registry.npmjs.org/mz 159ms (cache hit)
181 http fetch GET 200 https://registry.npmjs.org/pirates 160ms (cache hit)
182 http fetch GET 200 https://registry.npmjs.org/ts-interface-checker 162ms (cache hit)
183 http fetch GET 200 https://registry.npmjs.org/fsevents 218ms (cache hit)
184 timing idealTree:node_modules/tailwindcss Completed in 446ms
185 timing idealTree:node_modules/@alloc/quick-lru Completed in 0ms
186 timing idealTree:node_modules/arg Completed in 0ms
187 silly placeDep ROOT anymatch@3.1.3 OK for: chokidar@3.5.3 want: ~3.1.2
188 silly fetch manifest picomatch@^2.0.4
189 silly placeDep ROOT braces@3.0.2 OK for: chokidar@3.5.3 want: ~3.0.2
190 silly fetch manifest fill-range@^7.0.1
191 silly placeDep ROOT fsevents@2.3.3 OK for: chokidar@3.5.3 want: ~2.3.2
192 silly placeDep node_modules/chokidar glob-parent@5.1.2 OK for: chokidar@3.5.3 want: ~5.1.2
193 silly placeDep ROOT is-binary-path@2.1.0 OK for: chokidar@3.5.3 want: ~2.1.0
194 silly fetch manifest binary-extensions@^2.0.0
195 silly placeDep ROOT readdirp@3.6.0 OK for: chokidar@3.5.3 want: ~3.6.0
196 silly fetch manifest picomatch@^2.2.1
197 http fetch GET 200 https://registry.npmjs.org/binary-extensions 19ms (cache hit)
198 http fetch GET 200 https://registry.npmjs.org/fill-range 44ms (cache hit)
199 timing idealTree:node_modules/chokidar Completed in 70ms
200 silly placeDep ROOT picomatch@2.3.1 OK for: anymatch@3.1.3 want: ^2.0.4
201 timing idealTree:node_modules/anymatch Completed in 8ms
202 silly placeDep ROOT fill-range@7.0.1 OK for: braces@3.0.2 want: ^7.0.1
203 silly fetch manifest to-regex-range@^5.0.1
204 http fetch GET 200 https://registry.npmjs.org/to-regex-range 14ms (cache hit)
205 timing idealTree:node_modules/braces Completed in 25ms
206 timing idealTree:node_modules/didyoumean Completed in 0ms
207 timing idealTree:node_modules/dlv Completed in 0ms
208 silly placeDep ROOT @nodelib/fs.stat@2.0.5 OK for: fast-glob@3.3.2 want: ^2.0.2
209 silly placeDep ROOT @nodelib/fs.walk@1.2.8 OK for: fast-glob@3.3.2 want: ^1.2.3
210 silly fetch manifest @nodelib/fs.scandir@2.1.5
211 silly fetch manifest fastq@^1.6.0
212 silly placeDep node_modules/fast-glob glob-parent@5.1.2 OK for: fast-glob@3.3.2 want: ^5.1.2
213 silly placeDep ROOT merge2@1.4.1 OK for: fast-glob@3.3.2 want: ^1.3.0
214 http fetch GET 200 https://registry.npmjs.org/fastq 14ms (cache hit)
215 http fetch GET 200 https://registry.npmjs.org/@nodelib%2ffs.scandir 16ms (cache hit)
216 timing idealTree:node_modules/fast-glob Completed in 29ms
217 timing idealTree:node_modules/@nodelib/fs.stat Completed in 0ms
218 silly placeDep ROOT @nodelib/fs.scandir@2.1.5 OK for: @nodelib/fs.walk@1.2.8 want: 2.1.5
219 silly fetch manifest run-parallel@^1.1.9
220 silly placeDep ROOT fastq@1.16.0 OK for: @nodelib/fs.walk@1.2.8 want: ^1.6.0
221 silly fetch manifest reusify@^1.0.4
222 http fetch GET 200 https://registry.npmjs.org/run-parallel 17ms (cache hit)
223 http fetch GET 200 https://registry.npmjs.org/reusify 17ms (cache hit)
224 timing idealTree:node_modules/@nodelib/fs.walk Completed in 23ms
225 silly placeDep ROOT run-parallel@1.2.0 OK for: @nodelib/fs.scandir@2.1.5 want: ^1.1.9
226 silly fetch manifest queue-microtask@^1.2.2
227 http fetch GET 200 https://registry.npmjs.org/queue-microtask 12ms (cache hit)
228 timing idealTree:node_modules/@nodelib/fs.scandir Completed in 18ms
229 silly placeDep ROOT reusify@1.0.4 OK for: fastq@1.16.0 want: ^1.0.4
230 timing idealTree:node_modules/fastq Completed in 4ms
231 silly placeDep ROOT to-regex-range@5.0.1 OK for: fill-range@7.0.1 want: ^5.0.1
232 silly fetch manifest is-number@^7.0.0
233 http fetch GET 200 https://registry.npmjs.org/is-number 16ms (cache hit)
234 timing idealTree:node_modules/fill-range Completed in 26ms
235 timing idealTree:node_modules/fsevents Completed in 0ms
236 timing idealTree:node_modules/glob-parent Completed in 0ms
237 silly placeDep ROOT binary-extensions@2.2.0 OK for: is-binary-path@2.1.0 want: ^2.0.0
238 timing idealTree:node_modules/is-binary-path Completed in 4ms
239 timing idealTree:node_modules/binary-extensions Completed in 0ms
240 silly placeDep ROOT is-extglob@2.1.1 OK for: is-glob@4.0.3 want: ^2.1.1
241 timing idealTree:node_modules/is-glob Completed in 4ms
242 timing idealTree:node_modules/is-extglob Completed in 0ms
243 timing idealTree:node_modules/jiti Completed in 0ms
244 timing idealTree:node_modules/lilconfig Completed in 0ms
245 timing idealTree:node_modules/merge2 Completed in 0ms
246 timing idealTree:node_modules/micromatch Completed in 0ms
247 timing idealTree:node_modules/normalize-path Completed in 0ms
248 timing idealTree:node_modules/object-hash Completed in 0ms
249 timing idealTree:node_modules/picocolors Completed in 0ms
250 timing idealTree:node_modules/picomatch Completed in 0ms
251 silly placeDep ROOT nanoid@3.3.7 OK for: postcss@8.4.33 want: ^3.3.7
252 silly placeDep ROOT source-map-js@1.0.2 OK for: postcss@8.4.33 want: ^1.0.2
253 timing idealTree:node_modules/postcss Completed in 6ms
254 timing idealTree:node_modules/nanoid Completed in 0ms
255 silly placeDep ROOT postcss-value-parser@4.2.0 OK for: postcss-import@15.1.0 want: ^4.0.0
256 silly placeDep ROOT read-cache@1.0.0 OK for: postcss-import@15.1.0 want: ^1.0.0
257 silly fetch manifest pify@^2.3.0
258 http fetch GET 200 https://registry.npmjs.org/pify 25ms (cache hit)
259 timing idealTree:node_modules/postcss-import Completed in 41ms
260 silly placeDep ROOT camelcase-css@2.0.1 OK for: postcss-js@4.0.1 want: ^2.0.1
261 timing idealTree:node_modules/postcss-js Completed in 10ms
262 timing idealTree:node_modules/camelcase-css Completed in 0ms
263 silly placeDep node_modules/postcss-load-config lilconfig@3.0.0 OK for: postcss-load-config@4.0.2 want: ^3.0.0
264 silly placeDep ROOT yaml@2.3.4 OK for: postcss-load-config@4.0.2 want: ^2.3.4
265 timing idealTree:node_modules/postcss-load-config Completed in 18ms
266 timing idealTree:node_modules/postcss-nested Completed in 0ms
267 silly placeDep ROOT cssesc@3.0.0 OK for: postcss-selector-parser@6.0.15 want: ^3.0.0
268 silly placeDep ROOT util-deprecate@1.0.2 OK for: postcss-selector-parser@6.0.15 want: ^1.0.2
269 timing idealTree:node_modules/postcss-selector-parser Completed in 14ms
270 timing idealTree:node_modules/cssesc Completed in 0ms
271 timing idealTree:node_modules/postcss-value-parser Completed in 0ms
272 silly placeDep ROOT pify@2.3.0 OK for: read-cache@1.0.0 want: ^2.3.0
273 timing idealTree:node_modules/read-cache Completed in 3ms
274 timing idealTree:node_modules/pify Completed in 0ms
275 timing idealTree:node_modules/readdirp Completed in 0ms
276 silly placeDep ROOT is-core-module@2.13.1 OK for: resolve@1.22.8 want: ^2.13.0
277 silly fetch manifest hasown@^2.0.0
278 silly placeDep ROOT path-parse@1.0.7 OK for: resolve@1.22.8 want: ^1.0.7
279 silly placeDep ROOT supports-preserve-symlinks-flag@1.0.0 OK for: resolve@1.22.8 want: ^1.0.0
280 http fetch GET 200 https://registry.npmjs.org/hasown 12ms (cache hit)
281 timing idealTree:node_modules/resolve Completed in 17ms
282 silly placeDep ROOT hasown@2.0.0 OK for: is-core-module@2.13.1 want: ^2.0.0
283 silly fetch manifest function-bind@^1.1.2
284 http fetch GET 200 https://registry.npmjs.org/function-bind 10ms (cache hit)
285 timing idealTree:node_modules/is-core-module Completed in 15ms
286 silly placeDep ROOT function-bind@1.1.2 OK for: hasown@2.0.0 want: ^1.1.2
287 timing idealTree:node_modules/hasown Completed in 2ms
288 timing idealTree:node_modules/function-bind Completed in 0ms
289 timing idealTree:node_modules/path-parse Completed in 0ms
290 timing idealTree:node_modules/reusify Completed in 0ms
291 silly placeDep ROOT queue-microtask@1.2.3 OK for: run-parallel@1.2.0 want: ^1.2.2
292 timing idealTree:node_modules/run-parallel Completed in 1ms
293 timing idealTree:node_modules/queue-microtask Completed in 0ms
294 timing idealTree:node_modules/source-map-js Completed in 0ms
295 silly placeDep ROOT @jridgewell/gen-mapping@0.3.3 OK for: sucrase@3.35.0 want: ^0.3.2
296 silly fetch manifest @jridgewell/set-array@^1.0.1
297 silly fetch manifest @jridgewell/sourcemap-codec@^1.4.10
298 silly fetch manifest @jridgewell/trace-mapping@^0.3.9
299 silly placeDep ROOT commander@4.1.1 OK for: sucrase@3.35.0 want: ^4.0.0
300 silly placeDep ROOT glob@10.3.10 OK for: sucrase@3.35.0 want: ^10.3.10
301 silly fetch manifest foreground-child@^3.1.0
302 silly fetch manifest jackspeak@^2.3.5
303 silly fetch manifest minimatch@^9.0.1
304 silly fetch manifest minipass@^5.0.0 || ^6.0.2 || ^7.0.0
305 silly fetch manifest path-scurry@^1.10.1
306 silly placeDep ROOT lines-and-columns@1.2.4 OK for: sucrase@3.35.0 want: ^1.1.6
307 silly placeDep ROOT mz@2.7.0 OK for: sucrase@3.35.0 want: ^2.7.0
308 silly fetch manifest any-promise@^1.0.0
309 silly fetch manifest object-assign@^4.0.1
310 silly fetch manifest thenify-all@^1.0.0
311 silly placeDep ROOT pirates@4.0.6 OK for: sucrase@3.35.0 want: ^4.0.1
312 silly placeDep ROOT ts-interface-checker@0.1.13 OK for: sucrase@3.35.0 want: ^0.1.9
313 http fetch GET 200 https://registry.npmjs.org/@jridgewell%2fsourcemap-codec 54ms (cache hit)
314 http fetch GET 200 https://registry.npmjs.org/@jridgewell%2fset-array 57ms (cache hit)
315 http fetch GET 200 https://registry.npmjs.org/foreground-child 53ms (cache hit)
316 http fetch GET 200 https://registry.npmjs.org/@jridgewell%2ftrace-mapping 61ms (cache hit)
317 http fetch GET 200 https://registry.npmjs.org/thenify-all 44ms (cache hit)
318 http fetch GET 200 https://registry.npmjs.org/jackspeak 57ms (cache hit)
319 http fetch GET 200 https://registry.npmjs.org/object-assign 50ms (cache hit)
320 http fetch GET 200 https://registry.npmjs.org/minipass 60ms (cache hit)
321 http fetch GET 200 https://registry.npmjs.org/any-promise 58ms (cache hit)
322 http fetch GET 200 https://registry.npmjs.org/minimatch 77ms (cache hit)
323 http fetch GET 200 https://registry.npmjs.org/path-scurry 78ms (cache hit)
324 timing idealTree:node_modules/sucrase Completed in 97ms
325 silly placeDep ROOT @jridgewell/set-array@1.1.2 OK for: @jridgewell/gen-mapping@0.3.3 want: ^1.0.1
326 silly placeDep ROOT @jridgewell/sourcemap-codec@1.4.15 OK for: @jridgewell/gen-mapping@0.3.3 want: ^1.4.10
327 silly placeDep ROOT @jridgewell/trace-mapping@0.3.21 OK for: @jridgewell/gen-mapping@0.3.3 want: ^0.3.9
328 silly fetch manifest @jridgewell/resolve-uri@^3.1.0
329 http fetch GET 200 https://registry.npmjs.org/@jridgewell%2fresolve-uri 7ms (cache hit)
330 timing idealTree:node_modules/@jridgewell/gen-mapping Completed in 16ms
331 timing idealTree:node_modules/@jridgewell/set-array Completed in 0ms
332 timing idealTree:node_modules/@jridgewell/sourcemap-codec Completed in 0ms
333 silly placeDep ROOT @jridgewell/resolve-uri@3.1.1 OK for: @jridgewell/trace-mapping@0.3.21 want: ^3.1.0
334 timing idealTree:node_modules/@jridgewell/trace-mapping Completed in 1ms
335 timing idealTree:node_modules/@jridgewell/resolve-uri Completed in 0ms
336 timing idealTree:node_modules/commander Completed in 0ms
337 silly placeDep ROOT foreground-child@3.1.1 OK for: glob@10.3.10 want: ^3.1.0
338 silly fetch manifest cross-spawn@^7.0.0
339 silly fetch manifest signal-exit@^4.0.1
340 silly placeDep ROOT jackspeak@2.3.6 OK for: glob@10.3.10 want: ^2.3.5
341 silly fetch manifest @isaacs/cliui@^8.0.2
342 silly fetch manifest @pkgjs/parseargs@^0.11.0
343 silly placeDep ROOT minimatch@9.0.3 OK for: glob@10.3.10 want: ^9.0.1
344 silly fetch manifest brace-expansion@^2.0.1
345 silly placeDep ROOT minipass@7.0.4 OK for: glob@10.3.10 want: ^5.0.0 || ^6.0.2 || ^7.0.0
346 silly placeDep ROOT path-scurry@1.10.1 OK for: glob@10.3.10 want: ^1.10.1
347 silly fetch manifest lru-cache@^9.1.1 || ^10.0.0
348 http fetch GET 200 https://registry.npmjs.org/@pkgjs%2fparseargs 36ms (cache hit)
349 http fetch GET 200 https://registry.npmjs.org/cross-spawn 44ms (cache hit)
350 http fetch GET 200 https://registry.npmjs.org/@isaacs%2fcliui 41ms (cache hit)
351 http fetch GET 200 https://registry.npmjs.org/brace-expansion 37ms (cache hit)
352 http fetch GET 200 https://registry.npmjs.org/signal-exit 49ms (cache hit)
353 http fetch GET 200 https://registry.npmjs.org/lru-cache 35ms (cache hit)
354 timing idealTree:node_modules/glob Completed in 64ms
355 silly placeDep ROOT cross-spawn@7.0.3 OK for: foreground-child@3.1.1 want: ^7.0.0
356 silly fetch manifest path-key@^3.1.0
357 silly fetch manifest shebang-command@^2.0.0
358 silly fetch manifest which@^2.0.1
359 silly placeDep ROOT signal-exit@4.1.0 OK for: foreground-child@3.1.1 want: ^4.0.1
360 http fetch GET 200 https://registry.npmjs.org/shebang-command 13ms (cache hit)
361 http fetch GET 200 https://registry.npmjs.org/path-key 15ms (cache hit)
362 http fetch GET 200 https://registry.npmjs.org/which 15ms (cache hit)
363 timing idealTree:node_modules/foreground-child Completed in 22ms
364 silly placeDep ROOT path-key@3.1.1 OK for: cross-spawn@7.0.3 want: ^3.1.0
365 silly placeDep ROOT shebang-command@2.0.0 OK for: cross-spawn@7.0.3 want: ^2.0.0
366 silly fetch manifest shebang-regex@^3.0.0
367 silly placeDep ROOT which@2.0.2 OK for: cross-spawn@7.0.3 want: ^2.0.1
368 silly fetch manifest isexe@^2.0.0
369 http fetch GET 200 https://registry.npmjs.org/isexe 13ms (cache hit)
370 http fetch GET 200 https://registry.npmjs.org/shebang-regex 15ms (cache hit)
371 timing idealTree:node_modules/cross-spawn Completed in 20ms
372 silly placeDep ROOT @isaacs/cliui@8.0.2 OK for: jackspeak@2.3.6 want: ^8.0.2
373 silly fetch manifest string-width@^5.1.2
374 silly fetch manifest string-width-cjs@npm:string-width@^4.2.0
375 silly fetch manifest strip-ansi@^7.0.1
376 silly fetch manifest strip-ansi-cjs@npm:strip-ansi@^6.0.1
377 silly fetch manifest wrap-ansi@^8.1.0
378 silly fetch manifest wrap-ansi-cjs@npm:wrap-ansi@^7.0.0
379 silly placeDep ROOT @pkgjs/parseargs@0.11.0 OK for: jackspeak@2.3.6 want: ^0.11.0
380 http fetch GET 200 https://registry.npmjs.org/string-width 21ms (cache hit)
381 http fetch GET 200 https://registry.npmjs.org/string-width 22ms (cache hit)
382 http fetch GET 200 https://registry.npmjs.org/wrap-ansi 21ms (cache hit)
383 http fetch GET 200 https://registry.npmjs.org/strip-ansi 24ms (cache hit)
384 http fetch GET 200 https://registry.npmjs.org/wrap-ansi 28ms (cache hit)
385 http fetch GET 200 https://registry.npmjs.org/strip-ansi 30ms (cache hit)
386 timing idealTree:node_modules/jackspeak Completed in 38ms
387 silly placeDep ROOT string-width@5.1.2 OK for: @isaacs/cliui@8.0.2 want: ^5.1.2
388 silly fetch manifest eastasianwidth@^0.2.0
389 silly fetch manifest emoji-regex@^9.2.2
390 silly placeDep ROOT string-width-cjs@4.2.3 OK for: @isaacs/cliui@8.0.2 want: npm:string-width@^4.2.0
391 silly fetch manifest emoji-regex@^8.0.0
392 silly fetch manifest is-fullwidth-code-point@^3.0.0
393 silly fetch manifest strip-ansi@^6.0.1
394 silly placeDep ROOT strip-ansi@7.1.0 OK for: @isaacs/cliui@8.0.2 want: ^7.0.1
395 silly fetch manifest ansi-regex@^6.0.1
396 silly placeDep ROOT strip-ansi-cjs@6.0.1 OK for: @isaacs/cliui@8.0.2 want: npm:strip-ansi@^6.0.1
397 silly fetch manifest ansi-regex@^5.0.1
398 silly placeDep ROOT wrap-ansi@8.1.0 OK for: @isaacs/cliui@8.0.2 want: ^8.1.0
399 silly fetch manifest ansi-styles@^6.1.0
400 silly placeDep ROOT wrap-ansi-cjs@7.0.0 OK for: @isaacs/cliui@8.0.2 want: npm:wrap-ansi@^7.0.0
401 silly fetch manifest ansi-styles@^4.0.0
402 silly fetch manifest string-width@^4.1.0
403 silly fetch manifest strip-ansi@^6.0.0
404 http fetch GET 200 https://registry.npmjs.org/emoji-regex 55ms (cache hit)
405 http fetch GET 200 https://registry.npmjs.org/eastasianwidth 58ms (cache hit)
406 http fetch GET 200 https://registry.npmjs.org/is-fullwidth-code-point 55ms (cache hit)
407 http fetch GET 200 https://registry.npmjs.org/ansi-styles 46ms (cache hit)
408 http fetch GET 200 https://registry.npmjs.org/ansi-regex 56ms (cache hit)
409 http fetch GET 200 https://registry.npmjs.org/ansi-styles 53ms (cache hit)
410 http fetch GET 200 https://registry.npmjs.org/ansi-regex 58ms (cache hit)
411 http fetch GET 200 https://registry.npmjs.org/emoji-regex 64ms (cache hit)
412 timing idealTree:node_modules/@isaacs/cliui Completed in 78ms
413 timing idealTree:node_modules/@pkgjs/parseargs Completed in 0ms
414 timing idealTree:node_modules/lines-and-columns Completed in 1ms
415 silly placeDep ROOT brace-expansion@2.0.1 OK for: minimatch@9.0.3 want: ^2.0.1
416 silly fetch manifest balanced-match@^1.0.0
417 http fetch GET 200 https://registry.npmjs.org/balanced-match 11ms (cache hit)
418 timing idealTree:node_modules/minimatch Completed in 16ms
419 silly placeDep ROOT balanced-match@1.0.2 OK for: brace-expansion@2.0.1 want: ^1.0.0
420 timing idealTree:node_modules/brace-expansion Completed in 2ms
421 timing idealTree:node_modules/balanced-match Completed in 0ms
422 timing idealTree:node_modules/minipass Completed in 0ms
423 silly placeDep ROOT any-promise@1.3.0 OK for: mz@2.7.0 want: ^1.0.0
424 silly placeDep ROOT object-assign@4.1.1 OK for: mz@2.7.0 want: ^4.0.1
425 silly placeDep ROOT thenify-all@1.6.0 OK for: mz@2.7.0 want: ^1.0.0
426 silly fetch manifest thenify@>= 3.1.0 < 4
427 http fetch GET 200 https://registry.npmjs.org/thenify 10ms (cache hit)
428 timing idealTree:node_modules/mz Completed in 28ms
429 timing idealTree:node_modules/any-promise Completed in 0ms
430 timing idealTree:node_modules/object-assign Completed in 0ms
431 timing idealTree:node_modules/path-key Completed in 0ms
432 silly placeDep ROOT lru-cache@10.1.0 OK for: path-scurry@1.10.1 want: ^9.1.1 || ^10.0.0
433 timing idealTree:node_modules/path-scurry Completed in 4ms
434 timing idealTree:node_modules/lru-cache Completed in 0ms
435 timing idealTree:node_modules/pirates Completed in 0ms
436 silly placeDep ROOT shebang-regex@3.0.0 OK for: shebang-command@2.0.0 want: ^3.0.0
437 timing idealTree:node_modules/shebang-command Completed in 5ms
438 timing idealTree:node_modules/shebang-regex Completed in 0ms
439 timing idealTree:node_modules/signal-exit Completed in 0ms
440 silly placeDep ROOT eastasianwidth@0.2.0 OK for: string-width@5.1.2 want: ^0.2.0
441 silly placeDep ROOT emoji-regex@9.2.2 OK for: string-width@5.1.2 want: ^9.2.2
442 timing idealTree:node_modules/string-width Completed in 8ms
443 timing idealTree:node_modules/eastasianwidth Completed in 0ms
444 timing idealTree:node_modules/emoji-regex Completed in 0ms
445 silly placeDep node_modules/string-width-cjs emoji-regex@8.0.0 OK for: string-width@4.2.3 want: ^8.0.0
446 silly placeDep ROOT is-fullwidth-code-point@3.0.0 OK for: string-width@4.2.3 want: ^3.0.0
447 silly placeDep node_modules/string-width-cjs strip-ansi@6.0.1 OK for: string-width@4.2.3 want: ^6.0.1
448 timing idealTree:node_modules/string-width-cjs Completed in 5ms
449 timing idealTree:node_modules/is-fullwidth-code-point Completed in 0ms
450 silly placeDep ROOT ansi-regex@6.0.1 OK for: strip-ansi@7.1.0 want: ^6.0.1
451 timing idealTree:node_modules/strip-ansi Completed in 5ms
452 timing idealTree:node_modules/ansi-regex Completed in 0ms
453 silly placeDep node_modules/strip-ansi-cjs ansi-regex@5.0.1 OK for: strip-ansi@6.0.1 want: ^5.0.1
454 timing idealTree:node_modules/strip-ansi-cjs Completed in 5ms
455 timing idealTree:node_modules/supports-preserve-symlinks-flag Completed in 0ms
456 silly placeDep ROOT thenify@3.3.1 OK for: thenify-all@1.6.0 want: >= 3.1.0 < 4
457 timing idealTree:node_modules/thenify-all Completed in 2ms
458 timing idealTree:node_modules/thenify Completed in 0ms
459 silly placeDep ROOT is-number@7.0.0 OK for: to-regex-range@5.0.1 want: ^7.0.0
460 timing idealTree:node_modules/to-regex-range Completed in 3ms
461 timing idealTree:node_modules/is-number Completed in 0ms
462 timing idealTree:node_modules/ts-interface-checker Completed in 0ms
463 timing idealTree:node_modules/util-deprecate Completed in 0ms
464 silly placeDep ROOT isexe@2.0.0 OK for: which@2.0.2 want: ^2.0.0
465 timing idealTree:node_modules/which Completed in 3ms
466 timing idealTree:node_modules/isexe Completed in 0ms
467 silly placeDep ROOT ansi-styles@6.2.1 OK for: wrap-ansi@8.1.0 want: ^6.1.0
468 timing idealTree:node_modules/wrap-ansi Completed in 3ms
469 timing idealTree:node_modules/ansi-styles Completed in 0ms
470 silly placeDep node_modules/wrap-ansi-cjs ansi-styles@4.3.0 OK for: wrap-ansi@7.0.0 want: ^4.0.0
471 silly fetch manifest color-convert@^2.0.1
472 silly placeDep node_modules/wrap-ansi-cjs string-width@4.2.3 OK for: wrap-ansi@7.0.0 want: ^4.1.0
473 silly placeDep node_modules/wrap-ansi-cjs strip-ansi@6.0.1 OK for: wrap-ansi@7.0.0 want: ^6.0.0
474 http fetch GET 200 https://registry.npmjs.org/color-convert 17ms (cache hit)
475 timing idealTree:node_modules/wrap-ansi-cjs Completed in 22ms
476 timing idealTree:node_modules/yaml Completed in 0ms
477 timing idealTree:node_modules/chokidar/node_modules/glob-parent Completed in 0ms
478 timing idealTree:node_modules/fast-glob/node_modules/glob-parent Completed in 0ms
479 timing idealTree:node_modules/postcss-load-config/node_modules/lilconfig Completed in 0ms
480 timing idealTree:node_modules/string-width-cjs/node_modules/emoji-regex Completed in 0ms
481 silly placeDep node_modules/string-width-cjs ansi-regex@5.0.1 OK for: strip-ansi@6.0.1 want: ^5.0.1
482 timing idealTree:node_modules/string-width-cjs/node_modules/strip-ansi Completed in 3ms
483 timing idealTree:node_modules/string-width-cjs/node_modules/ansi-regex Completed in 0ms
484 timing idealTree:node_modules/strip-ansi-cjs/node_modules/ansi-regex Completed in 0ms
485 silly placeDep ROOT color-convert@2.0.1 OK for: ansi-styles@4.3.0 want: ^2.0.1
486 silly fetch manifest color-name@~1.1.4
487 http fetch GET 200 https://registry.npmjs.org/color-name 8ms (cache hit)
488 timing idealTree:node_modules/wrap-ansi-cjs/node_modules/ansi-styles Completed in 14ms
489 silly placeDep ROOT color-name@1.1.4 OK for: color-convert@2.0.1 want: ~1.1.4
490 timing idealTree:node_modules/color-convert Completed in 6ms
491 timing idealTree:node_modules/color-name Completed in 0ms
492 silly placeDep node_modules/wrap-ansi-cjs emoji-regex@8.0.0 OK for: string-width@4.2.3 want: ^8.0.0
493 timing idealTree:node_modules/wrap-ansi-cjs/node_modules/string-width Completed in 3ms
494 timing idealTree:node_modules/wrap-ansi-cjs/node_modules/emoji-regex Completed in 0ms
495 silly placeDep node_modules/wrap-ansi-cjs ansi-regex@5.0.1 OK for: strip-ansi@6.0.1 want: ^5.0.1
496 timing idealTree:node_modules/wrap-ansi-cjs/node_modules/strip-ansi Completed in 4ms
497 timing idealTree:node_modules/wrap-ansi-cjs/node_modules/ansi-regex Completed in 0ms
498 timing idealTree:buildDeps Completed in 1625ms
499 timing idealTree:fixDepFlags Completed in 3ms
500 timing idealTree Completed in 1657ms
501 timing reify:loadTrees Completed in 1659ms
502 timing reify:diffTrees Completed in 7ms
503 silly reify moves {}
504 timing reify:retireShallow Completed in 3ms
505 timing reify:createSparse Completed in 110ms
506 timing reify:loadBundles Completed in 0ms
507 verbose reify failed optional dependency /home/ian5999/node_modules/fsevents
508 silly reify mark deleted [ '/home/ian5999/node_modules/fsevents' ]
509 timing reifyNode:node_modules/fsevents Completed in 41ms
510 timing reifyNode:node_modules/eastasianwidth Completed in 392ms
511 timing reifyNode:node_modules/object-assign Completed in 400ms
512 timing reifyNode:node_modules/pify Completed in 394ms
513 timing reifyNode:node_modules/path-parse Completed in 394ms
514 timing reifyNode:node_modules/read-cache Completed in 394ms
515 timing reifyNode:node_modules/is-extglob Completed in 394ms
516 timing reifyNode:node_modules/normalize-path Completed in 390ms
517 timing reifyNode:node_modules/glob-parent Completed in 396ms
518 timing reifyNode:node_modules/merge2 Completed in 401ms
519 timing reifyNode:node_modules/run-parallel Completed in 402ms
520 timing reifyNode:node_modules/color-name Completed in 413ms
521 timing reifyNode:node_modules/is-number Completed in 412ms
522 timing reifyNode:node_modules/wrap-ansi-cjs Completed in 411ms
523 timing reifyNode:node_modules/shebang-command Completed in 410ms
524 timing reifyNode:node_modules/thenify-all Completed in 413ms
525 timing reifyNode:node_modules/shebang-regex Completed in 413ms
526 timing reifyNode:node_modules/queue-microtask Completed in 415ms
527 timing reifyNode:node_modules/camelcase-css Completed in 414ms
528 timing reifyNode:node_modules/fill-range Completed in 413ms
529 timing reifyNode:node_modules/anymatch Completed in 412ms
530 timing reifyNode:node_modules/is-binary-path Completed in 413ms
531 timing reifyNode:node_modules/postcss-nested Completed in 412ms
532 timing reifyNode:node_modules/is-glob Completed in 410ms
533 timing reifyNode:node_modules/arg Completed in 410ms
534 timing reifyNode:node_modules/didyoumean Completed in 410ms
535 timing reifyNode:node_modules/is-fullwidth-code-point Completed in 423ms
536 timing reifyNode:node_modules/thenify Completed in 423ms
537 timing reifyNode:node_modules/to-regex-range Completed in 414ms
538 timing reifyNode:node_modules/ansi-regex Completed in 423ms
539 timing reifyNode:node_modules/wrap-ansi Completed in 421ms
540 timing reifyNode:node_modules/strip-ansi Completed in 421ms
541 timing reifyNode:node_modules/string-width Completed in 430ms
542 timing reifyNode:node_modules/path-key Completed in 431ms
543 timing reifyNode:node_modules/string-width-cjs Completed in 432ms
544 timing reifyNode:node_modules/ansi-styles Completed in 434ms
545 timing reifyNode:node_modules/lines-and-columns Completed in 428ms
546 timing reifyNode:node_modules/strip-ansi-cjs Completed in 432ms
547 timing reifyNode:node_modules/util-deprecate Completed in 427ms
548 timing reifyNode:node_modules/micromatch Completed in 422ms
549 timing reifyNode:node_modules/balanced-match Completed in 433ms
550 timing reifyNode:node_modules/brace-expansion Completed in 434ms
551 timing reifyNode:node_modules/pirates Completed in 440ms
552 timing reifyNode:node_modules/binary-extensions Completed in 437ms
553 timing reifyNode:node_modules/readdirp Completed in 437ms
554 timing reifyNode:node_modules/picocolors Completed in 434ms
555 timing reifyNode:node_modules/@alloc/quick-lru Completed in 434ms
556 timing reifyNode:node_modules/wrap-ansi-cjs/node_modules/ansi-regex Completed in 452ms
557 timing reifyNode:node_modules/wrap-ansi-cjs/node_modules/strip-ansi Completed in 451ms
558 timing reifyNode:node_modules/wrap-ansi-cjs/node_modules/string-width Completed in 451ms
559 timing reifyNode:node_modules/strip-ansi-cjs/node_modules/ansi-regex Completed in 451ms
560 timing reifyNode:node_modules/string-width-cjs/node_modules/ansi-regex Completed in 451ms
561 timing reifyNode:node_modules/chokidar/node_modules/glob-parent Completed in 440ms
562 timing reifyNode:node_modules/string-width-cjs/node_modules/strip-ansi Completed in 450ms
563 timing reifyNode:node_modules/fast-glob/node_modules/glob-parent Completed in 440ms
564 timing reifyNode:node_modules/which Completed in 451ms
565 timing reifyNode:node_modules/lilconfig Completed in 442ms
566 timing reifyNode:node_modules/wrap-ansi-cjs/node_modules/ansi-styles Completed in 459ms
567 timing reifyNode:node_modules/color-convert Completed in 463ms
568 timing reifyNode:node_modules/cssesc Completed in 461ms
569 timing reifyNode:node_modules/postcss-js Completed in 457ms
570 timing reifyNode:node_modules/object-hash Completed in 456ms
571 timing reifyNode:node_modules/dlv Completed in 455ms
572 timing reifyNode:node_modules/isexe Completed in 468ms
573 timing reifyNode:node_modules/postcss-load-config/node_modules/lilconfig Completed in 466ms
574 timing reifyNode:node_modules/postcss-load-config Completed in 468ms
575 timing reifyNode:node_modules/reusify Completed in 473ms
576 timing reifyNode:node_modules/mz Completed in 476ms
577 timing reifyNode:node_modules/supports-preserve-symlinks-flag Completed in 475ms
578 timing reifyNode:node_modules/cross-spawn Completed in 483ms
579 timing reifyNode:node_modules/@jridgewell/set-array Completed in 480ms
580 timing reifyNode:node_modules/@isaacs/cliui Completed in 483ms
581 timing reifyNode:node_modules/commander Completed in 481ms
582 timing reifyNode:node_modules/postcss-value-parser Completed in 479ms
583 timing reifyNode:node_modules/hasown Completed in 484ms
584 timing reifyNode:node_modules/is-core-module Completed in 484ms
585 timing reifyNode:node_modules/string-width-cjs/node_modules/emoji-regex Completed in 494ms
586 timing reifyNode:node_modules/@jridgewell/resolve-uri Completed in 494ms
587 timing reifyNode:node_modules/wrap-ansi-cjs/node_modules/emoji-regex Completed in 496ms
588 timing reifyNode:node_modules/postcss-import Completed in 487ms
589 timing reifyNode:node_modules/braces Completed in 493ms
590 timing reifyNode:node_modules/@jridgewell/sourcemap-codec Completed in 504ms
591 timing reifyNode:node_modules/ts-interface-checker Completed in 503ms
592 timing reifyNode:node_modules/function-bind Completed in 508ms
593 timing reifyNode:node_modules/picomatch Completed in 506ms
594 timing reifyNode:node_modules/chokidar Completed in 502ms
595 timing reifyNode:node_modules/@jridgewell/gen-mapping Completed in 528ms
596 timing reifyNode:node_modules/fastq Completed in 531ms
597 timing reifyNode:node_modules/@nodelib/fs.stat Completed in 534ms
598 timing reifyNode:node_modules/@pkgjs/parseargs Completed in 543ms
599 timing reifyNode:node_modules/emoji-regex Completed in 549ms
600 timing reifyNode:node_modules/source-map-js Completed in 551ms
601 timing reifyNode:node_modules/nanoid Completed in 551ms
602 timing reifyNode:node_modules/@nodelib/fs.scandir Completed in 554ms
603 timing reifyNode:node_modules/@jridgewell/trace-mapping Completed in 562ms
604 timing reifyNode:node_modules/@nodelib/fs.walk Completed in 566ms
605 timing reifyNode:node_modules/any-promise Completed in 576ms
606 timing reifyNode:node_modules/minipass Completed in 578ms
607 timing reifyNode:node_modules/signal-exit Completed in 583ms
608 timing reifyNode:node_modules/foreground-child Completed in 587ms
609 timing reifyNode:node_modules/jackspeak Completed in 597ms
610 timing reifyNode:node_modules/lru-cache Completed in 605ms
611 timing reifyNode:node_modules/path-scurry Completed in 602ms
612 timing reifyNode:node_modules/postcss-selector-parser Completed in 602ms
613 timing reifyNode:node_modules/postcss Completed in 627ms
614 timing reifyNode:node_modules/fast-glob Completed in 629ms
615 timing reifyNode:node_modules/minimatch Completed in 640ms
616 timing reifyNode:node_modules/glob Completed in 656ms
617 timing reifyNode:node_modules/jiti Completed in 657ms
618 timing reifyNode:node_modules/resolve Completed in 712ms
619 timing reifyNode:node_modules/sucrase Completed in 764ms
620 timing reifyNode:node_modules/yaml Completed in 770ms
621 timing reifyNode:node_modules/tailwindcss Completed in 844ms
622 timing reify:unpack Completed in 859ms
623 timing reify:unretire Completed in 0ms
624 timing build:queue Completed in 8ms
625 timing build:link:node_modules/cssesc Completed in 6ms
626 timing build:link:node_modules/which Completed in 4ms
627 timing build:link:node_modules/glob Completed in 5ms
628 timing build:link:node_modules/jiti Completed in 5ms
629 timing build:link:node_modules/nanoid Completed in 6ms
630 timing build:link:node_modules/resolve Completed in 6ms
631 timing build:link:node_modules/tailwindcss Completed in 5ms
632 timing build:link:node_modules/sucrase Completed in 6ms
633 timing build:link Completed in 7ms
634 timing build:deps Completed in 15ms
635 timing build Completed in 15ms
636 timing reify:build Completed in 16ms
637 timing reify:trash Completed in 1ms
638 timing reify:save Completed in 36ms
639 timing reify Completed in 2734ms
640 silly ADD node_modules/color-name
641 silly ADD node_modules/color-convert
642 silly ADD node_modules/ansi-styles
643 silly ADD node_modules/isexe
644 silly ADD node_modules/is-number
645 silly ADD node_modules/thenify
646 silly ADD node_modules/ansi-regex
647 silly ADD node_modules/is-fullwidth-code-point
648 silly ADD node_modules/emoji-regex
649 silly ADD node_modules/eastasianwidth
650 silly ADD node_modules/shebang-regex
651 silly ADD node_modules/lru-cache
652 silly ADD node_modules/thenify-all
653 silly ADD node_modules/object-assign
654 silly ADD node_modules/any-promise
655 silly ADD node_modules/balanced-match
656 silly ADD node_modules/brace-expansion
657 silly ADD node_modules/wrap-ansi-cjs
658 silly ADD node_modules/wrap-ansi-cjs/node_modules/ansi-regex
659 silly ADD node_modules/wrap-ansi-cjs/node_modules/emoji-regex
660 silly ADD node_modules/wrap-ansi-cjs/node_modules/strip-ansi
661 silly ADD node_modules/wrap-ansi-cjs/node_modules/string-width
662 silly ADD node_modules/wrap-ansi-cjs/node_modules/ansi-styles
663 silly ADD node_modules/wrap-ansi
664 silly ADD node_modules/strip-ansi-cjs
665 silly ADD node_modules/strip-ansi-cjs/node_modules/ansi-regex
666 silly ADD node_modules/strip-ansi
667 silly ADD node_modules/string-width-cjs
668 silly ADD node_modules/string-width-cjs/node_modules/ansi-regex
669 silly ADD node_modules/string-width-cjs/node_modules/strip-ansi
670 silly ADD node_modules/string-width-cjs/node_modules/emoji-regex
671 silly ADD node_modules/string-width
672 silly ADD node_modules/@pkgjs/parseargs
673 silly ADD node_modules/@isaacs/cliui
674 silly ADD node_modules/which
675 silly ADD node_modules/shebang-command
676 silly ADD node_modules/path-key
677 silly ADD node_modules/signal-exit
678 silly ADD node_modules/cross-spawn
679 silly ADD node_modules/path-scurry
680 silly ADD node_modules/minipass
681 silly ADD node_modules/minimatch
682 silly ADD node_modules/jackspeak
683 silly ADD node_modules/foreground-child
684 silly ADD node_modules/@jridgewell/resolve-uri
685 silly ADD node_modules/@jridgewell/trace-mapping
686 silly ADD node_modules/@jridgewell/sourcemap-codec
687 silly ADD node_modules/@jridgewell/set-array
688 silly ADD node_modules/ts-interface-checker
689 silly ADD node_modules/pirates
690 silly ADD node_modules/mz
691 silly ADD node_modules/lines-and-columns
692 silly ADD node_modules/glob
693 silly ADD node_modules/commander
694 silly ADD node_modules/@jridgewell/gen-mapping
695 silly ADD node_modules/queue-microtask
696 silly ADD node_modules/function-bind
697 silly ADD node_modules/hasown
698 silly ADD node_modules/supports-preserve-symlinks-flag
699 silly ADD node_modules/path-parse
700 silly ADD node_modules/is-core-module
701 silly ADD node_modules/pify
702 silly ADD node_modules/util-deprecate
703 silly ADD node_modules/cssesc
704 silly ADD node_modules/yaml
705 silly ADD node_modules/camelcase-css
706 silly ADD node_modules/read-cache
707 silly ADD node_modules/postcss-value-parser
708 silly ADD node_modules/source-map-js
709 silly ADD node_modules/nanoid
710 silly ADD node_modules/is-extglob
711 silly ADD node_modules/binary-extensions
712 silly ADD node_modules/to-regex-range
713 silly ADD node_modules/reusify
714 silly ADD node_modules/run-parallel
715 silly ADD node_modules/fastq
716 silly ADD node_modules/@nodelib/fs.scandir
717 silly ADD node_modules/merge2
718 silly ADD node_modules/@nodelib/fs.walk
719 silly ADD node_modules/@nodelib/fs.stat
720 silly ADD node_modules/fill-range
721 silly ADD node_modules/picomatch
722 silly ADD node_modules/readdirp
723 silly ADD node_modules/is-binary-path
724 silly ADD
725 silly ADD node_modules/braces
726 silly ADD node_modules/anymatch
727 silly ADD node_modules/sucrase
728 silly ADD node_modules/resolve
729 silly ADD node_modules/postcss-selector-parser
730 silly ADD node_modules/postcss-nested
731 silly ADD node_modules/postcss-load-config
732 silly ADD node_modules/postcss-load-config/node_modules/lilconfig
733 silly ADD node_modules/postcss-js
734 silly ADD node_modules/postcss-import
735 silly ADD node_modules/postcss
736 silly ADD node_modules/picocolors
737 silly ADD node_modules/object-hash
738 silly ADD node_modules/normalize-path
739 silly ADD node_modules/micromatch
740 silly ADD node_modules/lilconfig
741 silly ADD node_modules/jiti
742 silly ADD node_modules/is-glob
743 silly ADD node_modules/glob-parent
744 silly ADD node_modules/fast-glob
745 silly ADD node_modules/fast-glob/node_modules/glob-parent
746 silly ADD node_modules/dlv
747 silly ADD node_modules/didyoumean
748 silly ADD node_modules/chokidar
749 silly ADD node_modules/chokidar/node_modules/glob-parent
750 silly ADD node_modules/arg
751 silly ADD node_modules/@alloc/quick-lru
752 silly ADD node_modules/tailwindcss
753 timing command:install Completed in 2746ms
754 verbose exit 0
755 timing npm Completed in 3115ms
756 info ok
