0 verbose cli /home/ian5999/.nvm/versions/node/v21.6.0/bin/node /home/ian5999/.nvm/versions/node/v21.6.0/lib/node_modules/npm/bin/npm-cli.js
1 info using npm@10.2.4
2 info using node@v21.6.0
3 timing npm:load:whichnode Completed in 3ms
4 timing config:load:defaults Completed in 4ms
5 timing config:load:file:/home/ian5999/.nvm/versions/node/v21.6.0/lib/node_modules/npm/npmrc Completed in 1ms
6 timing config:load:builtin Completed in 1ms
7 timing config:load:cli Completed in 4ms
8 timing config:load:env Completed in 1ms
9 timing config:load:file:/home/ian5999/Meetingroom/.npmrc Completed in 0ms
10 timing config:load:project Completed in 3ms
11 timing config:load:file:/home/ian5999/.npmrc Completed in 1ms
12 timing config:load:user Completed in 1ms
13 timing config:load:file:/home/ian5999/.nvm/versions/node/v21.6.0/etc/npmrc Completed in 0ms
14 timing config:load:global Completed in 0ms
15 timing config:load:setEnvs Completed in 2ms
16 timing config:load Completed in 16ms
17 timing npm:load:configload Completed in 17ms
18 timing config:load:flatten Completed in 5ms
19 timing npm:load:mkdirpcache Completed in 1ms
20 timing npm:load:mkdirplogs Completed in 1ms
21 verbose title npm exec tailwindcss init
22 verbose argv "exec" "--" "tailwindcss" "init"
23 timing npm:load:setTitle Completed in 1ms
24 timing npm:load:display Completed in 1ms
25 verbose logfile logs-max:10 dir:/home/ian5999/.npm/_logs/2024-01-16T12_56_21_898Z-
26 verbose logfile /home/ian5999/.npm/_logs/2024-01-16T12_56_21_898Z-debug-0.log
27 timing npm:load:logFile Completed in 21ms
28 timing npm:load:timers Completed in 0ms
29 timing npm:load:configScope Completed in 0ms
30 timing npm:load Completed in 103ms
31 silly logfile done cleaning log files
32 timing command:exec Completed in 1170ms
33 verbose exit 0
34 timing npm Completed in 1570ms
35 info ok
