0 verbose cli [ '/usr/bin/node', '/usr/bin/npm', 'install', '-D', 'tailwindcss' ]
1 info using npm@8.5.1
2 info using node@v12.22.9
3 timing npm:load:whichnode Completed in 0ms
4 timing config:load:defaults Completed in 4ms
5 timing config:load:file:/usr/share/nodejs/npm/npmrc Completed in 8ms
6 timing config:load:builtin Completed in 9ms
7 timing config:load:cli Completed in 5ms
8 timing config:load:env Completed in 1ms
9 timing config:load:file:/home/ian5999/Meetingroom/.npmrc Completed in 0ms
10 timing config:load:project Completed in 4ms
11 timing config:load:file:/home/ian5999/.npmrc Completed in 0ms
12 timing config:load:user Completed in 0ms
13 timing config:load:file:/etc/npmrc Completed in 0ms
14 timing config:load:global Completed in 0ms
15 timing config:load:validate Completed in 1ms
16 timing config:load:credentials Completed in 5ms
17 timing config:load:setEnvs Completed in 2ms
18 timing config:load Completed in 34ms
19 timing npm:load:configload Completed in 35ms
20 timing npm:load:setTitle Completed in 1ms
21 timing config:load:flatten Completed in 7ms
22 timing npm:load:display Completed in 10ms
23 verbose logfile /home/ian5999/.npm/_logs/2024-01-16T12_46_11_130Z-debug-0.log
24 timing npm:load:logFile Completed in 15ms
25 timing npm:load:timers Completed in 0ms
26 timing npm:load:configScope Completed in 0ms
27 timing npm:load Completed in 62ms
28 timing arborist:ctor Completed in 2ms
29 timing arborist:ctor Completed in 0ms
30 timing idealTree:init Completed in 35ms
31 timing idealTree:userRequests Completed in 7ms
32 silly idealTree buildDeps
33 silly fetch manifest tailwindcss@*
34 http fetch GET 200 https://registry.npmjs.org/tailwindcss 524ms (cache miss)
35 silly placeDep ROOT tailwindcss@3.4.1 OK for:  want: *
36 silly fetch manifest @alloc/quick-lru@^5.2.0
37 silly fetch manifest arg@^5.0.2
38 silly fetch manifest chokidar@^3.5.3
39 silly fetch manifest didyoumean@^1.2.2
40 silly fetch manifest dlv@^1.1.3
41 silly fetch manifest fast-glob@^3.3.0
42 silly fetch manifest glob-parent@^6.0.2
43 silly fetch manifest is-glob@^4.0.3
44 silly fetch manifest jiti@^1.19.1
45 silly fetch manifest lilconfig@^2.1.0
46 silly fetch manifest micromatch@^4.0.5
47 silly fetch manifest normalize-path@^3.0.0
48 silly fetch manifest object-hash@^3.0.0
49 silly fetch manifest picocolors@^1.0.0
50 silly fetch manifest postcss@^8.4.23
51 silly fetch manifest postcss-import@^15.1.0
52 silly fetch manifest postcss-js@^4.0.1
53 silly fetch manifest postcss-load-config@^4.0.1
54 silly fetch manifest postcss-nested@^6.0.1
55 silly fetch manifest postcss-selector-parser@^6.0.11
56 silly fetch manifest resolve@^1.22.2
57 silly fetch manifest sucrase@^3.32.0
58 http fetch GET 200 https://registry.npmjs.org/didyoumean 507ms (cache miss)
59 http fetch GET 200 https://registry.npmjs.org/dlv 525ms (cache miss)
60 http fetch GET 200 https://registry.npmjs.org/is-glob 516ms (cache miss)
61 http fetch GET 200 https://registry.npmjs.org/picocolors 492ms (cache miss)
62 http fetch GET 200 https://registry.npmjs.org/normalize-path 511ms (cache miss)
63 http fetch GET 200 https://registry.npmjs.org/glob-parent 545ms (cache miss)
64 http fetch GET 200 https://registry.npmjs.org/arg 578ms (cache miss)
65 http fetch GET 200 https://registry.npmjs.org/postcss-js 516ms (cache miss)
66 http fetch GET 200 https://registry.npmjs.org/postcss-load-config 532ms (cache miss)
67 http fetch GET 200 https://registry.npmjs.org/object-hash 575ms (cache miss)
68 http fetch GET 200 https://registry.npmjs.org/micromatch 594ms (cache miss)
69 http fetch GET 200 https://registry.npmjs.org/postcss-import 565ms (cache miss)
70 http fetch GET 200 https://registry.npmjs.org/fast-glob 646ms (cache miss)
71 http fetch GET 200 https://registry.npmjs.org/postcss-selector-parser 595ms (cache miss)
72 http fetch GET 200 https://registry.npmjs.org/chokidar 687ms (cache miss)
73 http fetch GET 200 https://registry.npmjs.org/postcss-nested 620ms (cache miss)
74 http fetch GET 200 https://registry.npmjs.org/resolve 618ms (cache miss)
75 http fetch GET 200 https://registry.npmjs.org/sucrase 625ms (cache miss)
76 http fetch GET 200 https://registry.npmjs.org/postcss 661ms (cache miss)
77 http fetch GET 200 https://registry.npmjs.org/lilconfig 938ms (cache miss)
78 http fetch GET 200 https://registry.npmjs.org/jiti 953ms (cache miss)
79 http fetch GET 200 https://registry.npmjs.org/@alloc%2fquick-lru 1665ms (cache miss)
80 timing idealTree:#root Completed in 2358ms
81 silly fetch manifest ts-node@>=9.0.0
82 http fetch GET 200 https://registry.npmjs.org/ts-node 91ms (cache miss)
83 silly fetch manifest @swc/core@>=1.2.50
84 http fetch GET 200 https://registry.npmjs.org/@swc%2fcore 204ms (cache miss)
85 silly fetch manifest @swc/helpers@^0.5.0
86 http fetch GET 200 https://registry.npmjs.org/@swc%2fhelpers 112ms (cache miss)
87 silly fetch manifest @swc/wasm@>=1.2.50
88 http fetch GET 200 https://registry.npmjs.org/@swc%2fwasm 155ms (cache miss)
89 silly fetch manifest @types/node@*
90 http fetch GET 200 https://registry.npmjs.org/@types%2fnode 232ms (cache miss)
91 silly fetch manifest typescript@>=2.7
92 http fetch GET 200 https://registry.npmjs.org/typescript 350ms (cache miss)
93 silly placeDep ROOT @alloc/quick-lru@5.2.0 OK for: tailwindcss@3.4.1 want: ^5.2.0
94 silly placeDep ROOT arg@5.0.2 OK for: tailwindcss@3.4.1 want: ^5.0.2
95 silly placeDep ROOT chokidar@3.5.3 OK for: tailwindcss@3.4.1 want: ^3.5.3
96 silly placeDep ROOT didyoumean@1.2.2 OK for: tailwindcss@3.4.1 want: ^1.2.2
97 silly placeDep ROOT dlv@1.1.3 OK for: tailwindcss@3.4.1 want: ^1.1.3
98 silly placeDep ROOT fast-glob@3.3.2 OK for: tailwindcss@3.4.1 want: ^3.3.0
99 silly placeDep ROOT glob-parent@6.0.2 OK for: tailwindcss@3.4.1 want: ^6.0.2
100 silly placeDep ROOT is-glob@4.0.3 OK for: tailwindcss@3.4.1 want: ^4.0.3
101 silly placeDep ROOT jiti@1.21.0 OK for: tailwindcss@3.4.1 want: ^1.19.1
102 silly placeDep ROOT lilconfig@2.1.0 OK for: tailwindcss@3.4.1 want: ^2.1.0
103 silly placeDep ROOT micromatch@4.0.5 OK for: tailwindcss@3.4.1 want: ^4.0.5
104 silly placeDep ROOT normalize-path@3.0.0 OK for: tailwindcss@3.4.1 want: ^3.0.0
105 silly placeDep ROOT object-hash@3.0.0 OK for: tailwindcss@3.4.1 want: ^3.0.0
106 silly placeDep ROOT picocolors@1.0.0 OK for: tailwindcss@3.4.1 want: ^1.0.0
107 silly placeDep ROOT postcss@8.4.33 OK for: tailwindcss@3.4.1 want: ^8.4.23
108 silly placeDep ROOT postcss-import@15.1.0 OK for: tailwindcss@3.4.1 want: ^15.1.0
109 silly placeDep ROOT postcss-js@4.0.1 OK for: tailwindcss@3.4.1 want: ^4.0.1
110 silly placeDep ROOT postcss-load-config@4.0.2 OK for: tailwindcss@3.4.1 want: ^4.0.1
111 silly placeDep ROOT postcss-nested@6.0.1 OK for: tailwindcss@3.4.1 want: ^6.0.1
112 silly placeDep ROOT postcss-selector-parser@6.0.15 OK for: tailwindcss@3.4.1 want: ^6.0.11
113 silly placeDep ROOT resolve@1.22.8 OK for: tailwindcss@3.4.1 want: ^1.22.2
114 silly placeDep ROOT sucrase@3.35.0 OK for: tailwindcss@3.4.1 want: ^3.32.0
115 silly fetch manifest anymatch@~3.1.2
116 silly fetch manifest braces@~3.0.2
117 silly fetch manifest glob-parent@~5.1.2
118 silly fetch manifest is-binary-path@~2.1.0
119 silly fetch manifest readdirp@~3.6.0
120 silly fetch manifest fsevents@~2.3.2
121 silly fetch manifest @nodelib/fs.stat@^2.0.2
122 silly fetch manifest @nodelib/fs.walk@^1.2.3
123 silly fetch manifest glob-parent@^5.1.2
124 silly fetch manifest merge2@^1.3.0
125 silly fetch manifest is-extglob@^2.1.1
126 silly fetch manifest braces@^3.0.2
127 silly fetch manifest picomatch@^2.3.1
128 silly fetch manifest nanoid@^3.3.7
129 silly fetch manifest source-map-js@^1.0.2
130 silly fetch manifest postcss-value-parser@^4.0.0
131 silly fetch manifest read-cache@^1.0.0
132 silly fetch manifest camelcase-css@^2.0.1
133 silly fetch manifest lilconfig@^3.0.0
134 silly fetch manifest yaml@^2.3.4
135 silly fetch manifest cssesc@^3.0.0
136 silly fetch manifest util-deprecate@^1.0.2
137 silly fetch manifest is-core-module@^2.13.0
138 silly fetch manifest path-parse@^1.0.7
139 silly fetch manifest supports-preserve-symlinks-flag@^1.0.0
140 silly fetch manifest @jridgewell/gen-mapping@^0.3.2
141 silly fetch manifest commander@^4.0.0
142 silly fetch manifest glob@^10.3.10
143 silly fetch manifest lines-and-columns@^1.1.6
144 silly fetch manifest mz@^2.7.0
145 silly fetch manifest pirates@^4.0.1
146 silly fetch manifest ts-interface-checker@^0.1.9
147 http fetch GET 200 https://registry.npmjs.org/is-extglob 318ms (cache miss)
148 http fetch GET 200 https://registry.npmjs.org/is-binary-path 338ms (cache miss)
149 http fetch GET 200 https://registry.npmjs.org/util-deprecate 316ms (cache miss)
150 http fetch GET 200 https://registry.npmjs.org/read-cache 327ms (cache miss)
151 http fetch GET 200 https://registry.npmjs.org/camelcase-css 328ms (cache miss)
152 http fetch GET 200 https://registry.npmjs.org/merge2 345ms (cache miss)
153 http fetch GET 200 https://registry.npmjs.org/postcss-value-parser 338ms (cache miss)
154 http fetch GET 200 https://registry.npmjs.org/cssesc 335ms (cache miss)
155 http fetch GET 200 https://registry.npmjs.org/braces 362ms (cache miss)
156 http fetch GET 200 https://registry.npmjs.org/supports-preserve-symlinks-flag 340ms (cache miss)
157 http fetch GET 200 https://registry.npmjs.org/source-map-js 354ms (cache miss)
158 http fetch GET 200 https://registry.npmjs.org/path-parse 344ms (cache miss)
159 http fetch GET 200 https://registry.npmjs.org/lines-and-columns 339ms (cache miss)
160 http fetch GET 200 https://registry.npmjs.org/readdirp 374ms (cache miss)
161 http fetch GET 200 https://registry.npmjs.org/anymatch 382ms (cache miss)
162 http fetch GET 200 https://registry.npmjs.org/is-core-module 355ms (cache miss)
163 http fetch GET 200 https://registry.npmjs.org/@jridgewell%2fgen-mapping 353ms (cache miss)
164 http fetch GET 200 https://registry.npmjs.org/picomatch 371ms (cache miss)
165 http fetch GET 200 https://registry.npmjs.org/pirates 353ms (cache miss)
166 http fetch GET 200 https://registry.npmjs.org/mz 356ms (cache miss)
167 http fetch GET 200 https://registry.npmjs.org/ts-interface-checker 356ms (cache miss)
168 http fetch GET 200 https://registry.npmjs.org/nanoid 382ms (cache miss)
169 http fetch GET 200 https://registry.npmjs.org/fsevents 400ms (cache miss)
170 http fetch GET 200 https://registry.npmjs.org/@nodelib%2ffs.stat 401ms (cache miss)
171 http fetch GET 200 https://registry.npmjs.org/@nodelib%2ffs.walk 401ms (cache miss)
172 http fetch GET 200 https://registry.npmjs.org/yaml 389ms (cache miss)
173 http fetch GET 200 https://registry.npmjs.org/commander 385ms (cache miss)
174 http fetch GET 200 https://registry.npmjs.org/glob 388ms (cache miss)
175 timing idealTree:node_modules/tailwindcss Completed in 1978ms
176 timing idealTree:node_modules/@alloc/quick-lru Completed in 0ms
177 timing idealTree:node_modules/arg Completed in 0ms
178 silly placeDep ROOT anymatch@3.1.3 OK for: chokidar@3.5.3 want: ~3.1.2
179 silly placeDep ROOT braces@3.0.2 OK for: chokidar@3.5.3 want: ~3.0.2
180 silly placeDep ROOT fsevents@2.3.3 OK for: chokidar@3.5.3 want: ~2.3.2
181 silly placeDep node_modules/chokidar glob-parent@5.1.2 OK for: chokidar@3.5.3 want: ~5.1.2
182 silly placeDep ROOT is-binary-path@2.1.0 OK for: chokidar@3.5.3 want: ~2.1.0
183 silly placeDep ROOT readdirp@3.6.0 OK for: chokidar@3.5.3 want: ~3.6.0
184 silly fetch manifest picomatch@^2.0.4
185 silly fetch manifest fill-range@^7.0.1
186 silly fetch manifest binary-extensions@^2.0.0
187 silly fetch manifest picomatch@^2.2.1
188 http fetch GET 200 https://registry.npmjs.org/fill-range 62ms (cache miss)
189 http fetch GET 200 https://registry.npmjs.org/binary-extensions 65ms (cache miss)
190 timing idealTree:node_modules/chokidar Completed in 87ms
191 silly placeDep ROOT picomatch@2.3.1 OK for: anymatch@3.1.3 want: ^2.0.4
192 timing idealTree:node_modules/anymatch Completed in 4ms
193 silly placeDep ROOT fill-range@7.0.1 OK for: braces@3.0.2 want: ^7.0.1
194 silly fetch manifest to-regex-range@^5.0.1
195 http fetch GET 200 https://registry.npmjs.org/to-regex-range 56ms (cache miss)
196 timing idealTree:node_modules/braces Completed in 74ms
197 timing idealTree:node_modules/didyoumean Completed in 0ms
198 timing idealTree:node_modules/dlv Completed in 0ms
199 silly placeDep ROOT @nodelib/fs.stat@2.0.5 OK for: fast-glob@3.3.2 want: ^2.0.2
200 silly placeDep ROOT @nodelib/fs.walk@1.2.8 OK for: fast-glob@3.3.2 want: ^1.2.3
201 silly placeDep node_modules/fast-glob glob-parent@5.1.2 OK for: fast-glob@3.3.2 want: ^5.1.2
202 silly placeDep ROOT merge2@1.4.1 OK for: fast-glob@3.3.2 want: ^1.3.0
203 silly fetch manifest @nodelib/fs.scandir@2.1.5
204 silly fetch manifest fastq@^1.6.0
205 http fetch GET 200 https://registry.npmjs.org/fastq 48ms (cache miss)
206 http fetch GET 200 https://registry.npmjs.org/@nodelib%2ffs.scandir 80ms (cache miss)
207 timing idealTree:node_modules/fast-glob Completed in 95ms
208 timing idealTree:node_modules/@nodelib/fs.stat Completed in 0ms
209 silly placeDep ROOT @nodelib/fs.scandir@2.1.5 OK for: @nodelib/fs.walk@1.2.8 want: 2.1.5
210 silly placeDep ROOT fastq@1.16.0 OK for: @nodelib/fs.walk@1.2.8 want: ^1.6.0
211 silly fetch manifest run-parallel@^1.1.9
212 silly fetch manifest reusify@^1.0.4
213 http fetch GET 200 https://registry.npmjs.org/reusify 52ms (cache miss)
214 http fetch GET 200 https://registry.npmjs.org/run-parallel 56ms (cache miss)
215 timing idealTree:node_modules/@nodelib/fs.walk Completed in 65ms
216 silly placeDep ROOT run-parallel@1.2.0 OK for: @nodelib/fs.scandir@2.1.5 want: ^1.1.9
217 silly fetch manifest queue-microtask@^1.2.2
218 http fetch GET 200 https://registry.npmjs.org/queue-microtask 59ms (cache miss)
219 timing idealTree:node_modules/@nodelib/fs.scandir Completed in 67ms
220 silly placeDep ROOT reusify@1.0.4 OK for: fastq@1.16.0 want: ^1.0.4
221 timing idealTree:node_modules/fastq Completed in 4ms
222 silly placeDep ROOT to-regex-range@5.0.1 OK for: fill-range@7.0.1 want: ^5.0.1
223 silly fetch manifest is-number@^7.0.0
224 http fetch GET 200 https://registry.npmjs.org/is-number 49ms (cache miss)
225 timing idealTree:node_modules/fill-range Completed in 54ms
226 timing idealTree:node_modules/fsevents Completed in 0ms
227 timing idealTree:node_modules/glob-parent Completed in 0ms
228 silly placeDep ROOT binary-extensions@2.2.0 OK for: is-binary-path@2.1.0 want: ^2.0.0
229 timing idealTree:node_modules/is-binary-path Completed in 4ms
230 timing idealTree:node_modules/binary-extensions Completed in 0ms
231 silly placeDep ROOT is-extglob@2.1.1 OK for: is-glob@4.0.3 want: ^2.1.1
232 timing idealTree:node_modules/is-glob Completed in 2ms
233 timing idealTree:node_modules/is-extglob Completed in 1ms
234 timing idealTree:node_modules/jiti Completed in 0ms
235 timing idealTree:node_modules/lilconfig Completed in 0ms
236 timing idealTree:node_modules/merge2 Completed in 0ms
237 timing idealTree:node_modules/micromatch Completed in 0ms
238 timing idealTree:node_modules/normalize-path Completed in 0ms
239 timing idealTree:node_modules/object-hash Completed in 0ms
240 timing idealTree:node_modules/picocolors Completed in 0ms
241 timing idealTree:node_modules/picomatch Completed in 0ms
242 silly placeDep ROOT nanoid@3.3.7 OK for: postcss@8.4.33 want: ^3.3.7
243 silly placeDep ROOT source-map-js@1.0.2 OK for: postcss@8.4.33 want: ^1.0.2
244 timing idealTree:node_modules/postcss Completed in 4ms
245 timing idealTree:node_modules/nanoid Completed in 0ms
246 silly placeDep ROOT postcss-value-parser@4.2.0 OK for: postcss-import@15.1.0 want: ^4.0.0
247 silly placeDep ROOT read-cache@1.0.0 OK for: postcss-import@15.1.0 want: ^1.0.0
248 silly fetch manifest pify@^2.3.0
249 http fetch GET 200 https://registry.npmjs.org/pify 44ms (cache miss)
250 timing idealTree:node_modules/postcss-import Completed in 59ms
251 silly placeDep ROOT camelcase-css@2.0.1 OK for: postcss-js@4.0.1 want: ^2.0.1
252 timing idealTree:node_modules/postcss-js Completed in 9ms
253 timing idealTree:node_modules/camelcase-css Completed in 0ms
254 silly placeDep node_modules/postcss-load-config lilconfig@3.0.0 OK for: postcss-load-config@4.0.2 want: ^3.0.0
255 silly placeDep ROOT yaml@2.3.4 OK for: postcss-load-config@4.0.2 want: ^2.3.4
256 timing idealTree:node_modules/postcss-load-config Completed in 8ms
257 timing idealTree:node_modules/postcss-nested Completed in 0ms
258 silly placeDep ROOT cssesc@3.0.0 OK for: postcss-selector-parser@6.0.15 want: ^3.0.0
259 silly placeDep ROOT util-deprecate@1.0.2 OK for: postcss-selector-parser@6.0.15 want: ^1.0.2
260 timing idealTree:node_modules/postcss-selector-parser Completed in 6ms
261 timing idealTree:node_modules/cssesc Completed in 0ms
262 timing idealTree:node_modules/postcss-value-parser Completed in 0ms
263 silly placeDep ROOT pify@2.3.0 OK for: read-cache@1.0.0 want: ^2.3.0
264 timing idealTree:node_modules/read-cache Completed in 3ms
265 timing idealTree:node_modules/pify Completed in 0ms
266 timing idealTree:node_modules/readdirp Completed in 0ms
267 silly placeDep ROOT is-core-module@2.13.1 OK for: resolve@1.22.8 want: ^2.13.0
268 silly placeDep ROOT path-parse@1.0.7 OK for: resolve@1.22.8 want: ^1.0.7
269 silly placeDep ROOT supports-preserve-symlinks-flag@1.0.0 OK for: resolve@1.22.8 want: ^1.0.0
270 silly fetch manifest hasown@^2.0.0
271 http fetch GET 200 https://registry.npmjs.org/hasown 58ms (cache miss)
272 timing idealTree:node_modules/resolve Completed in 72ms
273 silly placeDep ROOT hasown@2.0.0 OK for: is-core-module@2.13.1 want: ^2.0.0
274 silly fetch manifest function-bind@^1.1.2
275 http fetch GET 200 https://registry.npmjs.org/function-bind 52ms (cache miss)
276 timing idealTree:node_modules/is-core-module Completed in 58ms
277 silly placeDep ROOT function-bind@1.1.2 OK for: hasown@2.0.0 want: ^1.1.2
278 timing idealTree:node_modules/hasown Completed in 2ms
279 timing idealTree:node_modules/function-bind Completed in 0ms
280 timing idealTree:node_modules/path-parse Completed in 0ms
281 timing idealTree:node_modules/reusify Completed in 0ms
282 silly placeDep ROOT queue-microtask@1.2.3 OK for: run-parallel@1.2.0 want: ^1.2.2
283 timing idealTree:node_modules/run-parallel Completed in 1ms
284 timing idealTree:node_modules/queue-microtask Completed in 0ms
285 timing idealTree:node_modules/source-map-js Completed in 0ms
286 silly placeDep ROOT @jridgewell/gen-mapping@0.3.3 OK for: sucrase@3.35.0 want: ^0.3.2
287 silly placeDep ROOT commander@4.1.1 OK for: sucrase@3.35.0 want: ^4.0.0
288 silly placeDep ROOT glob@10.3.10 OK for: sucrase@3.35.0 want: ^10.3.10
289 silly placeDep ROOT lines-and-columns@1.2.4 OK for: sucrase@3.35.0 want: ^1.1.6
290 silly placeDep ROOT mz@2.7.0 OK for: sucrase@3.35.0 want: ^2.7.0
291 silly placeDep ROOT pirates@4.0.6 OK for: sucrase@3.35.0 want: ^4.0.1
292 silly placeDep ROOT ts-interface-checker@0.1.13 OK for: sucrase@3.35.0 want: ^0.1.9
293 silly fetch manifest @jridgewell/set-array@^1.0.1
294 silly fetch manifest @jridgewell/sourcemap-codec@^1.4.10
295 silly fetch manifest @jridgewell/trace-mapping@^0.3.9
296 silly fetch manifest foreground-child@^3.1.0
297 silly fetch manifest jackspeak@^2.3.5
298 silly fetch manifest minimatch@^9.0.1
299 silly fetch manifest minipass@^5.0.0 || ^6.0.2 || ^7.0.0
300 silly fetch manifest path-scurry@^1.10.1
301 silly fetch manifest any-promise@^1.0.0
302 silly fetch manifest object-assign@^4.0.1
303 silly fetch manifest thenify-all@^1.0.0
304 http fetch GET 200 https://registry.npmjs.org/any-promise 153ms (cache miss)
305 http fetch GET 200 https://registry.npmjs.org/foreground-child 169ms (cache miss)
306 http fetch GET 200 https://registry.npmjs.org/object-assign 165ms (cache miss)
307 http fetch GET 200 https://registry.npmjs.org/thenify-all 167ms (cache miss)
308 http fetch GET 200 https://registry.npmjs.org/@jridgewell%2fset-array 185ms (cache miss)
309 http fetch GET 200 https://registry.npmjs.org/path-scurry 177ms (cache miss)
310 http fetch GET 200 https://registry.npmjs.org/@jridgewell%2fsourcemap-codec 189ms (cache miss)
311 http fetch GET 200 https://registry.npmjs.org/jackspeak 186ms (cache miss)
312 http fetch GET 200 https://registry.npmjs.org/@jridgewell%2ftrace-mapping 192ms (cache miss)
313 http fetch GET 200 https://registry.npmjs.org/minipass 191ms (cache miss)
314 http fetch GET 200 https://registry.npmjs.org/minimatch 196ms (cache miss)
315 timing idealTree:node_modules/sucrase Completed in 225ms
316 silly placeDep ROOT @jridgewell/set-array@1.1.2 OK for: @jridgewell/gen-mapping@0.3.3 want: ^1.0.1
317 silly placeDep ROOT @jridgewell/sourcemap-codec@1.4.15 OK for: @jridgewell/gen-mapping@0.3.3 want: ^1.4.10
318 silly placeDep ROOT @jridgewell/trace-mapping@0.3.21 OK for: @jridgewell/gen-mapping@0.3.3 want: ^0.3.9
319 silly fetch manifest @jridgewell/resolve-uri@^3.1.0
320 http fetch GET 200 https://registry.npmjs.org/@jridgewell%2fresolve-uri 72ms (cache miss)
321 timing idealTree:node_modules/@jridgewell/gen-mapping Completed in 81ms
322 timing idealTree:node_modules/@jridgewell/set-array Completed in 0ms
323 timing idealTree:node_modules/@jridgewell/sourcemap-codec Completed in 0ms
324 silly placeDep ROOT @jridgewell/resolve-uri@3.1.1 OK for: @jridgewell/trace-mapping@0.3.21 want: ^3.1.0
325 timing idealTree:node_modules/@jridgewell/trace-mapping Completed in 3ms
326 timing idealTree:node_modules/@jridgewell/resolve-uri Completed in 0ms
327 timing idealTree:node_modules/commander Completed in 0ms
328 silly placeDep ROOT foreground-child@3.1.1 OK for: glob@10.3.10 want: ^3.1.0
329 silly placeDep ROOT jackspeak@2.3.6 OK for: glob@10.3.10 want: ^2.3.5
330 silly placeDep ROOT minimatch@9.0.3 OK for: glob@10.3.10 want: ^9.0.1
331 silly placeDep ROOT minipass@7.0.4 OK for: glob@10.3.10 want: ^5.0.0 || ^6.0.2 || ^7.0.0
332 silly placeDep ROOT path-scurry@1.10.1 OK for: glob@10.3.10 want: ^1.10.1
333 silly fetch manifest cross-spawn@^7.0.0
334 silly fetch manifest signal-exit@^4.0.1
335 silly fetch manifest @isaacs/cliui@^8.0.2
336 silly fetch manifest @pkgjs/parseargs@^0.11.0
337 silly fetch manifest brace-expansion@^2.0.1
338 silly fetch manifest lru-cache@^9.1.1 || ^10.0.0
339 http fetch GET 200 https://registry.npmjs.org/brace-expansion 97ms (cache miss)
340 http fetch GET 200 https://registry.npmjs.org/signal-exit 118ms (cache miss)
341 http fetch GET 200 https://registry.npmjs.org/cross-spawn 121ms (cache miss)
342 http fetch GET 200 https://registry.npmjs.org/@pkgjs%2fparseargs 129ms (cache miss)
343 http fetch GET 200 https://registry.npmjs.org/lru-cache 127ms (cache miss)
344 http fetch GET 200 https://registry.npmjs.org/@isaacs%2fcliui 149ms (cache miss)
345 timing idealTree:node_modules/glob Completed in 172ms
346 silly placeDep ROOT cross-spawn@7.0.3 OK for: foreground-child@3.1.1 want: ^7.0.0
347 silly placeDep ROOT signal-exit@4.1.0 OK for: foreground-child@3.1.1 want: ^4.0.1
348 silly fetch manifest path-key@^3.1.0
349 silly fetch manifest shebang-command@^2.0.0
350 silly fetch manifest which@^2.0.1
351 http fetch GET 200 https://registry.npmjs.org/shebang-command 63ms (cache miss)
352 http fetch GET 200 https://registry.npmjs.org/path-key 68ms (cache miss)
353 http fetch GET 200 https://registry.npmjs.org/which 67ms (cache miss)
354 timing idealTree:node_modules/foreground-child Completed in 78ms
355 silly placeDep ROOT path-key@3.1.1 OK for: cross-spawn@7.0.3 want: ^3.1.0
356 silly placeDep ROOT shebang-command@2.0.0 OK for: cross-spawn@7.0.3 want: ^2.0.0
357 silly placeDep ROOT which@2.0.2 OK for: cross-spawn@7.0.3 want: ^2.0.1
358 silly fetch manifest shebang-regex@^3.0.0
359 silly fetch manifest isexe@^2.0.0
360 http fetch GET 200 https://registry.npmjs.org/shebang-regex 64ms (cache miss)
361 http fetch GET 200 https://registry.npmjs.org/isexe 235ms (cache miss)
362 timing idealTree:node_modules/cross-spawn Completed in 246ms
363 silly placeDep ROOT @isaacs/cliui@8.0.2 OK for: jackspeak@2.3.6 want: ^8.0.2
364 silly placeDep ROOT @pkgjs/parseargs@0.11.0 OK for: jackspeak@2.3.6 want: ^0.11.0
365 silly fetch manifest string-width@^5.1.2
366 silly fetch manifest string-width-cjs@npm:string-width@^4.2.0
367 silly fetch manifest strip-ansi@^7.0.1
368 silly fetch manifest strip-ansi-cjs@npm:strip-ansi@^6.0.1
369 silly fetch manifest wrap-ansi@^8.1.0
370 silly fetch manifest wrap-ansi-cjs@npm:wrap-ansi@^7.0.0
371 http fetch GET 200 https://registry.npmjs.org/strip-ansi 82ms (cache miss)
372 http fetch GET 200 https://registry.npmjs.org/string-width 87ms (cache miss)
373 http fetch GET 200 https://registry.npmjs.org/wrap-ansi 88ms (cache miss)
374 timing idealTree:node_modules/jackspeak Completed in 119ms
375 silly placeDep ROOT string-width@5.1.2 OK for: @isaacs/cliui@8.0.2 want: ^5.1.2
376 silly placeDep ROOT string-width-cjs@4.2.3 OK for: @isaacs/cliui@8.0.2 want: npm:string-width@^4.2.0
377 silly placeDep ROOT strip-ansi@7.1.0 OK for: @isaacs/cliui@8.0.2 want: ^7.0.1
378 silly placeDep ROOT strip-ansi-cjs@6.0.1 OK for: @isaacs/cliui@8.0.2 want: npm:strip-ansi@^6.0.1
379 silly placeDep ROOT wrap-ansi@8.1.0 OK for: @isaacs/cliui@8.0.2 want: ^8.1.0
380 silly placeDep ROOT wrap-ansi-cjs@7.0.0 OK for: @isaacs/cliui@8.0.2 want: npm:wrap-ansi@^7.0.0
381 silly fetch manifest eastasianwidth@^0.2.0
382 silly fetch manifest emoji-regex@^9.2.2
383 silly fetch manifest emoji-regex@^8.0.0
384 silly fetch manifest is-fullwidth-code-point@^3.0.0
385 silly fetch manifest strip-ansi@^6.0.1
386 silly fetch manifest ansi-regex@^6.0.1
387 silly fetch manifest ansi-regex@^5.0.1
388 silly fetch manifest ansi-styles@^6.1.0
389 silly fetch manifest ansi-styles@^4.0.0
390 silly fetch manifest string-width@^4.1.0
391 silly fetch manifest strip-ansi@^6.0.0
392 http fetch GET 200 https://registry.npmjs.org/ansi-regex 112ms (cache miss)
393 http fetch GET 200 https://registry.npmjs.org/eastasianwidth 122ms (cache miss)
394 http fetch GET 200 https://registry.npmjs.org/ansi-styles 114ms (cache miss)
395 http fetch GET 200 https://registry.npmjs.org/is-fullwidth-code-point 119ms (cache miss)
396 http fetch GET 200 https://registry.npmjs.org/emoji-regex 123ms (cache miss)
397 timing idealTree:node_modules/@isaacs/cliui Completed in 161ms
398 timing idealTree:node_modules/@pkgjs/parseargs Completed in 0ms
399 timing idealTree:node_modules/lines-and-columns Completed in 0ms
400 silly placeDep ROOT brace-expansion@2.0.1 OK for: minimatch@9.0.3 want: ^2.0.1
401 silly fetch manifest balanced-match@^1.0.0
402 http fetch GET 200 https://registry.npmjs.org/balanced-match 68ms (cache miss)
403 timing idealTree:node_modules/minimatch Completed in 77ms
404 silly placeDep ROOT balanced-match@1.0.2 OK for: brace-expansion@2.0.1 want: ^1.0.0
405 timing idealTree:node_modules/brace-expansion Completed in 3ms
406 timing idealTree:node_modules/balanced-match Completed in 0ms
407 timing idealTree:node_modules/minipass Completed in 0ms
408 silly placeDep ROOT any-promise@1.3.0 OK for: mz@2.7.0 want: ^1.0.0
409 silly placeDep ROOT object-assign@4.1.1 OK for: mz@2.7.0 want: ^4.0.1
410 silly placeDep ROOT thenify-all@1.6.0 OK for: mz@2.7.0 want: ^1.0.0
411 silly fetch manifest thenify@>= 3.1.0 < 4
412 http fetch GET 200 https://registry.npmjs.org/thenify 50ms (cache miss)
413 timing idealTree:node_modules/mz Completed in 58ms
414 timing idealTree:node_modules/any-promise Completed in 0ms
415 timing idealTree:node_modules/object-assign Completed in 0ms
416 timing idealTree:node_modules/path-key Completed in 1ms
417 silly placeDep ROOT lru-cache@10.1.0 OK for: path-scurry@1.10.1 want: ^9.1.1 || ^10.0.0
418 timing idealTree:node_modules/path-scurry Completed in 2ms
419 timing idealTree:node_modules/lru-cache Completed in 0ms
420 timing idealTree:node_modules/pirates Completed in 0ms
421 silly placeDep ROOT shebang-regex@3.0.0 OK for: shebang-command@2.0.0 want: ^3.0.0
422 timing idealTree:node_modules/shebang-command Completed in 2ms
423 timing idealTree:node_modules/shebang-regex Completed in 0ms
424 timing idealTree:node_modules/signal-exit Completed in 0ms
425 silly placeDep ROOT eastasianwidth@0.2.0 OK for: string-width@5.1.2 want: ^0.2.0
426 silly placeDep ROOT emoji-regex@9.2.2 OK for: string-width@5.1.2 want: ^9.2.2
427 timing idealTree:node_modules/string-width Completed in 4ms
428 timing idealTree:node_modules/eastasianwidth Completed in 0ms
429 timing idealTree:node_modules/emoji-regex Completed in 0ms
430 silly placeDep node_modules/string-width-cjs emoji-regex@8.0.0 OK for: string-width@4.2.3 want: ^8.0.0
431 silly placeDep ROOT is-fullwidth-code-point@3.0.0 OK for: string-width@4.2.3 want: ^3.0.0
432 silly placeDep node_modules/string-width-cjs strip-ansi@6.0.1 OK for: string-width@4.2.3 want: ^6.0.1
433 timing idealTree:node_modules/string-width-cjs Completed in 7ms
434 timing idealTree:node_modules/is-fullwidth-code-point Completed in 0ms
435 silly placeDep ROOT ansi-regex@6.0.1 OK for: strip-ansi@7.1.0 want: ^6.0.1
436 timing idealTree:node_modules/strip-ansi Completed in 3ms
437 timing idealTree:node_modules/ansi-regex Completed in 0ms
438 silly placeDep node_modules/strip-ansi-cjs ansi-regex@5.0.1 OK for: strip-ansi@6.0.1 want: ^5.0.1
439 timing idealTree:node_modules/strip-ansi-cjs Completed in 3ms
440 timing idealTree:node_modules/supports-preserve-symlinks-flag Completed in 0ms
441 silly placeDep ROOT thenify@3.3.1 OK for: thenify-all@1.6.0 want: >= 3.1.0 < 4
442 timing idealTree:node_modules/thenify-all Completed in 4ms
443 timing idealTree:node_modules/thenify Completed in 0ms
444 silly placeDep ROOT is-number@7.0.0 OK for: to-regex-range@5.0.1 want: ^7.0.0
445 timing idealTree:node_modules/to-regex-range Completed in 2ms
446 timing idealTree:node_modules/is-number Completed in 0ms
447 timing idealTree:node_modules/ts-interface-checker Completed in 0ms
448 timing idealTree:node_modules/util-deprecate Completed in 0ms
449 silly placeDep ROOT isexe@2.0.0 OK for: which@2.0.2 want: ^2.0.0
450 timing idealTree:node_modules/which Completed in 3ms
451 timing idealTree:node_modules/isexe Completed in 0ms
452 silly placeDep ROOT ansi-styles@6.2.1 OK for: wrap-ansi@8.1.0 want: ^6.1.0
453 timing idealTree:node_modules/wrap-ansi Completed in 3ms
454 timing idealTree:node_modules/ansi-styles Completed in 0ms
455 silly placeDep node_modules/wrap-ansi-cjs ansi-styles@4.3.0 OK for: wrap-ansi@7.0.0 want: ^4.0.0
456 silly placeDep node_modules/wrap-ansi-cjs string-width@4.2.3 OK for: wrap-ansi@7.0.0 want: ^4.1.0
457 silly placeDep node_modules/wrap-ansi-cjs strip-ansi@6.0.1 OK for: wrap-ansi@7.0.0 want: ^6.0.0
458 silly fetch manifest color-convert@^2.0.1
459 http fetch GET 200 https://registry.npmjs.org/color-convert 50ms (cache miss)
460 timing idealTree:node_modules/wrap-ansi-cjs Completed in 65ms
461 timing idealTree:node_modules/yaml Completed in 0ms
462 timing idealTree:node_modules/chokidar/node_modules/glob-parent Completed in 0ms
463 timing idealTree:node_modules/fast-glob/node_modules/glob-parent Completed in 0ms
464 timing idealTree:node_modules/postcss-load-config/node_modules/lilconfig Completed in 0ms
465 timing idealTree:node_modules/string-width-cjs/node_modules/emoji-regex Completed in 0ms
466 silly placeDep node_modules/string-width-cjs ansi-regex@5.0.1 OK for: strip-ansi@6.0.1 want: ^5.0.1
467 timing idealTree:node_modules/string-width-cjs/node_modules/strip-ansi Completed in 2ms
468 timing idealTree:node_modules/string-width-cjs/node_modules/ansi-regex Completed in 0ms
469 timing idealTree:node_modules/strip-ansi-cjs/node_modules/ansi-regex Completed in 0ms
470 silly placeDep ROOT color-convert@2.0.1 OK for: ansi-styles@4.3.0 want: ^2.0.1
471 silly fetch manifest color-name@~1.1.4
472 http fetch GET 200 https://registry.npmjs.org/color-name 66ms (cache miss)
473 timing idealTree:node_modules/wrap-ansi-cjs/node_modules/ansi-styles Completed in 74ms
474 silly placeDep ROOT color-name@1.1.4 OK for: color-convert@2.0.1 want: ~1.1.4
475 timing idealTree:node_modules/color-convert Completed in 4ms
476 timing idealTree:node_modules/color-name Completed in 0ms
477 silly placeDep node_modules/wrap-ansi-cjs emoji-regex@8.0.0 OK for: string-width@4.2.3 want: ^8.0.0
478 timing idealTree:node_modules/wrap-ansi-cjs/node_modules/string-width Completed in 10ms
479 timing idealTree:node_modules/wrap-ansi-cjs/node_modules/emoji-regex Completed in 1ms
480 silly placeDep node_modules/wrap-ansi-cjs ansi-regex@5.0.1 OK for: strip-ansi@6.0.1 want: ^5.0.1
481 timing idealTree:node_modules/wrap-ansi-cjs/node_modules/strip-ansi Completed in 2ms
482 timing idealTree:node_modules/wrap-ansi-cjs/node_modules/ansi-regex Completed in 0ms
483 timing idealTree:buildDeps Completed in 6457ms
484 timing idealTree:fixDepFlags Completed in 3ms
485 warn EBADENGINE Unsupported engine {
485 warn EBADENGINE   package: 'tailwindcss@3.4.1',
485 warn EBADENGINE   required: { node: '>=14.0.0' },
485 warn EBADENGINE   current: { node: 'v12.22.9', npm: '8.5.1' }
485 warn EBADENGINE }
486 warn EBADENGINE Unsupported engine {
486 warn EBADENGINE   package: 'postcss-import@15.1.0',
486 warn EBADENGINE   required: { node: '>=14.0.0' },
486 warn EBADENGINE   current: { node: 'v12.22.9', npm: '8.5.1' }
486 warn EBADENGINE }
487 warn EBADENGINE Unsupported engine {
487 warn EBADENGINE   package: 'postcss-load-config@4.0.2',
487 warn EBADENGINE   required: { node: '>= 14' },
487 warn EBADENGINE   current: { node: 'v12.22.9', npm: '8.5.1' }
487 warn EBADENGINE }
488 warn EBADENGINE Unsupported engine {
488 warn EBADENGINE   package: 'sucrase@3.35.0',
488 warn EBADENGINE   required: { node: '>=16 || 14 >=14.17' },
488 warn EBADENGINE   current: { node: 'v12.22.9', npm: '8.5.1' }
488 warn EBADENGINE }
489 warn EBADENGINE Unsupported engine {
489 warn EBADENGINE   package: 'lilconfig@3.0.0',
489 warn EBADENGINE   required: { node: '>=14' },
489 warn EBADENGINE   current: { node: 'v12.22.9', npm: '8.5.1' }
489 warn EBADENGINE }
490 warn EBADENGINE Unsupported engine {
490 warn EBADENGINE   package: 'yaml@2.3.4',
490 warn EBADENGINE   required: { node: '>= 14' },
490 warn EBADENGINE   current: { node: 'v12.22.9', npm: '8.5.1' }
490 warn EBADENGINE }
491 warn EBADENGINE Unsupported engine {
491 warn EBADENGINE   package: 'glob@10.3.10',
491 warn EBADENGINE   required: { node: '>=16 || 14 >=14.17' },
491 warn EBADENGINE   current: { node: 'v12.22.9', npm: '8.5.1' }
491 warn EBADENGINE }
492 warn EBADENGINE Unsupported engine {
492 warn EBADENGINE   package: 'foreground-child@3.1.1',
492 warn EBADENGINE   required: { node: '>=14' },
492 warn EBADENGINE   current: { node: 'v12.22.9', npm: '8.5.1' }
492 warn EBADENGINE }
493 warn EBADENGINE Unsupported engine {
493 warn EBADENGINE   package: 'jackspeak@2.3.6',
493 warn EBADENGINE   required: { node: '>=14' },
493 warn EBADENGINE   current: { node: 'v12.22.9', npm: '8.5.1' }
493 warn EBADENGINE }
494 warn EBADENGINE Unsupported engine {
494 warn EBADENGINE   package: 'minimatch@9.0.3',
494 warn EBADENGINE   required: { node: '>=16 || 14 >=14.17' },
494 warn EBADENGINE   current: { node: 'v12.22.9', npm: '8.5.1' }
494 warn EBADENGINE }
495 warn EBADENGINE Unsupported engine {
495 warn EBADENGINE   package: 'minipass@7.0.4',
495 warn EBADENGINE   required: { node: '>=16 || 14 >=14.17' },
495 warn EBADENGINE   current: { node: 'v12.22.9', npm: '8.5.1' }
495 warn EBADENGINE }
496 warn EBADENGINE Unsupported engine {
496 warn EBADENGINE   package: 'path-scurry@1.10.1',
496 warn EBADENGINE   required: { node: '>=16 || 14 >=14.17' },
496 warn EBADENGINE   current: { node: 'v12.22.9', npm: '8.5.1' }
496 warn EBADENGINE }
497 warn EBADENGINE Unsupported engine {
497 warn EBADENGINE   package: 'signal-exit@4.1.0',
497 warn EBADENGINE   required: { node: '>=14' },
497 warn EBADENGINE   current: { node: 'v12.22.9', npm: '8.5.1' }
497 warn EBADENGINE }
498 warn EBADENGINE Unsupported engine {
498 warn EBADENGINE   package: 'lru-cache@10.1.0',
498 warn EBADENGINE   required: { node: '14 || >=16.14' },
498 warn EBADENGINE   current: { node: 'v12.22.9', npm: '8.5.1' }
498 warn EBADENGINE }
499 timing idealTree Completed in 6583ms
500 timing reify:loadTrees Completed in 6586ms
501 timing reify:diffTrees Completed in 11ms
502 silly reify moves {}
503 timing reify:retireShallow Completed in 1ms
504 timing reify:createSparse Completed in 136ms
505 timing reify:loadBundles Completed in 0ms
506 silly audit bulk request {
506 silly audit   tailwindcss: [ '3.4.1' ],
506 silly audit   '@alloc/quick-lru': [ '5.2.0' ],
506 silly audit   arg: [ '5.0.2' ],
506 silly audit   chokidar: [ '3.5.3' ],
506 silly audit   didyoumean: [ '1.2.2' ],
506 silly audit   dlv: [ '1.1.3' ],
506 silly audit   'fast-glob': [ '3.3.2' ],
506 silly audit   'glob-parent': [ '6.0.2', '5.1.2' ],
506 silly audit   'is-glob': [ '4.0.3' ],
506 silly audit   jiti: [ '1.21.0' ],
506 silly audit   lilconfig: [ '2.1.0', '3.0.0' ],
506 silly audit   micromatch: [ '4.0.5' ],
506 silly audit   'normalize-path': [ '3.0.0' ],
506 silly audit   'object-hash': [ '3.0.0' ],
506 silly audit   picocolors: [ '1.0.0' ],
506 silly audit   postcss: [ '8.4.33' ],
506 silly audit   'postcss-import': [ '15.1.0' ],
506 silly audit   'postcss-js': [ '4.0.1' ],
506 silly audit   'postcss-load-config': [ '4.0.2' ],
506 silly audit   'postcss-nested': [ '6.0.1' ],
506 silly audit   'postcss-selector-parser': [ '6.0.15' ],
506 silly audit   resolve: [ '1.22.8' ],
506 silly audit   sucrase: [ '3.35.0' ],
506 silly audit   anymatch: [ '3.1.3' ],
506 silly audit   braces: [ '3.0.2' ],
506 silly audit   fsevents: [ '2.3.3' ],
506 silly audit   'is-binary-path': [ '2.1.0' ],
506 silly audit   readdirp: [ '3.6.0' ],
506 silly audit   picomatch: [ '2.3.1' ],
506 silly audit   'fill-range': [ '7.0.1' ],
506 silly audit   '@nodelib/fs.stat': [ '2.0.5' ],
506 silly audit   '@nodelib/fs.walk': [ '1.2.8' ],
506 silly audit   merge2: [ '1.4.1' ],
506 silly audit   '@nodelib/fs.scandir': [ '2.1.5' ],
506 silly audit   fastq: [ '1.16.0' ],
506 silly audit   'run-parallel': [ '1.2.0' ],
506 silly audit   reusify: [ '1.0.4' ],
506 silly audit   'to-regex-range': [ '5.0.1' ],
506 silly audit   'binary-extensions': [ '2.2.0' ],
506 silly audit   'is-extglob': [ '2.1.1' ],
506 silly audit   nanoid: [ '3.3.7' ],
506 silly audit   'source-map-js': [ '1.0.2' ],
506 silly audit   'postcss-value-parser': [ '4.2.0' ],
506 silly audit   'read-cache': [ '1.0.0' ],
506 silly audit   'camelcase-css': [ '2.0.1' ],
506 silly audit   yaml: [ '2.3.4' ],
506 silly audit   cssesc: [ '3.0.0' ],
506 silly audit   'util-deprecate': [ '1.0.2' ],
506 silly audit   pify: [ '2.3.0' ],
506 silly audit   'is-core-module': [ '2.13.1' ],
506 silly audit   'path-parse': [ '1.0.7' ],
506 silly audit   'supports-preserve-symlinks-flag': [ '1.0.0' ],
506 silly audit   hasown: [ '2.0.0' ],
506 silly audit   'function-bind': [ '1.1.2' ],
506 silly audit   'queue-microtask': [ '1.2.3' ],
506 silly audit   '@jridgewell/gen-mapping': [ '0.3.3' ],
506 silly audit   commander: [ '4.1.1' ],
506 silly audit   glob: [ '10.3.10' ],
506 silly audit   'lines-and-columns': [ '1.2.4' ],
506 silly audit   mz: [ '2.7.0' ],
506 silly audit   pirates: [ '4.0.6' ],
506 silly audit   'ts-interface-checker': [ '0.1.13' ],
506 silly audit   '@jridgewell/set-array': [ '1.1.2' ],
506 silly audit   '@jridgewell/sourcemap-codec': [ '1.4.15' ],
506 silly audit   '@jridgewell/trace-mapping': [ '0.3.21' ],
506 silly audit   '@jridgewell/resolve-uri': [ '3.1.1' ],
506 silly audit   'foreground-child': [ '3.1.1' ],
506 silly audit   jackspeak: [ '2.3.6' ],
506 silly audit   minimatch: [ '9.0.3' ],
506 silly audit   minipass: [ '7.0.4' ],
506 silly audit   'path-scurry': [ '1.10.1' ],
506 silly audit   'cross-spawn': [ '7.0.3' ],
506 silly audit   'signal-exit': [ '4.1.0' ],
506 silly audit   'path-key': [ '3.1.1' ],
506 silly audit   'shebang-command': [ '2.0.0' ],
506 silly audit   which: [ '2.0.2' ],
506 silly audit   '@isaacs/cliui': [ '8.0.2' ],
506 silly audit   '@pkgjs/parseargs': [ '0.11.0' ],
506 silly audit   'string-width': [ '5.1.2', '4.2.3' ],
506 silly audit   'strip-ansi': [ '7.1.0', '6.0.1' ],
506 silly audit   'wrap-ansi': [ '8.1.0', '7.0.0' ],
506 silly audit   'brace-expansion': [ '2.0.1' ],
506 silly audit   'balanced-match': [ '1.0.2' ],
506 silly audit   'any-promise': [ '1.3.0' ],
506 silly audit   'object-assign': [ '4.1.1' ],
506 silly audit   'thenify-all': [ '1.6.0' ],
506 silly audit   'lru-cache': [ '10.1.0' ],
506 silly audit   'shebang-regex': [ '3.0.0' ],
506 silly audit   eastasianwidth: [ '0.2.0' ],
506 silly audit   'emoji-regex': [ '9.2.2', '8.0.0' ],
506 silly audit   'is-fullwidth-code-point': [ '3.0.0' ],
506 silly audit   'ansi-regex': [ '6.0.1', '5.0.1' ],
506 silly audit   thenify: [ '3.3.1' ],
506 silly audit   'is-number': [ '7.0.0' ],
506 silly audit   isexe: [ '2.0.0' ],
506 silly audit   'ansi-styles': [ '6.2.1', '4.3.0' ],
506 silly audit   'color-convert': [ '2.0.1' ],
506 silly audit   'color-name': [ '1.1.4' ]
506 silly audit }
507 verbose reify failed optional dependency /home/ian5999/Meetingroom/node_modules/@pkgjs/parseargs
508 silly reify mark deleted [ '/home/ian5999/Meetingroom/node_modules/@pkgjs/parseargs' ]
509 verbose reify failed optional dependency /home/ian5999/Meetingroom/node_modules/fsevents
510 silly reify mark deleted [ '/home/ian5999/Meetingroom/node_modules/fsevents' ]
511 timing reifyNode:node_modules/@pkgjs/parseargs Completed in 68ms
512 timing reifyNode:node_modules/fsevents Completed in 61ms
513 silly tarball no local data for color-name@https://registry.npmjs.org/color-name/-/color-name-1.1.4.tgz. Extracting by manifest.
514 silly tarball no local data for color-convert@https://registry.npmjs.org/color-convert/-/color-convert-2.0.1.tgz. Extracting by manifest.
515 silly tarball no local data for ansi-styles@https://registry.npmjs.org/ansi-styles/-/ansi-styles-6.2.1.tgz. Extracting by manifest.
516 silly tarball no local data for isexe@https://registry.npmjs.org/isexe/-/isexe-2.0.0.tgz. Extracting by manifest.
517 silly tarball no local data for is-number@https://registry.npmjs.org/is-number/-/is-number-7.0.0.tgz. Extracting by manifest.
518 silly tarball no local data for thenify@https://registry.npmjs.org/thenify/-/thenify-3.3.1.tgz. Extracting by manifest.
519 silly tarball no local data for ansi-regex@https://registry.npmjs.org/ansi-regex/-/ansi-regex-6.0.1.tgz. Extracting by manifest.
520 silly tarball no local data for is-fullwidth-code-point@https://registry.npmjs.org/is-fullwidth-code-point/-/is-fullwidth-code-point-3.0.0.tgz. Extracting by manifest.
521 silly tarball no local data for emoji-regex@https://registry.npmjs.org/emoji-regex/-/emoji-regex-9.2.2.tgz. Extracting by manifest.
522 silly tarball no local data for shebang-regex@https://registry.npmjs.org/shebang-regex/-/shebang-regex-3.0.0.tgz. Extracting by manifest.
523 silly tarball no local data for eastasianwidth@https://registry.npmjs.org/eastasianwidth/-/eastasianwidth-0.2.0.tgz. Extracting by manifest.
524 silly tarball no local data for lru-cache@https://registry.npmjs.org/lru-cache/-/lru-cache-10.1.0.tgz. Extracting by manifest.
525 silly tarball no local data for object-assign@https://registry.npmjs.org/object-assign/-/object-assign-4.1.1.tgz. Extracting by manifest.
526 silly tarball no local data for any-promise@https://registry.npmjs.org/any-promise/-/any-promise-1.3.0.tgz. Extracting by manifest.
527 silly tarball no local data for balanced-match@https://registry.npmjs.org/balanced-match/-/balanced-match-1.0.2.tgz. Extracting by manifest.
528 silly tarball no local data for wrap-ansi-cjs@https://registry.npmjs.org/wrap-ansi/-/wrap-ansi-7.0.0.tgz. Extracting by manifest.
529 silly tarball no local data for wrap-ansi@https://registry.npmjs.org/wrap-ansi/-/wrap-ansi-8.1.0.tgz. Extracting by manifest.
530 silly tarball no local data for strip-ansi-cjs@https://registry.npmjs.org/strip-ansi/-/strip-ansi-6.0.1.tgz. Extracting by manifest.
531 silly tarball no local data for strip-ansi@https://registry.npmjs.org/strip-ansi/-/strip-ansi-7.1.0.tgz. Extracting by manifest.
532 silly tarball no local data for brace-expansion@https://registry.npmjs.org/brace-expansion/-/brace-expansion-2.0.1.tgz. Extracting by manifest.
533 silly tarball no local data for string-width-cjs@https://registry.npmjs.org/string-width/-/string-width-4.2.3.tgz. Extracting by manifest.
534 silly tarball no local data for string-width@https://registry.npmjs.org/string-width/-/string-width-5.1.2.tgz. Extracting by manifest.
535 silly tarball no local data for which@https://registry.npmjs.org/which/-/which-2.0.2.tgz. Extracting by manifest.
536 silly tarball no local data for @isaacs/cliui@https://registry.npmjs.org/@isaacs/cliui/-/cliui-8.0.2.tgz. Extracting by manifest.
537 silly tarball no local data for shebang-command@https://registry.npmjs.org/shebang-command/-/shebang-command-2.0.0.tgz. Extracting by manifest.
538 silly tarball no local data for path-key@https://registry.npmjs.org/path-key/-/path-key-3.1.1.tgz. Extracting by manifest.
539 silly tarball no local data for signal-exit@https://registry.npmjs.org/signal-exit/-/signal-exit-4.1.0.tgz. Extracting by manifest.
540 silly tarball no local data for cross-spawn@https://registry.npmjs.org/cross-spawn/-/cross-spawn-7.0.3.tgz. Extracting by manifest.
541 silly tarball no local data for thenify-all@https://registry.npmjs.org/thenify-all/-/thenify-all-1.6.0.tgz. Extracting by manifest.
542 silly tarball no local data for path-scurry@https://registry.npmjs.org/path-scurry/-/path-scurry-1.10.1.tgz. Extracting by manifest.
543 silly tarball no local data for minimatch@https://registry.npmjs.org/minimatch/-/minimatch-9.0.3.tgz. Extracting by manifest.
544 silly tarball no local data for jackspeak@https://registry.npmjs.org/jackspeak/-/jackspeak-2.3.6.tgz. Extracting by manifest.
545 silly tarball no local data for foreground-child@https://registry.npmjs.org/foreground-child/-/foreground-child-3.1.1.tgz. Extracting by manifest.
546 silly tarball no local data for minipass@https://registry.npmjs.org/minipass/-/minipass-7.0.4.tgz. Extracting by manifest.
547 silly tarball no local data for @jridgewell/resolve-uri@https://registry.npmjs.org/@jridgewell/resolve-uri/-/resolve-uri-3.1.1.tgz. Extracting by manifest.
548 silly tarball no local data for @jridgewell/trace-mapping@https://registry.npmjs.org/@jridgewell/trace-mapping/-/trace-mapping-0.3.21.tgz. Extracting by manifest.
549 silly tarball no local data for @jridgewell/set-array@https://registry.npmjs.org/@jridgewell/set-array/-/set-array-1.1.2.tgz. Extracting by manifest.
550 silly tarball no local data for ts-interface-checker@https://registry.npmjs.org/ts-interface-checker/-/ts-interface-checker-0.1.13.tgz. Extracting by manifest.
551 silly tarball no local data for @jridgewell/sourcemap-codec@https://registry.npmjs.org/@jridgewell/sourcemap-codec/-/sourcemap-codec-1.4.15.tgz. Extracting by manifest.
552 silly tarball no local data for pirates@https://registry.npmjs.org/pirates/-/pirates-4.0.6.tgz. Extracting by manifest.
553 silly tarball no local data for mz@https://registry.npmjs.org/mz/-/mz-2.7.0.tgz. Extracting by manifest.
554 silly tarball no local data for lines-and-columns@https://registry.npmjs.org/lines-and-columns/-/lines-and-columns-1.2.4.tgz. Extracting by manifest.
555 silly tarball no local data for glob@https://registry.npmjs.org/glob/-/glob-10.3.10.tgz. Extracting by manifest.
556 silly tarball no local data for @jridgewell/gen-mapping@https://registry.npmjs.org/@jridgewell/gen-mapping/-/gen-mapping-0.3.3.tgz. Extracting by manifest.
557 silly tarball no local data for queue-microtask@https://registry.npmjs.org/queue-microtask/-/queue-microtask-1.2.3.tgz. Extracting by manifest.
558 silly tarball no local data for function-bind@https://registry.npmjs.org/function-bind/-/function-bind-1.1.2.tgz. Extracting by manifest.
559 silly tarball no local data for commander@https://registry.npmjs.org/commander/-/commander-4.1.1.tgz. Extracting by manifest.
560 silly tarball no local data for hasown@https://registry.npmjs.org/hasown/-/hasown-2.0.0.tgz. Extracting by manifest.
561 silly tarball no local data for supports-preserve-symlinks-flag@https://registry.npmjs.org/supports-preserve-symlinks-flag/-/supports-preserve-symlinks-flag-1.0.0.tgz. Extracting by manifest.
562 silly tarball no local data for path-parse@https://registry.npmjs.org/path-parse/-/path-parse-1.0.7.tgz. Extracting by manifest.
563 silly tarball no local data for is-core-module@https://registry.npmjs.org/is-core-module/-/is-core-module-2.13.1.tgz. Extracting by manifest.
564 silly tarball no local data for pify@https://registry.npmjs.org/pify/-/pify-2.3.0.tgz. Extracting by manifest.
565 silly tarball no local data for util-deprecate@https://registry.npmjs.org/util-deprecate/-/util-deprecate-1.0.2.tgz. Extracting by manifest.
566 silly tarball no local data for cssesc@https://registry.npmjs.org/cssesc/-/cssesc-3.0.0.tgz. Extracting by manifest.
567 silly tarball no local data for yaml@https://registry.npmjs.org/yaml/-/yaml-2.3.4.tgz. Extracting by manifest.
568 silly tarball no local data for camelcase-css@https://registry.npmjs.org/camelcase-css/-/camelcase-css-2.0.1.tgz. Extracting by manifest.
569 silly tarball no local data for read-cache@https://registry.npmjs.org/read-cache/-/read-cache-1.0.0.tgz. Extracting by manifest.
570 silly tarball no local data for source-map-js@https://registry.npmjs.org/source-map-js/-/source-map-js-1.0.2.tgz. Extracting by manifest.
571 silly tarball no local data for nanoid@https://registry.npmjs.org/nanoid/-/nanoid-3.3.7.tgz. Extracting by manifest.
572 silly tarball no local data for is-extglob@https://registry.npmjs.org/is-extglob/-/is-extglob-2.1.1.tgz. Extracting by manifest.
573 silly tarball no local data for binary-extensions@https://registry.npmjs.org/binary-extensions/-/binary-extensions-2.2.0.tgz. Extracting by manifest.
574 silly tarball no local data for to-regex-range@https://registry.npmjs.org/to-regex-range/-/to-regex-range-5.0.1.tgz. Extracting by manifest.
575 silly tarball no local data for reusify@https://registry.npmjs.org/reusify/-/reusify-1.0.4.tgz. Extracting by manifest.
576 silly tarball no local data for postcss-value-parser@https://registry.npmjs.org/postcss-value-parser/-/postcss-value-parser-4.2.0.tgz. Extracting by manifest.
577 silly tarball no local data for run-parallel@https://registry.npmjs.org/run-parallel/-/run-parallel-1.2.0.tgz. Extracting by manifest.
578 silly tarball no local data for fastq@https://registry.npmjs.org/fastq/-/fastq-1.16.0.tgz. Extracting by manifest.
579 silly tarball no local data for @nodelib/fs.scandir@https://registry.npmjs.org/@nodelib/fs.scandir/-/fs.scandir-2.1.5.tgz. Extracting by manifest.
580 silly tarball no local data for merge2@https://registry.npmjs.org/merge2/-/merge2-1.4.1.tgz. Extracting by manifest.
581 silly tarball no local data for @nodelib/fs.walk@https://registry.npmjs.org/@nodelib/fs.walk/-/fs.walk-1.2.8.tgz. Extracting by manifest.
582 silly tarball no local data for @nodelib/fs.stat@https://registry.npmjs.org/@nodelib/fs.stat/-/fs.stat-2.0.5.tgz. Extracting by manifest.
583 silly tarball no local data for readdirp@https://registry.npmjs.org/readdirp/-/readdirp-3.6.0.tgz. Extracting by manifest.
584 silly tarball no local data for picomatch@https://registry.npmjs.org/picomatch/-/picomatch-2.3.1.tgz. Extracting by manifest.
585 silly tarball no local data for fill-range@https://registry.npmjs.org/fill-range/-/fill-range-7.0.1.tgz. Extracting by manifest.
586 silly tarball no local data for is-binary-path@https://registry.npmjs.org/is-binary-path/-/is-binary-path-2.1.0.tgz. Extracting by manifest.
587 silly tarball no local data for braces@https://registry.npmjs.org/braces/-/braces-3.0.2.tgz. Extracting by manifest.
588 silly tarball no local data for anymatch@https://registry.npmjs.org/anymatch/-/anymatch-3.1.3.tgz. Extracting by manifest.
589 silly tarball no local data for sucrase@https://registry.npmjs.org/sucrase/-/sucrase-3.35.0.tgz. Extracting by manifest.
590 silly tarball no local data for resolve@https://registry.npmjs.org/resolve/-/resolve-1.22.8.tgz. Extracting by manifest.
591 silly tarball no local data for postcss-selector-parser@https://registry.npmjs.org/postcss-selector-parser/-/postcss-selector-parser-6.0.15.tgz. Extracting by manifest.
592 silly tarball no local data for postcss-nested@https://registry.npmjs.org/postcss-nested/-/postcss-nested-6.0.1.tgz. Extracting by manifest.
593 silly tarball no local data for postcss-load-config@https://registry.npmjs.org/postcss-load-config/-/postcss-load-config-4.0.2.tgz. Extracting by manifest.
594 silly tarball no local data for postcss-import@https://registry.npmjs.org/postcss-import/-/postcss-import-15.1.0.tgz. Extracting by manifest.
595 silly tarball no local data for postcss@https://registry.npmjs.org/postcss/-/postcss-8.4.33.tgz. Extracting by manifest.
596 silly tarball no local data for picocolors@https://registry.npmjs.org/picocolors/-/picocolors-1.0.0.tgz. Extracting by manifest.
597 silly tarball no local data for normalize-path@https://registry.npmjs.org/normalize-path/-/normalize-path-3.0.0.tgz. Extracting by manifest.
598 silly tarball no local data for micromatch@https://registry.npmjs.org/micromatch/-/micromatch-4.0.5.tgz. Extracting by manifest.
599 silly tarball no local data for lilconfig@https://registry.npmjs.org/lilconfig/-/lilconfig-2.1.0.tgz. Extracting by manifest.
600 silly tarball no local data for jiti@https://registry.npmjs.org/jiti/-/jiti-1.21.0.tgz. Extracting by manifest.
601 silly tarball no local data for is-glob@https://registry.npmjs.org/is-glob/-/is-glob-4.0.3.tgz. Extracting by manifest.
602 silly tarball no local data for glob-parent@https://registry.npmjs.org/glob-parent/-/glob-parent-6.0.2.tgz. Extracting by manifest.
603 silly tarball no local data for object-hash@https://registry.npmjs.org/object-hash/-/object-hash-3.0.0.tgz. Extracting by manifest.
604 silly tarball no local data for fast-glob@https://registry.npmjs.org/fast-glob/-/fast-glob-3.3.2.tgz. Extracting by manifest.
605 silly tarball no local data for didyoumean@https://registry.npmjs.org/didyoumean/-/didyoumean-1.2.2.tgz. Extracting by manifest.
606 silly tarball no local data for dlv@https://registry.npmjs.org/dlv/-/dlv-1.1.3.tgz. Extracting by manifest.
607 silly tarball no local data for chokidar@https://registry.npmjs.org/chokidar/-/chokidar-3.5.3.tgz. Extracting by manifest.
608 silly tarball no local data for arg@https://registry.npmjs.org/arg/-/arg-5.0.2.tgz. Extracting by manifest.
609 silly tarball no local data for @alloc/quick-lru@https://registry.npmjs.org/@alloc/quick-lru/-/quick-lru-5.2.0.tgz. Extracting by manifest.
610 silly tarball no local data for tailwindcss@https://registry.npmjs.org/tailwindcss/-/tailwindcss-3.4.1.tgz. Extracting by manifest.
611 silly tarball no local data for ansi-regex@https://registry.npmjs.org/ansi-regex/-/ansi-regex-5.0.1.tgz. Extracting by manifest.
612 silly tarball no local data for emoji-regex@https://registry.npmjs.org/emoji-regex/-/emoji-regex-8.0.0.tgz. Extracting by manifest.
613 silly tarball no local data for strip-ansi@https://registry.npmjs.org/strip-ansi/-/strip-ansi-6.0.1.tgz. Extracting by manifest.
614 silly tarball no local data for string-width@https://registry.npmjs.org/string-width/-/string-width-4.2.3.tgz. Extracting by manifest.
615 silly tarball no local data for ansi-styles@https://registry.npmjs.org/ansi-styles/-/ansi-styles-4.3.0.tgz. Extracting by manifest.
616 silly tarball no local data for ansi-regex@https://registry.npmjs.org/ansi-regex/-/ansi-regex-5.0.1.tgz. Extracting by manifest.
617 silly tarball no local data for ansi-regex@https://registry.npmjs.org/ansi-regex/-/ansi-regex-5.0.1.tgz. Extracting by manifest.
618 silly tarball no local data for strip-ansi@https://registry.npmjs.org/strip-ansi/-/strip-ansi-6.0.1.tgz. Extracting by manifest.
619 silly tarball no local data for emoji-regex@https://registry.npmjs.org/emoji-regex/-/emoji-regex-8.0.0.tgz. Extracting by manifest.
620 silly tarball no local data for lilconfig@https://registry.npmjs.org/lilconfig/-/lilconfig-3.0.0.tgz. Extracting by manifest.
621 silly tarball no local data for glob-parent@https://registry.npmjs.org/glob-parent/-/glob-parent-5.1.2.tgz. Extracting by manifest.
622 silly tarball no local data for glob-parent@https://registry.npmjs.org/glob-parent/-/glob-parent-5.1.2.tgz. Extracting by manifest.
623 silly tarball no local data for postcss-js@https://registry.npmjs.org/postcss-js/-/postcss-js-4.0.1.tgz. Extracting by manifest.
624 http fetch POST 200 https://registry.npmjs.org/-/npm/v1/security/advisories/bulk 1726ms
625 timing auditReport:getReport Completed in 1732ms
626 silly audit report {}
627 timing auditReport:init Completed in 0ms
628 timing reify:audit Completed in 1733ms
629 http fetch GET 200 https://registry.npmjs.org/eastasianwidth/-/eastasianwidth-0.2.0.tgz 2307ms (cache miss)
630 timing reifyNode:node_modules/eastasianwidth Completed in 2571ms
631 http fetch GET 200 https://registry.npmjs.org/shebang-regex/-/shebang-regex-3.0.0.tgz 2322ms (cache miss)
632 timing reifyNode:node_modules/shebang-regex Completed in 2577ms
633 http fetch GET 200 https://registry.npmjs.org/string-width/-/string-width-4.2.3.tgz 2274ms (cache miss)
634 timing reifyNode:node_modules/string-width-cjs Completed in 2639ms
635 http fetch GET 200 https://registry.npmjs.org/strip-ansi/-/strip-ansi-6.0.1.tgz 2320ms (cache miss)
636 timing reifyNode:node_modules/strip-ansi-cjs Completed in 2651ms
637 http fetch GET 200 https://registry.npmjs.org/shebang-command/-/shebang-command-2.0.0.tgz 2308ms (cache miss)
638 timing reifyNode:node_modules/shebang-command Completed in 2713ms
639 http fetch GET 200 https://registry.npmjs.org/color-name/-/color-name-1.1.4.tgz 2582ms (cache miss)
640 timing reifyNode:node_modules/color-name Completed in 2767ms
641 http fetch GET 200 https://registry.npmjs.org/color-convert/-/color-convert-2.0.1.tgz 2583ms (cache miss)
642 timing reifyNode:node_modules/color-convert Completed in 2775ms
643 http fetch GET 200 https://registry.npmjs.org/ansi-styles/-/ansi-styles-6.2.1.tgz 2592ms (cache miss)
644 timing reifyNode:node_modules/ansi-styles Completed in 2790ms
645 http fetch GET 200 https://registry.npmjs.org/ansi-regex/-/ansi-regex-6.0.1.tgz 2568ms (cache miss)
646 timing reifyNode:node_modules/ansi-regex Completed in 2795ms
647 http fetch GET 200 https://registry.npmjs.org/any-promise/-/any-promise-1.3.0.tgz 2510ms (cache miss)
648 http fetch GET 200 https://registry.npmjs.org/object-assign/-/object-assign-4.1.1.tgz 2537ms (cache miss)
649 timing reifyNode:node_modules/object-assign Completed in 2814ms
650 http fetch GET 200 https://registry.npmjs.org/thenify-all/-/thenify-all-1.6.0.tgz 2373ms (cache miss)
651 timing reifyNode:node_modules/thenify-all Completed in 2827ms
652 http fetch GET 200 https://registry.npmjs.org/pirates/-/pirates-4.0.6.tgz 2278ms (cache miss)
653 timing reifyNode:node_modules/pirates Completed in 2834ms
654 http fetch GET 200 https://registry.npmjs.org/wrap-ansi/-/wrap-ansi-7.0.0.tgz 2584ms (cache miss)
655 timing reifyNode:node_modules/wrap-ansi-cjs Completed in 2892ms
656 http fetch GET 200 https://registry.npmjs.org/wrap-ansi/-/wrap-ansi-8.1.0.tgz 2583ms (cache miss)
657 timing reifyNode:node_modules/wrap-ansi Completed in 2897ms
658 http fetch GET 200 https://registry.npmjs.org/path-key/-/path-key-3.1.1.tgz 2531ms (cache miss)
659 timing reifyNode:node_modules/path-key Completed in 2944ms
660 http fetch GET 200 https://registry.npmjs.org/isexe/-/isexe-2.0.0.tgz 2776ms (cache miss)
661 timing reifyNode:node_modules/isexe Completed in 2979ms
662 http fetch GET 200 https://registry.npmjs.org/emoji-regex/-/emoji-regex-9.2.2.tgz 2738ms (cache miss)
663 http fetch GET 200 https://registry.npmjs.org/is-fullwidth-code-point/-/is-fullwidth-code-point-3.0.0.tgz 2756ms (cache miss)
664 timing reifyNode:node_modules/is-fullwidth-code-point Completed in 2990ms
665 http fetch GET 200 https://registry.npmjs.org/is-number/-/is-number-7.0.0.tgz 2786ms (cache miss)
666 timing reifyNode:node_modules/is-number Completed in 2996ms
667 http fetch GET 200 https://registry.npmjs.org/@jridgewell/sourcemap-codec/-/sourcemap-codec-1.4.15.tgz 2457ms (cache miss)
668 timing reifyNode:node_modules/@jridgewell/sourcemap-codec Completed in 3007ms
669 http fetch GET 200 https://registry.npmjs.org/mz/-/mz-2.7.0.tgz 2453ms (cache miss)
670 timing reifyNode:node_modules/mz Completed in 3015ms
671 http fetch GET 200 https://registry.npmjs.org/@jridgewell/set-array/-/set-array-1.1.2.tgz 2494ms (cache miss)
672 timing reifyNode:node_modules/@jridgewell/set-array Completed in 3025ms
673 http fetch GET 200 https://registry.npmjs.org/binary-extensions/-/binary-extensions-2.2.0.tgz 2301ms (cache miss)
674 timing reifyNode:node_modules/binary-extensions Completed in 3035ms
675 http fetch GET 200 https://registry.npmjs.org/thenify/-/thenify-3.3.1.tgz 2871ms (cache miss)
676 timing reifyNode:node_modules/thenify Completed in 3092ms
677 http fetch GET 200 https://registry.npmjs.org/strip-ansi/-/strip-ansi-7.1.0.tgz 2765ms (cache miss)
678 timing reifyNode:node_modules/strip-ansi Completed in 3108ms
679 http fetch GET 200 https://registry.npmjs.org/balanced-match/-/balanced-match-1.0.2.tgz 2815ms (cache miss)
680 timing reifyNode:node_modules/balanced-match Completed in 3115ms
681 http fetch GET 200 https://registry.npmjs.org/string-width/-/string-width-5.1.2.tgz 2745ms (cache miss)
682 timing reifyNode:node_modules/string-width Completed in 3119ms
683 http fetch GET 200 https://registry.npmjs.org/lines-and-columns/-/lines-and-columns-1.2.4.tgz 2550ms (cache miss)
684 timing reifyNode:node_modules/lines-and-columns Completed in 3123ms
685 http fetch GET 200 https://registry.npmjs.org/supports-preserve-symlinks-flag/-/supports-preserve-symlinks-flag-1.0.0.tgz 2504ms (cache miss)
686 timing reifyNode:node_modules/supports-preserve-symlinks-flag Completed in 3130ms
687 http fetch GET 200 https://registry.npmjs.org/path-parse/-/path-parse-1.0.7.tgz 2503ms (cache miss)
688 timing reifyNode:node_modules/path-parse Completed in 3134ms
689 http fetch GET 200 https://registry.npmjs.org/is-core-module/-/is-core-module-2.13.1.tgz 2494ms (cache miss)
690 timing reifyNode:node_modules/is-core-module Completed in 3139ms
691 http fetch GET 200 https://registry.npmjs.org/queue-microtask/-/queue-microtask-1.2.3.tgz 2558ms (cache miss)
692 timing reifyNode:node_modules/queue-microtask Completed in 3154ms
693 http fetch GET 200 https://registry.npmjs.org/merge2/-/merge2-1.4.1.tgz 2357ms (cache miss)
694 timing reifyNode:node_modules/merge2 Completed in 3163ms
695 http fetch GET 200 https://registry.npmjs.org/foreground-child/-/foreground-child-3.1.1.tgz 2699ms (cache miss)
696 http fetch GET 200 https://registry.npmjs.org/signal-exit/-/signal-exit-4.1.0.tgz 2776ms (cache miss)
697 http fetch GET 200 https://registry.npmjs.org/@isaacs/cliui/-/cliui-8.0.2.tgz 2818ms (cache miss)
698 timing reifyNode:node_modules/@isaacs/cliui Completed in 3218ms
699 http fetch GET 200 https://registry.npmjs.org/nanoid/-/nanoid-3.3.7.tgz 2512ms (cache miss)
700 http fetch GET 200 https://registry.npmjs.org/is-extglob/-/is-extglob-2.1.1.tgz 2496ms (cache miss)
701 timing reifyNode:node_modules/is-extglob Completed in 3225ms
702 http fetch GET 200 https://registry.npmjs.org/util-deprecate/-/util-deprecate-1.0.2.tgz 2574ms (cache miss)
703 timing reifyNode:node_modules/util-deprecate Completed in 3233ms
704 http fetch GET 200 https://registry.npmjs.org/pify/-/pify-2.3.0.tgz 2587ms (cache miss)
705 timing reifyNode:node_modules/pify Completed in 3238ms
706 http fetch GET 200 https://registry.npmjs.org/read-cache/-/read-cache-1.0.0.tgz 2556ms (cache miss)
707 timing reifyNode:node_modules/read-cache Completed in 3252ms
708 http fetch GET 200 https://registry.npmjs.org/normalize-path/-/normalize-path-3.0.0.tgz 2301ms (cache miss)
709 timing reifyNode:node_modules/normalize-path Completed in 3259ms
710 http fetch GET 200 https://registry.npmjs.org/postcss-value-parser/-/postcss-value-parser-4.2.0.tgz 2545ms (cache miss)
711 timing reifyNode:node_modules/postcss-value-parser Completed in 3297ms
712 http fetch GET 200 https://registry.npmjs.org/didyoumean/-/didyoumean-1.2.2.tgz 2283ms (cache miss)
713 timing reifyNode:node_modules/didyoumean Completed in 3309ms
714 http fetch GET 200 https://registry.npmjs.org/hasown/-/hasown-2.0.0.tgz 2722ms (cache miss)
715 timing reifyNode:node_modules/hasown Completed in 3342ms
716 http fetch GET 200 https://registry.npmjs.org/readdirp/-/readdirp-3.6.0.tgz 2509ms (cache miss)
717 timing reifyNode:node_modules/readdirp Completed in 3355ms
718 http fetch GET 200 https://registry.npmjs.org/fill-range/-/fill-range-7.0.1.tgz 2503ms (cache miss)
719 timing reifyNode:node_modules/fill-range Completed in 3361ms
720 http fetch GET 200 https://registry.npmjs.org/@nodelib/fs.walk/-/fs.walk-1.2.8.tgz 2546ms (cache miss)
721 http fetch GET 200 https://registry.npmjs.org/is-binary-path/-/is-binary-path-2.1.0.tgz 2518ms (cache miss)
722 timing reifyNode:node_modules/is-binary-path Completed in 3383ms
723 http fetch GET 200 https://registry.npmjs.org/strip-ansi/-/strip-ansi-6.0.1.tgz 2301ms (cache miss)
724 timing reifyNode:node_modules/wrap-ansi-cjs/node_modules/strip-ansi Completed in 3405ms
725 http fetch GET 200 https://registry.npmjs.org/string-width/-/string-width-4.2.3.tgz 2302ms (cache miss)
726 timing reifyNode:node_modules/wrap-ansi-cjs/node_modules/string-width Completed in 3410ms
727 http fetch GET 200 https://registry.npmjs.org/@alloc/quick-lru/-/quick-lru-5.2.0.tgz 2362ms (cache miss)
728 timing reifyNode:node_modules/@alloc/quick-lru Completed in 3420ms
729 http fetch GET 200 https://registry.npmjs.org/camelcase-css/-/camelcase-css-2.0.1.tgz 2792ms (cache miss)
730 timing reifyNode:node_modules/camelcase-css Completed in 3481ms
731 http fetch GET 200 https://registry.npmjs.org/postcss-nested/-/postcss-nested-6.0.1.tgz 2577ms (cache miss)
732 timing reifyNode:node_modules/postcss-nested Completed in 3495ms
733 http fetch GET 200 https://registry.npmjs.org/strip-ansi/-/strip-ansi-6.0.1.tgz 2354ms (cache miss)
734 timing reifyNode:node_modules/string-width-cjs/node_modules/strip-ansi Completed in 3515ms
735 http fetch GET 200 https://registry.npmjs.org/run-parallel/-/run-parallel-1.2.0.tgz 2758ms (cache miss)
736 timing reifyNode:node_modules/run-parallel Completed in 3528ms
737 http fetch GET 200 https://registry.npmjs.org/reusify/-/reusify-1.0.4.tgz 2790ms (cache miss)
738 timing reifyNode:node_modules/reusify Completed in 3537ms
739 http fetch GET 200 https://registry.npmjs.org/dlv/-/dlv-1.1.3.tgz 2517ms (cache miss)
740 timing reifyNode:node_modules/dlv Completed in 3548ms
741 http fetch GET 200 https://registry.npmjs.org/lilconfig/-/lilconfig-2.1.0.tgz 2581ms (cache miss)
742 timing reifyNode:node_modules/lilconfig Completed in 3560ms
743 http fetch GET 200 https://registry.npmjs.org/micromatch/-/micromatch-4.0.5.tgz 2622ms (cache miss)
744 timing reifyNode:node_modules/micromatch Completed in 3587ms
745 http fetch GET 200 https://registry.npmjs.org/glob-parent/-/glob-parent-6.0.2.tgz 2597ms (cache miss)
746 timing reifyNode:node_modules/glob-parent Completed in 3596ms
747 timing reifyNode:node_modules/emoji-regex Completed in 3618ms
748 http fetch GET 200 https://registry.npmjs.org/brace-expansion/-/brace-expansion-2.0.1.tgz 3274ms (cache miss)
749 timing reifyNode:node_modules/brace-expansion Completed in 3630ms
750 http fetch GET 200 https://registry.npmjs.org/@nodelib/fs.scandir/-/fs.scandir-2.1.5.tgz 2853ms (cache miss)
751 http fetch GET 200 https://registry.npmjs.org/@nodelib/fs.stat/-/fs.stat-2.0.5.tgz 2803ms (cache miss)
752 http fetch GET 200 https://registry.npmjs.org/postcss-import/-/postcss-import-15.1.0.tgz 2729ms (cache miss)
753 timing reifyNode:node_modules/postcss-import Completed in 3659ms
754 http fetch GET 200 https://registry.npmjs.org/picocolors/-/picocolors-1.0.0.tgz 2714ms (cache miss)
755 timing reifyNode:node_modules/picocolors Completed in 3666ms
756 http fetch GET 200 https://registry.npmjs.org/anymatch/-/anymatch-3.1.3.tgz 2791ms (cache miss)
757 timing reifyNode:node_modules/anymatch Completed in 3673ms
758 http fetch GET 200 https://registry.npmjs.org/postcss-js/-/postcss-js-4.0.1.tgz 2484ms (cache miss)
759 timing reifyNode:node_modules/postcss-js Completed in 3681ms
760 http fetch GET 200 https://registry.npmjs.org/lilconfig/-/lilconfig-3.0.0.tgz 2517ms (cache miss)
761 timing reifyNode:node_modules/postcss-load-config/node_modules/lilconfig Completed in 3696ms
762 http fetch GET 200 https://registry.npmjs.org/ansi-regex/-/ansi-regex-5.0.1.tgz 2618ms (cache miss)
763 timing reifyNode:node_modules/string-width-cjs/node_modules/ansi-regex Completed in 3740ms
764 http fetch GET 200 https://registry.npmjs.org/cssesc/-/cssesc-3.0.0.tgz 3088ms (cache miss)
765 timing reifyNode:node_modules/cssesc Completed in 3756ms
766 http fetch GET 200 https://registry.npmjs.org/ansi-styles/-/ansi-styles-4.3.0.tgz 2660ms (cache miss)
767 timing reifyNode:node_modules/wrap-ansi-cjs/node_modules/ansi-styles Completed in 3775ms
768 http fetch GET 200 https://registry.npmjs.org/ansi-regex/-/ansi-regex-5.0.1.tgz 2633ms (cache miss)
769 timing reifyNode:node_modules/strip-ansi-cjs/node_modules/ansi-regex Completed in 3780ms
770 http fetch GET 200 https://registry.npmjs.org/arg/-/arg-5.0.2.tgz 2723ms (cache miss)
771 timing reifyNode:node_modules/arg Completed in 3772ms
772 http fetch GET 200 https://registry.npmjs.org/emoji-regex/-/emoji-regex-8.0.0.tgz 2705ms (cache miss)
773 timing reifyNode:node_modules/wrap-ansi-cjs/node_modules/emoji-regex Completed in 3795ms
774 http fetch GET 200 https://registry.npmjs.org/which/-/which-2.0.2.tgz 3406ms (cache miss)
775 timing reifyNode:node_modules/which Completed in 3800ms
776 http fetch GET 200 https://registry.npmjs.org/to-regex-range/-/to-regex-range-5.0.1.tgz 3071ms (cache miss)
777 timing reifyNode:node_modules/to-regex-range Completed in 3812ms
778 http fetch GET 200 https://registry.npmjs.org/ansi-regex/-/ansi-regex-5.0.1.tgz 2748ms (cache miss)
779 timing reifyNode:node_modules/wrap-ansi-cjs/node_modules/ansi-regex Completed in 3833ms
780 http fetch GET 200 https://registry.npmjs.org/glob-parent/-/glob-parent-5.1.2.tgz 2633ms (cache miss)
781 timing reifyNode:node_modules/chokidar/node_modules/glob-parent Completed in 3823ms
782 http fetch GET 200 https://registry.npmjs.org/@jridgewell/resolve-uri/-/resolve-uri-3.1.1.tgz 3343ms (cache miss)
783 timing reifyNode:node_modules/@jridgewell/resolve-uri Completed in 3861ms
784 http fetch GET 200 https://registry.npmjs.org/emoji-regex/-/emoji-regex-8.0.0.tgz 2695ms (cache miss)
785 timing reifyNode:node_modules/string-width-cjs/node_modules/emoji-regex Completed in 3875ms
786 http fetch GET 200 https://registry.npmjs.org/glob-parent/-/glob-parent-5.1.2.tgz 2685ms (cache miss)
787 timing reifyNode:node_modules/fast-glob/node_modules/glob-parent Completed in 3868ms
788 http fetch GET 200 https://registry.npmjs.org/ts-interface-checker/-/ts-interface-checker-0.1.13.tgz 3375ms (cache miss)
789 timing reifyNode:node_modules/ts-interface-checker Completed in 3912ms
790 http fetch GET 200 https://registry.npmjs.org/function-bind/-/function-bind-1.1.2.tgz 3314ms (cache miss)
791 timing reifyNode:node_modules/function-bind Completed in 3916ms
792 timing reifyNode:node_modules/@nodelib/fs.stat Completed in 3916ms
793 http fetch GET 200 https://registry.npmjs.org/cross-spawn/-/cross-spawn-7.0.3.tgz 3495ms (cache miss)
794 timing reifyNode:node_modules/cross-spawn Completed in 3938ms
795 http fetch GET 200 https://registry.npmjs.org/@jridgewell/gen-mapping/-/gen-mapping-0.3.3.tgz 3367ms (cache miss)
796 timing reifyNode:node_modules/@jridgewell/gen-mapping Completed in 3957ms
797 http fetch GET 200 https://registry.npmjs.org/object-hash/-/object-hash-3.0.0.tgz 2967ms (cache miss)
798 timing reifyNode:node_modules/object-hash Completed in 3972ms
799 http fetch GET 200 https://registry.npmjs.org/is-glob/-/is-glob-4.0.3.tgz 2990ms (cache miss)
800 timing reifyNode:node_modules/is-glob Completed in 3980ms
801 timing reifyNode:node_modules/nanoid Completed in 3994ms
802 http fetch GET 200 https://registry.npmjs.org/braces/-/braces-3.0.2.tgz 3131ms (cache miss)
803 timing reifyNode:node_modules/braces Completed in 4001ms
804 http fetch GET 200 https://registry.npmjs.org/postcss-load-config/-/postcss-load-config-4.0.2.tgz 3087ms (cache miss)
805 timing reifyNode:node_modules/postcss-load-config Completed in 4012ms
806 timing reifyNode:node_modules/any-promise Completed in 4039ms
807 http fetch GET 200 https://registry.npmjs.org/commander/-/commander-4.1.1.tgz 3439ms (cache miss)
808 timing reifyNode:node_modules/commander Completed in 4049ms
809 http fetch GET 200 https://registry.npmjs.org/fastq/-/fastq-1.16.0.tgz 3284ms (cache miss)
810 timing reifyNode:node_modules/fastq Completed in 4059ms
811 timing reifyNode:node_modules/@nodelib/fs.scandir Completed in 4062ms
812 http fetch GET 200 https://registry.npmjs.org/@jridgewell/trace-mapping/-/trace-mapping-0.3.21.tgz 3573ms (cache miss)
813 timing reifyNode:node_modules/@jridgewell/trace-mapping Completed in 4098ms
814 timing reifyNode:node_modules/signal-exit Completed in 4119ms
815 timing reifyNode:node_modules/@nodelib/fs.walk Completed in 4114ms
816 http fetch GET 200 https://registry.npmjs.org/picomatch/-/picomatch-2.3.1.tgz 3274ms (cache miss)
817 timing reifyNode:node_modules/picomatch Completed in 4126ms
818 timing reifyNode:node_modules/foreground-child Completed in 4137ms
819 http fetch GET 200 https://registry.npmjs.org/source-map-js/-/source-map-js-1.0.2.tgz 3451ms (cache miss)
820 timing reifyNode:node_modules/source-map-js Completed in 4152ms
821 http fetch GET 200 https://registry.npmjs.org/minipass/-/minipass-7.0.4.tgz 3659ms (cache miss)
822 timing reifyNode:node_modules/minipass Completed in 4171ms
823 http fetch GET 200 https://registry.npmjs.org/chokidar/-/chokidar-3.5.3.tgz 3134ms (cache miss)
824 timing reifyNode:node_modules/chokidar Completed in 4173ms
825 http fetch GET 200 https://registry.npmjs.org/jackspeak/-/jackspeak-2.3.6.tgz 3715ms (cache miss)
826 timing reifyNode:node_modules/jackspeak Completed in 4198ms
827 http fetch GET 200 https://registry.npmjs.org/lru-cache/-/lru-cache-10.1.0.tgz 4024ms (cache miss)
828 timing reifyNode:node_modules/lru-cache Completed in 4294ms
829 http fetch GET 200 https://registry.npmjs.org/path-scurry/-/path-scurry-1.10.1.tgz 3890ms (cache miss)
830 timing reifyNode:node_modules/path-scurry Completed in 4345ms
831 http fetch GET 200 https://registry.npmjs.org/postcss-selector-parser/-/postcss-selector-parser-6.0.15.tgz 3436ms (cache miss)
832 timing reifyNode:node_modules/postcss-selector-parser Completed in 4347ms
833 http fetch GET 200 https://registry.npmjs.org/minimatch/-/minimatch-9.0.3.tgz 3926ms (cache miss)
834 http fetch GET 200 https://registry.npmjs.org/postcss/-/postcss-8.4.33.tgz 3470ms (cache miss)
835 timing reifyNode:node_modules/minimatch Completed in 4418ms
836 timing reifyNode:node_modules/postcss Completed in 4416ms
837 http fetch GET 200 https://registry.npmjs.org/fast-glob/-/fast-glob-3.3.2.tgz 3457ms (cache miss)
838 timing reifyNode:node_modules/fast-glob Completed in 4468ms
839 http fetch GET 200 https://registry.npmjs.org/glob/-/glob-10.3.10.tgz 3937ms (cache miss)
840 timing reifyNode:node_modules/glob Completed in 4524ms
841 http fetch GET 200 https://registry.npmjs.org/jiti/-/jiti-1.21.0.tgz 3656ms (cache miss)
842 timing reifyNode:node_modules/jiti Completed in 4641ms
843 http fetch GET 200 https://registry.npmjs.org/resolve/-/resolve-1.22.8.tgz 3944ms (cache miss)
844 timing reifyNode:node_modules/resolve Completed in 4843ms
845 http fetch GET 200 https://registry.npmjs.org/sucrase/-/sucrase-3.35.0.tgz 4166ms (cache miss)
846 timing reifyNode:node_modules/sucrase Completed in 5059ms
847 http fetch GET 200 https://registry.npmjs.org/yaml/-/yaml-2.3.4.tgz 4420ms (cache miss)
848 timing reifyNode:node_modules/yaml Completed in 5096ms
849 http fetch GET 200 https://registry.npmjs.org/tailwindcss/-/tailwindcss-3.4.1.tgz 4341ms (cache miss)
850 timing reifyNode:node_modules/tailwindcss Completed in 5404ms
851 timing reify:unpack Completed in 5426ms
852 timing reify:unretire Completed in 1ms
853 timing build:queue Completed in 20ms
854 timing build:link:node_modules/cssesc Completed in 28ms
855 timing build:link:node_modules/glob Completed in 26ms
856 timing build:link:node_modules/jiti Completed in 25ms
857 timing build:link:node_modules/resolve Completed in 24ms
858 timing build:link:node_modules/sucrase Completed in 23ms
859 timing build:link:node_modules/nanoid Completed in 25ms
860 timing build:link:node_modules/tailwindcss Completed in 24ms
861 timing build:link:node_modules/which Completed in 22ms
862 timing build:link Completed in 31ms
863 timing build:deps Completed in 52ms
864 timing build Completed in 52ms
865 timing reify:build Completed in 54ms
866 timing reify:trash Completed in 7ms
867 timing reify:save Completed in 124ms
868 timing reify Completed in 12461ms
869 silly ADD node_modules/color-name
870 silly ADD node_modules/color-convert
871 silly ADD node_modules/ansi-styles
872 silly ADD node_modules/isexe
873 silly ADD node_modules/is-number
874 silly ADD node_modules/thenify
875 silly ADD node_modules/ansi-regex
876 silly ADD node_modules/is-fullwidth-code-point
877 silly ADD node_modules/emoji-regex
878 silly ADD node_modules/eastasianwidth
879 silly ADD node_modules/shebang-regex
880 silly ADD node_modules/lru-cache
881 silly ADD node_modules/thenify-all
882 silly ADD node_modules/object-assign
883 silly ADD node_modules/any-promise
884 silly ADD node_modules/balanced-match
885 silly ADD node_modules/brace-expansion
886 silly ADD node_modules/wrap-ansi-cjs
887 silly ADD node_modules/wrap-ansi-cjs/node_modules/ansi-regex
888 silly ADD node_modules/wrap-ansi-cjs/node_modules/emoji-regex
889 silly ADD node_modules/wrap-ansi-cjs/node_modules/strip-ansi
890 silly ADD node_modules/wrap-ansi-cjs/node_modules/string-width
891 silly ADD node_modules/wrap-ansi-cjs/node_modules/ansi-styles
892 silly ADD node_modules/wrap-ansi
893 silly ADD node_modules/strip-ansi-cjs
894 silly ADD node_modules/strip-ansi-cjs/node_modules/ansi-regex
895 silly ADD node_modules/strip-ansi
896 silly ADD node_modules/string-width-cjs
897 silly ADD node_modules/string-width-cjs/node_modules/ansi-regex
898 silly ADD node_modules/string-width-cjs/node_modules/strip-ansi
899 silly ADD node_modules/string-width-cjs/node_modules/emoji-regex
900 silly ADD node_modules/string-width
901 silly ADD
902 silly ADD node_modules/@isaacs/cliui
903 silly ADD node_modules/which
904 silly ADD node_modules/shebang-command
905 silly ADD node_modules/path-key
906 silly ADD node_modules/signal-exit
907 silly ADD node_modules/cross-spawn
908 silly ADD node_modules/path-scurry
909 silly ADD node_modules/minipass
910 silly ADD node_modules/minimatch
911 silly ADD node_modules/jackspeak
912 silly ADD node_modules/foreground-child
913 silly ADD node_modules/@jridgewell/resolve-uri
914 silly ADD node_modules/@jridgewell/trace-mapping
915 silly ADD node_modules/@jridgewell/sourcemap-codec
916 silly ADD node_modules/@jridgewell/set-array
917 silly ADD node_modules/ts-interface-checker
918 silly ADD node_modules/pirates
919 silly ADD node_modules/mz
920 silly ADD node_modules/lines-and-columns
921 silly ADD node_modules/glob
922 silly ADD node_modules/commander
923 silly ADD node_modules/@jridgewell/gen-mapping
924 silly ADD node_modules/queue-microtask
925 silly ADD node_modules/function-bind
926 silly ADD node_modules/hasown
927 silly ADD node_modules/supports-preserve-symlinks-flag
928 silly ADD node_modules/path-parse
929 silly ADD node_modules/is-core-module
930 silly ADD node_modules/pify
931 silly ADD node_modules/util-deprecate
932 silly ADD node_modules/cssesc
933 silly ADD node_modules/yaml
934 silly ADD node_modules/camelcase-css
935 silly ADD node_modules/read-cache
936 silly ADD node_modules/postcss-value-parser
937 silly ADD node_modules/source-map-js
938 silly ADD node_modules/nanoid
939 silly ADD node_modules/is-extglob
940 silly ADD node_modules/binary-extensions
941 silly ADD node_modules/to-regex-range
942 silly ADD node_modules/reusify
943 silly ADD node_modules/run-parallel
944 silly ADD node_modules/fastq
945 silly ADD node_modules/@nodelib/fs.scandir
946 silly ADD node_modules/merge2
947 silly ADD node_modules/@nodelib/fs.walk
948 silly ADD node_modules/@nodelib/fs.stat
949 silly ADD node_modules/fill-range
950 silly ADD node_modules/picomatch
951 silly ADD node_modules/readdirp
952 silly ADD node_modules/is-binary-path
953 silly ADD
954 silly ADD node_modules/braces
955 silly ADD node_modules/anymatch
956 silly ADD node_modules/sucrase
957 silly ADD node_modules/resolve
958 silly ADD node_modules/postcss-selector-parser
959 silly ADD node_modules/postcss-nested
960 silly ADD node_modules/postcss-load-config
961 silly ADD node_modules/postcss-load-config/node_modules/lilconfig
962 silly ADD node_modules/postcss-js
963 silly ADD node_modules/postcss-import
964 silly ADD node_modules/postcss
965 silly ADD node_modules/picocolors
966 silly ADD node_modules/object-hash
967 silly ADD node_modules/normalize-path
968 silly ADD node_modules/micromatch
969 silly ADD node_modules/lilconfig
970 silly ADD node_modules/jiti
971 silly ADD node_modules/is-glob
972 silly ADD node_modules/glob-parent
973 silly ADD node_modules/fast-glob
974 silly ADD node_modules/fast-glob/node_modules/glob-parent
975 silly ADD node_modules/dlv
976 silly ADD node_modules/didyoumean
977 silly ADD node_modules/chokidar
978 silly ADD node_modules/chokidar/node_modules/glob-parent
979 silly ADD node_modules/arg
980 silly ADD node_modules/@alloc/quick-lru
981 silly ADD node_modules/tailwindcss
982 timing command:install Completed in 12499ms
983 verbose exit 0
984 timing npm Completed in 13138ms
985 info ok
