0 verbose cli /home/ian5999/.nvm/versions/node/v21.6.0/bin/node /home/ian5999/.nvm/versions/node/v21.6.0/bin/npm
1 info using npm@10.2.4
2 info using node@v21.6.0
3 timing npm:load:whichnode Completed in 5ms
4 timing config:load:defaults Completed in 3ms
5 timing config:load:file:/home/ian5999/.nvm/versions/node/v21.6.0/lib/node_modules/npm/npmrc Completed in 2ms
6 timing config:load:builtin Completed in 3ms
7 timing config:load:cli Completed in 4ms
8 timing config:load:env Completed in 1ms
9 timing config:load:file:/home/ian5999/Meetingroom/.npmrc Completed in 0ms
10 timing config:load:project Completed in 3ms
11 timing config:load:file:/home/ian5999/.npmrc Completed in 0ms
12 timing config:load:user Completed in 1ms
13 timing config:load:file:/home/ian5999/.nvm/versions/node/v21.6.0/etc/npmrc Completed in 0ms
14 timing config:load:global Completed in 0ms
15 timing config:load:setEnvs Completed in 2ms
16 timing config:load Completed in 19ms
17 timing npm:load:configload Completed in 19ms
18 timing config:load:flatten Completed in 7ms
19 timing npm:load:mkdirpcache Completed in 2ms
20 timing npm:load:mkdirplogs Completed in 2ms
21 verbose title npm install tailwindcss
22 verbose argv "install" "--save-dev" "tailwindcss"
23 timing npm:load:setTitle Completed in 1ms
24 timing npm:load:display Completed in 1ms
25 verbose logfile logs-max:10 dir:/home/ian5999/.npm/_logs/2024-01-16T12_56_11_030Z-
26 verbose logfile /home/ian5999/.npm/_logs/2024-01-16T12_56_11_030Z-debug-0.log
27 timing npm:load:logFile Completed in 24ms
28 timing npm:load:timers Completed in 0ms
29 timing npm:load:configScope Completed in 0ms
30 timing npm:load Completed in 109ms
31 timing arborist:ctor Completed in 1ms
32 silly logfile done cleaning log files
33 timing idealTree:init Completed in 197ms
34 timing idealTree:userRequests Completed in 3ms
35 silly idealTree buildDeps
36 silly fetch manifest tailwindcss@^3.4.1
37 timing arborist:ctor Completed in 0ms
38 http fetch GET 200 https://registry.npmjs.org/tailwindcss 621ms (cache revalidated)
39 silly placeDep ROOT tailwindcss@3.4.1 REPLACE for:  want: ^3.4.1
40 timing idealTree:#root Completed in 752ms
41 timing idealTree:node_modules/tailwindcss Completed in 0ms
42 timing idealTree:buildDeps Completed in 756ms
43 timing idealTree:fixDepFlags Completed in 2ms
44 timing idealTree Completed in 964ms
45 timing reify:loadTrees Completed in 966ms
46 timing reify:diffTrees Completed in 12ms
47 silly reify moves {}
48 timing reify:retireShallow Completed in 3ms
49 timing reify:createSparse Completed in 6ms
50 timing reify:loadBundles Completed in 0ms
51 silly audit bulk request {
51 silly audit   '@alloc/quick-lru': [ '5.2.0' ],
51 silly audit   '@isaacs/cliui': [ '8.0.2' ],
51 silly audit   '@jridgewell/gen-mapping': [ '0.3.3' ],
51 silly audit   '@jridgewell/resolve-uri': [ '3.1.1' ],
51 silly audit   '@jridgewell/set-array': [ '1.1.2' ],
51 silly audit   '@jridgewell/sourcemap-codec': [ '1.4.15' ],
51 silly audit   '@jridgewell/trace-mapping': [ '0.3.21' ],
51 silly audit   '@nodelib/fs.scandir': [ '2.1.5' ],
51 silly audit   '@nodelib/fs.stat': [ '2.0.5' ],
51 silly audit   '@nodelib/fs.walk': [ '1.2.8' ],
51 silly audit   '@pkgjs/parseargs': [ '0.11.0' ],
51 silly audit   'ansi-regex': [ '6.0.1', '5.0.1' ],
51 silly audit   'ansi-styles': [ '6.2.1', '4.3.0' ],
51 silly audit   'any-promise': [ '1.3.0' ],
51 silly audit   anymatch: [ '3.1.3' ],
51 silly audit   arg: [ '5.0.2' ],
51 silly audit   'balanced-match': [ '1.0.2' ],
51 silly audit   'binary-extensions': [ '2.2.0' ],
51 silly audit   'brace-expansion': [ '2.0.1' ],
51 silly audit   braces: [ '3.0.2' ],
51 silly audit   'camelcase-css': [ '2.0.1' ],
51 silly audit   chokidar: [ '3.5.3' ],
51 silly audit   'glob-parent': [ '5.1.2', '6.0.2' ],
51 silly audit   'color-convert': [ '2.0.1' ],
51 silly audit   'color-name': [ '1.1.4' ],
51 silly audit   commander: [ '4.1.1' ],
51 silly audit   'cross-spawn': [ '7.0.3' ],
51 silly audit   cssesc: [ '3.0.0' ],
51 silly audit   didyoumean: [ '1.2.2' ],
51 silly audit   dlv: [ '1.1.3' ],
51 silly audit   eastasianwidth: [ '0.2.0' ],
51 silly audit   'emoji-regex': [ '9.2.2', '8.0.0' ],
51 silly audit   'fast-glob': [ '3.3.2' ],
51 silly audit   fastq: [ '1.16.0' ],
51 silly audit   'fill-range': [ '7.0.1' ],
51 silly audit   'foreground-child': [ '3.1.1' ],
51 silly audit   fsevents: [ '2.3.3' ],
51 silly audit   'function-bind': [ '1.1.2' ],
51 silly audit   glob: [ '10.3.10' ],
51 silly audit   hasown: [ '2.0.0' ],
51 silly audit   'is-binary-path': [ '2.1.0' ],
51 silly audit   'is-core-module': [ '2.13.1' ],
51 silly audit   'is-extglob': [ '2.1.1' ],
51 silly audit   'is-fullwidth-code-point': [ '3.0.0' ],
51 silly audit   'is-glob': [ '4.0.3' ],
51 silly audit   'is-number': [ '7.0.0' ],
51 silly audit   isexe: [ '2.0.0' ],
51 silly audit   jackspeak: [ '2.3.6' ],
51 silly audit   jiti: [ '1.21.0' ],
51 silly audit   lilconfig: [ '2.1.0', '3.0.0' ],
51 silly audit   'lines-and-columns': [ '1.2.4' ],
51 silly audit   'lru-cache': [ '10.1.0' ],
51 silly audit   merge2: [ '1.4.1' ],
51 silly audit   micromatch: [ '4.0.5' ],
51 silly audit   minimatch: [ '9.0.3' ],
51 silly audit   minipass: [ '7.0.4' ],
51 silly audit   mz: [ '2.7.0' ],
51 silly audit   nanoid: [ '3.3.7' ],
51 silly audit   'normalize-path': [ '3.0.0' ],
51 silly audit   'object-assign': [ '4.1.1' ],
51 silly audit   'object-hash': [ '3.0.0' ],
51 silly audit   'path-key': [ '3.1.1' ],
51 silly audit   'path-parse': [ '1.0.7' ],
51 silly audit   'path-scurry': [ '1.10.1' ],
51 silly audit   picocolors: [ '1.0.0' ],
51 silly audit   picomatch: [ '2.3.1' ],
51 silly audit   pify: [ '2.3.0' ],
51 silly audit   pirates: [ '4.0.6' ],
51 silly audit   postcss: [ '8.4.33' ],
51 silly audit   'postcss-import': [ '15.1.0' ],
51 silly audit   'postcss-js': [ '4.0.1' ],
51 silly audit   'postcss-load-config': [ '4.0.2' ],
51 silly audit   'postcss-nested': [ '6.0.1' ],
51 silly audit   'postcss-selector-parser': [ '6.0.15' ],
51 silly audit   'postcss-value-parser': [ '4.2.0' ],
51 silly audit   'queue-microtask': [ '1.2.3' ],
51 silly audit   'read-cache': [ '1.0.0' ],
51 silly audit   readdirp: [ '3.6.0' ],
51 silly audit   resolve: [ '1.22.8' ],
51 silly audit   reusify: [ '1.0.4' ],
51 silly audit   'run-parallel': [ '1.2.0' ],
51 silly audit   'shebang-command': [ '2.0.0' ],
51 silly audit   'shebang-regex': [ '3.0.0' ],
51 silly audit   'signal-exit': [ '4.1.0' ],
51 silly audit   'source-map-js': [ '1.0.2' ],
51 silly audit   'string-width': [ '5.1.2', '4.2.3' ],
51 silly audit   'strip-ansi': [ '6.0.1', '7.1.0' ],
51 silly audit   sucrase: [ '3.35.0' ],
51 silly audit   'supports-preserve-symlinks-flag': [ '1.0.0' ],
51 silly audit   thenify: [ '3.3.1' ],
51 silly audit   'thenify-all': [ '1.6.0' ],
51 silly audit   'to-regex-range': [ '5.0.1' ],
51 silly audit   'ts-interface-checker': [ '0.1.13' ],
51 silly audit   'util-deprecate': [ '1.0.2' ],
51 silly audit   which: [ '2.0.2' ],
51 silly audit   'wrap-ansi': [ '8.1.0', '7.0.0' ],
51 silly audit   yaml: [ '2.3.4' ],
51 silly audit   tailwindcss: [ '3.4.1' ]
51 silly audit }
52 verbose reify failed optional dependency /home/ian5999/Meetingroom/node_modules/fsevents
53 silly reify mark deleted [ '/home/ian5999/Meetingroom/node_modules/fsevents' ]
54 timing reifyNode:node_modules/fsevents Completed in 11ms
55 silly tarball no local data for @pkgjs/parseargs@https://registry.npmjs.org/@pkgjs/parseargs/-/parseargs-0.11.0.tgz. Extracting by manifest.
56 http fetch POST 200 https://registry.npmjs.org/-/npm/v1/security/advisories/bulk 231ms
57 timing auditReport:getReport Completed in 239ms
58 silly audit report {}
59 timing auditReport:init Completed in 0ms
60 timing reify:audit Completed in 240ms
61 http fetch GET 200 https://registry.npmjs.org/@pkgjs/parseargs/-/parseargs-0.11.0.tgz 223ms (cache miss)
62 timing reifyNode:node_modules/@pkgjs/parseargs Completed in 258ms
63 timing reify:unpack Completed in 259ms
64 timing reify:unretire Completed in 0ms
65 timing build:queue Completed in 2ms
66 timing build:deps Completed in 2ms
67 timing build Completed in 2ms
68 timing reify:build Completed in 3ms
69 timing reify:trash Completed in 2ms
70 timing reify:save Completed in 72ms
71 timing reify Completed in 1479ms
72 silly ADD
73 silly ADD node_modules/@pkgjs/parseargs
74 timing command:install Completed in 1501ms
75 verbose exit 0
76 timing npm Completed in 2477ms
77 info ok
